memory[0]=8c010030
memory[1]=8c020034
memory[2]=8c030038
memory[3]=00232020
memory[4]=00832006
memory[5]=20440001
memory[6]=00832822
memory[7]=00a42820
memory[8]=ac050028
memory[9]=8c660002
memory[10]=ac660006
memory[11]=fc000000
memory[12]=00000032
memory[13]=0000001e
memory[14]=00000002

state after cycle 0:
	pc=4
	memory:
		mem[0] 0x8c010030	(-1946091472)
		mem[1] 0x8c020034	(-1946025932)
		mem[2] 0x8c030038	(-1945960392)
		mem[3] 0x232020	(2301984)
		mem[4] 0x832006	(8593414)
		mem[5] 0x20440001	(541327361)
		mem[6] 0x832822	(8595490)
		mem[7] 0xa42820	(10758176)
		mem[8] 0xac050028	(-1408958424)
		mem[9] 0x8c660002	(-1939472382)
		mem[10] 0xac660006	(-1402601466)
		mem[11] 0xfc000000	(-67108864)
		mem[12] 0x32	(50)
		mem[13] 0x1e	(30)
		mem[14] 0x2	(2)
	registers:
		reg[0] 0x0	(0)
		reg[1] 0x32	(50)
		reg[2] 0x0	(0)
		reg[3] 0x0	(0)
		reg[4] 0x0	(0)
		reg[5] 0x0	(0)
		reg[6] 0x0	(0)
		reg[7] 0x0	(0)
		reg[8] 0x0	(0)
		reg[9] 0x0	(0)
		reg[10] 0x0	(0)
		reg[11] 0x0	(0)
		reg[12] 0x0	(0)
		reg[13] 0x0	(0)
		reg[14] 0x0	(0)
		reg[15] 0x0	(0)
		reg[16] 0x0	(0)
		reg[17] 0x0	(0)
		reg[18] 0x0	(0)
		reg[19] 0x0	(0)
		reg[20] 0x0	(0)
		reg[21] 0x0	(0)
		reg[22] 0x0	(0)
		reg[23] 0x0	(0)
		reg[24] 0x0	(0)
		reg[25] 0x0	(0)
		reg[26] 0x0	(0)
		reg[27] 0x0	(0)
		reg[28] 0x0	(0)
		reg[29] 0x0	(0)
		reg[30] 0x0	(0)
		reg[31] 0x0	(0)

state after cycle 1:
	pc=8
	memory:
		mem[0] 0x8c010030	(-1946091472)
		mem[1] 0x8c020034	(-1946025932)
		mem[2] 0x8c030038	(-1945960392)
		mem[3] 0x232020	(2301984)
		mem[4] 0x832006	(8593414)
		mem[5] 0x20440001	(541327361)
		mem[6] 0x832822	(8595490)
		mem[7] 0xa42820	(10758176)
		mem[8] 0xac050028	(-1408958424)
		mem[9] 0x8c660002	(-1939472382)
		mem[10] 0xac660006	(-1402601466)
		mem[11] 0xfc000000	(-67108864)
		mem[12] 0x32	(50)
		mem[13] 0x1e	(30)
		mem[14] 0x2	(2)
	registers:
		reg[0] 0x0	(0)
		reg[1] 0x32	(50)
		reg[2] 0x1e	(30)
		reg[3] 0x0	(0)
		reg[4] 0x0	(0)
		reg[5] 0x0	(0)
		reg[6] 0x0	(0)
		reg[7] 0x0	(0)
		reg[8] 0x0	(0)
		reg[9] 0x0	(0)
		reg[10] 0x0	(0)
		reg[11] 0x0	(0)
		reg[12] 0x0	(0)
		reg[13] 0x0	(0)
		reg[14] 0x0	(0)
		reg[15] 0x0	(0)
		reg[16] 0x0	(0)
		reg[17] 0x0	(0)
		reg[18] 0x0	(0)
		reg[19] 0x0	(0)
		reg[20] 0x0	(0)
		reg[21] 0x0	(0)
		reg[22] 0x0	(0)
		reg[23] 0x0	(0)
		reg[24] 0x0	(0)
		reg[25] 0x0	(0)
		reg[26] 0x0	(0)
		reg[27] 0x0	(0)
		reg[28] 0x0	(0)
		reg[29] 0x0	(0)
		reg[30] 0x0	(0)
		reg[31] 0x0	(0)

state after cycle 2:
	pc=12
	memory:
		mem[0] 0x8c010030	(-1946091472)
		mem[1] 0x8c020034	(-1946025932)
		mem[2] 0x8c030038	(-1945960392)
		mem[3] 0x232020	(2301984)
		mem[4] 0x832006	(8593414)
		mem[5] 0x20440001	(541327361)
		mem[6] 0x832822	(8595490)
		mem[7] 0xa42820	(10758176)
		mem[8] 0xac050028	(-1408958424)
		mem[9] 0x8c660002	(-1939472382)
		mem[10] 0xac660006	(-1402601466)
		mem[11] 0xfc000000	(-67108864)
		mem[12] 0x32	(50)
		mem[13] 0x1e	(30)
		mem[14] 0x2	(2)
	registers:
		reg[0] 0x0	(0)
		reg[1] 0x32	(50)
		reg[2] 0x1e	(30)
		reg[3] 0x2	(2)
		reg[4] 0x0	(0)
		reg[5] 0x0	(0)
		reg[6] 0x0	(0)
		reg[7] 0x0	(0)
		reg[8] 0x0	(0)
		reg[9] 0x0	(0)
		reg[10] 0x0	(0)
		reg[11] 0x0	(0)
		reg[12] 0x0	(0)
		reg[13] 0x0	(0)
		reg[14] 0x0	(0)
		reg[15] 0x0	(0)
		reg[16] 0x0	(0)
		reg[17] 0x0	(0)
		reg[18] 0x0	(0)
		reg[19] 0x0	(0)
		reg[20] 0x0	(0)
		reg[21] 0x0	(0)
		reg[22] 0x0	(0)
		reg[23] 0x0	(0)
		reg[24] 0x0	(0)
		reg[25] 0x0	(0)
		reg[26] 0x0	(0)
		reg[27] 0x0	(0)
		reg[28] 0x0	(0)
		reg[29] 0x0	(0)
		reg[30] 0x0	(0)
		reg[31] 0x0	(0)

state after cycle 3:
	pc=16
	memory:
		mem[0] 0x8c010030	(-1946091472)
		mem[1] 0x8c020034	(-1946025932)
		mem[2] 0x8c030038	(-1945960392)
		mem[3] 0x232020	(2301984)
		mem[4] 0x832006	(8593414)
		mem[5] 0x20440001	(541327361)
		mem[6] 0x832822	(8595490)
		mem[7] 0xa42820	(10758176)
		mem[8] 0xac050028	(-1408958424)
		mem[9] 0x8c660002	(-1939472382)
		mem[10] 0xac660006	(-1402601466)
		mem[11] 0xfc000000	(-67108864)
		mem[12] 0x32	(50)
		mem[13] 0x1e	(30)
		mem[14] 0x2	(2)
	registers:
		reg[0] 0x0	(0)
		reg[1] 0x32	(50)
		reg[2] 0x1e	(30)
		reg[3] 0x2	(2)
		reg[4] 0x34	(52)
		reg[5] 0x0	(0)
		reg[6] 0x0	(0)
		reg[7] 0x0	(0)
		reg[8] 0x0	(0)
		reg[9] 0x0	(0)
		reg[10] 0x0	(0)
		reg[11] 0x0	(0)
		reg[12] 0x0	(0)
		reg[13] 0x0	(0)
		reg[14] 0x0	(0)
		reg[15] 0x0	(0)
		reg[16] 0x0	(0)
		reg[17] 0x0	(0)
		reg[18] 0x0	(0)
		reg[19] 0x0	(0)
		reg[20] 0x0	(0)
		reg[21] 0x0	(0)
		reg[22] 0x0	(0)
		reg[23] 0x0	(0)
		reg[24] 0x0	(0)
		reg[25] 0x0	(0)
		reg[26] 0x0	(0)
		reg[27] 0x0	(0)
		reg[28] 0x0	(0)
		reg[29] 0x0	(0)
		reg[30] 0x0	(0)
		reg[31] 0x0	(0)

state after cycle 4:
	pc=20
	memory:
		mem[0] 0x8c010030	(-1946091472)
		mem[1] 0x8c020034	(-1946025932)
		mem[2] 0x8c030038	(-1945960392)
		mem[3] 0x232020	(2301984)
		mem[4] 0x832006	(8593414)
		mem[5] 0x20440001	(541327361)
		mem[6] 0x832822	(8595490)
		mem[7] 0xa42820	(10758176)
		mem[8] 0xac050028	(-1408958424)
		mem[9] 0x8c660002	(-1939472382)
		mem[10] 0xac660006	(-1402601466)
		mem[11] 0xfc000000	(-67108864)
		mem[12] 0x32	(50)
		mem[13] 0x1e	(30)
		mem[14] 0x2	(2)
	registers:
		reg[0] 0x0	(0)
		reg[1] 0x32	(50)
		reg[2] 0x1e	(30)
		reg[3] 0x2	(2)
		reg[4] 0xd	(13)
		reg[5] 0x0	(0)
		reg[6] 0x0	(0)
		reg[7] 0x0	(0)
		reg[8] 0x0	(0)
		reg[9] 0x0	(0)
		reg[10] 0x0	(0)
		reg[11] 0x0	(0)
		reg[12] 0x0	(0)
		reg[13] 0x0	(0)
		reg[14] 0x0	(0)
		reg[15] 0x0	(0)
		reg[16] 0x0	(0)
		reg[17] 0x0	(0)
		reg[18] 0x0	(0)
		reg[19] 0x0	(0)
		reg[20] 0x0	(0)
		reg[21] 0x0	(0)
		reg[22] 0x0	(0)
		reg[23] 0x0	(0)
		reg[24] 0x0	(0)
		reg[25] 0x0	(0)
		reg[26] 0x0	(0)
		reg[27] 0x0	(0)
		reg[28] 0x0	(0)
		reg[29] 0x0	(0)
		reg[30] 0x0	(0)
		reg[31] 0x0	(0)

state after cycle 5:
	pc=24
	memory:
		mem[0] 0x8c010030	(-1946091472)
		mem[1] 0x8c020034	(-1946025932)
		mem[2] 0x8c030038	(-1945960392)
		mem[3] 0x232020	(2301984)
		mem[4] 0x832006	(8593414)
		mem[5] 0x20440001	(541327361)
		mem[6] 0x832822	(8595490)
		mem[7] 0xa42820	(10758176)
		mem[8] 0xac050028	(-1408958424)
		mem[9] 0x8c660002	(-1939472382)
		mem[10] 0xac660006	(-1402601466)
		mem[11] 0xfc000000	(-67108864)
		mem[12] 0x32	(50)
		mem[13] 0x1e	(30)
		mem[14] 0x2	(2)
	registers:
		reg[0] 0x0	(0)
		reg[1] 0x32	(50)
		reg[2] 0x1e	(30)
		reg[3] 0x2	(2)
		reg[4] 0x1f	(31)
		reg[5] 0x0	(0)
		reg[6] 0x0	(0)
		reg[7] 0x0	(0)
		reg[8] 0x0	(0)
		reg[9] 0x0	(0)
		reg[10] 0x0	(0)
		reg[11] 0x0	(0)
		reg[12] 0x0	(0)
		reg[13] 0x0	(0)
		reg[14] 0x0	(0)
		reg[15] 0x0	(0)
		reg[16] 0x0	(0)
		reg[17] 0x0	(0)
		reg[18] 0x0	(0)
		reg[19] 0x0	(0)
		reg[20] 0x0	(0)
		reg[21] 0x0	(0)
		reg[22] 0x0	(0)
		reg[23] 0x0	(0)
		reg[24] 0x0	(0)
		reg[25] 0x0	(0)
		reg[26] 0x0	(0)
		reg[27] 0x0	(0)
		reg[28] 0x0	(0)
		reg[29] 0x0	(0)
		reg[30] 0x0	(0)
		reg[31] 0x0	(0)

state after cycle 6:
	pc=28
	memory:
		mem[0] 0x8c010030	(-1946091472)
		mem[1] 0x8c020034	(-1946025932)
		mem[2] 0x8c030038	(-1945960392)
		mem[3] 0x232020	(2301984)
		mem[4] 0x832006	(8593414)
		mem[5] 0x20440001	(541327361)
		mem[6] 0x832822	(8595490)
		mem[7] 0xa42820	(10758176)
		mem[8] 0xac050028	(-1408958424)
		mem[9] 0x8c660002	(-1939472382)
		mem[10] 0xac660006	(-1402601466)
		mem[11] 0xfc000000	(-67108864)
		mem[12] 0x32	(50)
		mem[13] 0x1e	(30)
		mem[14] 0x2	(2)
	registers:
		reg[0] 0x0	(0)
		reg[1] 0x32	(50)
		reg[2] 0x1e	(30)
		reg[3] 0x2	(2)
		reg[4] 0x1f	(31)
		reg[5] 0x1d	(29)
		reg[6] 0x0	(0)
		reg[7] 0x0	(0)
		reg[8] 0x0	(0)
		reg[9] 0x0	(0)
		reg[10] 0x0	(0)
		reg[11] 0x0	(0)
		reg[12] 0x0	(0)
		reg[13] 0x0	(0)
		reg[14] 0x0	(0)
		reg[15] 0x0	(0)
		reg[16] 0x0	(0)
		reg[17] 0x0	(0)
		reg[18] 0x0	(0)
		reg[19] 0x0	(0)
		reg[20] 0x0	(0)
		reg[21] 0x0	(0)
		reg[22] 0x0	(0)
		reg[23] 0x0	(0)
		reg[24] 0x0	(0)
		reg[25] 0x0	(0)
		reg[26] 0x0	(0)
		reg[27] 0x0	(0)
		reg[28] 0x0	(0)
		reg[29] 0x0	(0)
		reg[30] 0x0	(0)
		reg[31] 0x0	(0)

state after cycle 7:
	pc=32
	memory:
		mem[0] 0x8c010030	(-1946091472)
		mem[1] 0x8c020034	(-1946025932)
		mem[2] 0x8c030038	(-1945960392)
		mem[3] 0x232020	(2301984)
		mem[4] 0x832006	(8593414)
		mem[5] 0x20440001	(541327361)
		mem[6] 0x832822	(8595490)
		mem[7] 0xa42820	(10758176)
		mem[8] 0xac050028	(-1408958424)
		mem[9] 0x8c660002	(-1939472382)
		mem[10] 0xac660006	(-1402601466)
		mem[11] 0xfc000000	(-67108864)
		mem[12] 0x32	(50)
		mem[13] 0x1e	(30)
		mem[14] 0x2	(2)
	registers:
		reg[0] 0x0	(0)
		reg[1] 0x32	(50)
		reg[2] 0x1e	(30)
		reg[3] 0x2	(2)
		reg[4] 0x1f	(31)
		reg[5] 0x3c	(60)
		reg[6] 0x0	(0)
		reg[7] 0x0	(0)
		reg[8] 0x0	(0)
		reg[9] 0x0	(0)
		reg[10] 0x0	(0)
		reg[11] 0x0	(0)
		reg[12] 0x0	(0)
		reg[13] 0x0	(0)
		reg[14] 0x0	(0)
		reg[15] 0x0	(0)
		reg[16] 0x0	(0)
		reg[17] 0x0	(0)
		reg[18] 0x0	(0)
		reg[19] 0x0	(0)
		reg[20] 0x0	(0)
		reg[21] 0x0	(0)
		reg[22] 0x0	(0)
		reg[23] 0x0	(0)
		reg[24] 0x0	(0)
		reg[25] 0x0	(0)
		reg[26] 0x0	(0)
		reg[27] 0x0	(0)
		reg[28] 0x0	(0)
		reg[29] 0x0	(0)
		reg[30] 0x0	(0)
		reg[31] 0x0	(0)

state after cycle 8:
	pc=36
	memory:
		mem[0] 0x8c010030	(-1946091472)
		mem[1] 0x8c020034	(-1946025932)
		mem[2] 0x8c030038	(-1945960392)
		mem[3] 0x232020	(2301984)
		mem[4] 0x832006	(8593414)
		mem[5] 0x20440001	(541327361)
		mem[6] 0x832822	(8595490)
		mem[7] 0xa42820	(10758176)
		mem[8] 0xac050028	(-1408958424)
		mem[9] 0x8c660002	(-1939472382)
		mem[10] 0x3c	(60)
		mem[11] 0xfc000000	(-67108864)
		mem[12] 0x32	(50)
		mem[13] 0x1e	(30)
		mem[14] 0x2	(2)
	registers:
		reg[0] 0x0	(0)
		reg[1] 0x32	(50)
		reg[2] 0x1e	(30)
		reg[3] 0x2	(2)
		reg[4] 0x1f	(31)
		reg[5] 0x3c	(60)
		reg[6] 0x0	(0)
		reg[7] 0x0	(0)
		reg[8] 0x0	(0)
		reg[9] 0x0	(0)
		reg[10] 0x0	(0)
		reg[11] 0x0	(0)
		reg[12] 0x0	(0)
		reg[13] 0x0	(0)
		reg[14] 0x0	(0)
		reg[15] 0x0	(0)
		reg[16] 0x0	(0)
		reg[17] 0x0	(0)
		reg[18] 0x0	(0)
		reg[19] 0x0	(0)
		reg[20] 0x0	(0)
		reg[21] 0x0	(0)
		reg[22] 0x0	(0)
		reg[23] 0x0	(0)
		reg[24] 0x0	(0)
		reg[25] 0x0	(0)
		reg[26] 0x0	(0)
		reg[27] 0x0	(0)
		reg[28] 0x0	(0)
		reg[29] 0x0	(0)
		reg[30] 0x0	(0)
		reg[31] 0x0	(0)

state after cycle 9:
	pc=40
	memory:
		mem[0] 0x8c010030	(-1946091472)
		mem[1] 0x8c020034	(-1946025932)
		mem[2] 0x8c030038	(-1945960392)
		mem[3] 0x232020	(2301984)
		mem[4] 0x832006	(8593414)
		mem[5] 0x20440001	(541327361)
		mem[6] 0x832822	(8595490)
		mem[7] 0xa42820	(10758176)
		mem[8] 0xac050028	(-1408958424)
		mem[9] 0x8c660002	(-1939472382)
		mem[10] 0x3c	(60)
		mem[11] 0xfc000000	(-67108864)
		mem[12] 0x32	(50)
		mem[13] 0x1e	(30)
		mem[14] 0x2	(2)
	registers:
		reg[0] 0x0	(0)
		reg[1] 0x32	(50)
		reg[2] 0x1e	(30)
		reg[3] 0x2	(2)
		reg[4] 0x1f	(31)
		reg[5] 0x3c	(60)
		reg[6] 0x8c020034	(-1946025932)
		reg[7] 0x0	(0)
		reg[8] 0x0	(0)
		reg[9] 0x0	(0)
		reg[10] 0x0	(0)
		reg[11] 0x0	(0)
		reg[12] 0x0	(0)
		reg[13] 0x0	(0)
		reg[14] 0x0	(0)
		reg[15] 0x0	(0)
		reg[16] 0x0	(0)
		reg[17] 0x0	(0)
		reg[18] 0x0	(0)
		reg[19] 0x0	(0)
		reg[20] 0x0	(0)
		reg[21] 0x0	(0)
		reg[22] 0x0	(0)
		reg[23] 0x0	(0)
		reg[24] 0x0	(0)
		reg[25] 0x0	(0)
		reg[26] 0x0	(0)
		reg[27] 0x0	(0)
		reg[28] 0x0	(0)
		reg[29] 0x0	(0)
		reg[30] 0x0	(0)
		reg[31] 0x0	(0)

state after cycle 10:
	pc=44
	memory:
		mem[0] 0x8c010030	(-1946091472)
		mem[1] 0x8c020034	(-1946025932)
		mem[2] 0x8c030038	(-1945960392)
		mem[3] 0x232020	(2301984)
		mem[4] 0x832006	(8593414)
		mem[5] 0x20440001	(541327361)
		mem[6] 0x832822	(8595490)
		mem[7] 0xa42820	(10758176)
		mem[8] 0xac050028	(-1408958424)
		mem[9] 0x8c660002	(-1939472382)
		mem[10] 0x3c	(60)
		mem[11] 0xfc000000	(-67108864)
		mem[12] 0x32	(50)
		mem[13] 0x1e	(30)
		mem[14] 0x2	(2)
	registers:
		reg[0] 0x0	(0)
		reg[1] 0x32	(50)
		reg[2] 0x1e	(30)
		reg[3] 0x2	(2)
		reg[4] 0x1f	(31)
		reg[5] 0x3c	(60)
		reg[6] 0x8c020034	(-1946025932)
		reg[7] 0x0	(0)
		reg[8] 0x0	(0)
		reg[9] 0x0	(0)
		reg[10] 0x0	(0)
		reg[11] 0x0	(0)
		reg[12] 0x0	(0)
		reg[13] 0x0	(0)
		reg[14] 0x0	(0)
		reg[15] 0x0	(0)
		reg[16] 0x0	(0)
		reg[17] 0x0	(0)
		reg[18] 0x0	(0)
		reg[19] 0x0	(0)
		reg[20] 0x0	(0)
		reg[21] 0x0	(0)
		reg[22] 0x0	(0)
		reg[23] 0x0	(0)
		reg[24] 0x0	(0)
		reg[25] 0x0	(0)
		reg[26] 0x0	(0)
		reg[27] 0x0	(0)
		reg[28] 0x0	(0)
		reg[29] 0x0	(0)
		reg[30] 0x0	(0)
		reg[31] 0x0	(0)

machine halted
total of 12 instructions executed
state after cycle 11:
	pc=48
	memory:
		mem[0] 0x8c010030	(-1946091472)
		mem[1] 0x8c020034	(-1946025932)
		mem[2] 0x8c030038	(-1945960392)
		mem[3] 0x232020	(2301984)
		mem[4] 0x832006	(8593414)
		mem[5] 0x20440001	(541327361)
		mem[6] 0x832822	(8595490)
		mem[7] 0xa42820	(10758176)
		mem[8] 0xac050028	(-1408958424)
		mem[9] 0x8c660002	(-1939472382)
		mem[10] 0x3c	(60)
		mem[11] 0xfc000000	(-67108864)
		mem[12] 0x32	(50)
		mem[13] 0x1e	(30)
		mem[14] 0x2	(2)
	registers:
		reg[0] 0x0	(0)
		reg[1] 0x32	(50)
		reg[2] 0x1e	(30)
		reg[3] 0x2	(2)
		reg[4] 0x1f	(31)
		reg[5] 0x3c	(60)
		reg[6] 0x8c020034	(-1946025932)
		reg[7] 0x0	(0)
		reg[8] 0x0	(0)
		reg[9] 0x0	(0)
		reg[10] 0x0	(0)
		reg[11] 0x0	(0)
		reg[12] 0x0	(0)
		reg[13] 0x0	(0)
		reg[14] 0x0	(0)
		reg[15] 0x0	(0)
		reg[16] 0x0	(0)
		reg[17] 0x0	(0)
		reg[18] 0x0	(0)
		reg[19] 0x0	(0)
		reg[20] 0x0	(0)
		reg[21] 0x0	(0)
		reg[22] 0x0	(0)
		reg[23] 0x0	(0)
		reg[24] 0x0	(0)
		reg[25] 0x0	(0)
		reg[26] 0x0	(0)
		reg[27] 0x0	(0)
		reg[28] 0x0	(0)
		reg[29] 0x0	(0)
		reg[30] 0x0	(0)
		reg[31] 0x0	(0)

