memory[0]=00000820
memory[1]=8c020048
memory[2]=8c030044
memory[3]=20050001
memory[4]=20060008
memory[5]=2007ffff
memory[6]=20080001
memory[7]=00452024
memory[8]=10800004
memory[9]=00610820
memory[10]=00681804
memory[11]=00a82804
memory[12]=00e63020
memory[13]=10c00004
memory[14]=1000ffe0
memory[15]=ac01004c
memory[16]=fc000000
memory[17]=075bcd15
memory[18]=075bcd15
memory[19]=00000000

state after cycle 0:
	pc=4
	memory:
		mem[0] 0x820	(2080)
		mem[1] 0x8c020048	(-1946025912)
		mem[2] 0x8c030044	(-1945960380)
		mem[3] 0x20050001	(537198593)
		mem[4] 0x20060008	(537264136)
		mem[5] 0x2007ffff	(537395199)
		mem[6] 0x20080001	(537395201)
		mem[7] 0x452024	(4530212)
		mem[8] 0x10800004	(276824068)
		mem[9] 0x610820	(6359072)
		mem[10] 0x681804	(6821892)
		mem[11] 0xa82804	(11020292)
		mem[12] 0xe63020	(15085600)
		mem[13] 0x10c00004	(281018372)
		mem[14] 0x1000ffe0	(268500960)
		mem[15] 0xac01004c	(-1409220532)
		mem[16] 0xfc000000	(-67108864)
		mem[17] 0x75bcd15	(123456789)
		mem[18] 0x75bcd15	(123456789)
		mem[19] 0x0	(0)
	registers:
		reg[0] 0x0	(0)
		reg[1] 0x0	(0)
		reg[2] 0x0	(0)
		reg[3] 0x0	(0)
		reg[4] 0x0	(0)
		reg[5] 0x0	(0)
		reg[6] 0x0	(0)
		reg[7] 0x0	(0)
		reg[8] 0x0	(0)
		reg[9] 0x0	(0)
		reg[10] 0x0	(0)
		reg[11] 0x0	(0)
		reg[12] 0x0	(0)
		reg[13] 0x0	(0)
		reg[14] 0x0	(0)
		reg[15] 0x0	(0)
		reg[16] 0x0	(0)
		reg[17] 0x0	(0)
		reg[18] 0x0	(0)
		reg[19] 0x0	(0)
		reg[20] 0x0	(0)
		reg[21] 0x0	(0)
		reg[22] 0x0	(0)
		reg[23] 0x0	(0)
		reg[24] 0x0	(0)
		reg[25] 0x0	(0)
		reg[26] 0x0	(0)
		reg[27] 0x0	(0)
		reg[28] 0x0	(0)
		reg[29] 0x0	(0)
		reg[30] 0x0	(0)
		reg[31] 0x0	(0)

state after cycle 1:
	pc=8
	memory:
		mem[0] 0x820	(2080)
		mem[1] 0x8c020048	(-1946025912)
		mem[2] 0x8c030044	(-1945960380)
		mem[3] 0x20050001	(537198593)
		mem[4] 0x20060008	(537264136)
		mem[5] 0x2007ffff	(537395199)
		mem[6] 0x20080001	(537395201)
		mem[7] 0x452024	(4530212)
		mem[8] 0x10800004	(276824068)
		mem[9] 0x610820	(6359072)
		mem[10] 0x681804	(6821892)
		mem[11] 0xa82804	(11020292)
		mem[12] 0xe63020	(15085600)
		mem[13] 0x10c00004	(281018372)
		mem[14] 0x1000ffe0	(268500960)
		mem[15] 0xac01004c	(-1409220532)
		mem[16] 0xfc000000	(-67108864)
		mem[17] 0x75bcd15	(123456789)
		mem[18] 0x75bcd15	(123456789)
		mem[19] 0x0	(0)
	registers:
		reg[0] 0x0	(0)
		reg[1] 0x0	(0)
		reg[2] 0x75bcd15	(123456789)
		reg[3] 0x0	(0)
		reg[4] 0x0	(0)
		reg[5] 0x0	(0)
		reg[6] 0x0	(0)
		reg[7] 0x0	(0)
		reg[8] 0x0	(0)
		reg[9] 0x0	(0)
		reg[10] 0x0	(0)
		reg[11] 0x0	(0)
		reg[12] 0x0	(0)
		reg[13] 0x0	(0)
		reg[14] 0x0	(0)
		reg[15] 0x0	(0)
		reg[16] 0x0	(0)
		reg[17] 0x0	(0)
		reg[18] 0x0	(0)
		reg[19] 0x0	(0)
		reg[20] 0x0	(0)
		reg[21] 0x0	(0)
		reg[22] 0x0	(0)
		reg[23] 0x0	(0)
		reg[24] 0x0	(0)
		reg[25] 0x0	(0)
		reg[26] 0x0	(0)
		reg[27] 0x0	(0)
		reg[28] 0x0	(0)
		reg[29] 0x0	(0)
		reg[30] 0x0	(0)
		reg[31] 0x0	(0)

state after cycle 2:
	pc=12
	memory:
		mem[0] 0x820	(2080)
		mem[1] 0x8c020048	(-1946025912)
		mem[2] 0x8c030044	(-1945960380)
		mem[3] 0x20050001	(537198593)
		mem[4] 0x20060008	(537264136)
		mem[5] 0x2007ffff	(537395199)
		mem[6] 0x20080001	(537395201)
		mem[7] 0x452024	(4530212)
		mem[8] 0x10800004	(276824068)
		mem[9] 0x610820	(6359072)
		mem[10] 0x681804	(6821892)
		mem[11] 0xa82804	(11020292)
		mem[12] 0xe63020	(15085600)
		mem[13] 0x10c00004	(281018372)
		mem[14] 0x1000ffe0	(268500960)
		mem[15] 0xac01004c	(-1409220532)
		mem[16] 0xfc000000	(-67108864)
		mem[17] 0x75bcd15	(123456789)
		mem[18] 0x75bcd15	(123456789)
		mem[19] 0x0	(0)
	registers:
		reg[0] 0x0	(0)
		reg[1] 0x0	(0)
		reg[2] 0x75bcd15	(123456789)
		reg[3] 0x75bcd15	(123456789)
		reg[4] 0x0	(0)
		reg[5] 0x0	(0)
		reg[6] 0x0	(0)
		reg[7] 0x0	(0)
		reg[8] 0x0	(0)
		reg[9] 0x0	(0)
		reg[10] 0x0	(0)
		reg[11] 0x0	(0)
		reg[12] 0x0	(0)
		reg[13] 0x0	(0)
		reg[14] 0x0	(0)
		reg[15] 0x0	(0)
		reg[16] 0x0	(0)
		reg[17] 0x0	(0)
		reg[18] 0x0	(0)
		reg[19] 0x0	(0)
		reg[20] 0x0	(0)
		reg[21] 0x0	(0)
		reg[22] 0x0	(0)
		reg[23] 0x0	(0)
		reg[24] 0x0	(0)
		reg[25] 0x0	(0)
		reg[26] 0x0	(0)
		reg[27] 0x0	(0)
		reg[28] 0x0	(0)
		reg[29] 0x0	(0)
		reg[30] 0x0	(0)
		reg[31] 0x0	(0)

state after cycle 3:
	pc=16
	memory:
		mem[0] 0x820	(2080)
		mem[1] 0x8c020048	(-1946025912)
		mem[2] 0x8c030044	(-1945960380)
		mem[3] 0x20050001	(537198593)
		mem[4] 0x20060008	(537264136)
		mem[5] 0x2007ffff	(537395199)
		mem[6] 0x20080001	(537395201)
		mem[7] 0x452024	(4530212)
		mem[8] 0x10800004	(276824068)
		mem[9] 0x610820	(6359072)
		mem[10] 0x681804	(6821892)
		mem[11] 0xa82804	(11020292)
		mem[12] 0xe63020	(15085600)
		mem[13] 0x10c00004	(281018372)
		mem[14] 0x1000ffe0	(268500960)
		mem[15] 0xac01004c	(-1409220532)
		mem[16] 0xfc000000	(-67108864)
		mem[17] 0x75bcd15	(123456789)
		mem[18] 0x75bcd15	(123456789)
		mem[19] 0x0	(0)
	registers:
		reg[0] 0x0	(0)
		reg[1] 0x0	(0)
		reg[2] 0x75bcd15	(123456789)
		reg[3] 0x75bcd15	(123456789)
		reg[4] 0x0	(0)
		reg[5] 0x1	(1)
		reg[6] 0x0	(0)
		reg[7] 0x0	(0)
		reg[8] 0x0	(0)
		reg[9] 0x0	(0)
		reg[10] 0x0	(0)
		reg[11] 0x0	(0)
		reg[12] 0x0	(0)
		reg[13] 0x0	(0)
		reg[14] 0x0	(0)
		reg[15] 0x0	(0)
		reg[16] 0x0	(0)
		reg[17] 0x0	(0)
		reg[18] 0x0	(0)
		reg[19] 0x0	(0)
		reg[20] 0x0	(0)
		reg[21] 0x0	(0)
		reg[22] 0x0	(0)
		reg[23] 0x0	(0)
		reg[24] 0x0	(0)
		reg[25] 0x0	(0)
		reg[26] 0x0	(0)
		reg[27] 0x0	(0)
		reg[28] 0x0	(0)
		reg[29] 0x0	(0)
		reg[30] 0x0	(0)
		reg[31] 0x0	(0)

state after cycle 4:
	pc=20
	memory:
		mem[0] 0x820	(2080)
		mem[1] 0x8c020048	(-1946025912)
		mem[2] 0x8c030044	(-1945960380)
		mem[3] 0x20050001	(537198593)
		mem[4] 0x20060008	(537264136)
		mem[5] 0x2007ffff	(537395199)
		mem[6] 0x20080001	(537395201)
		mem[7] 0x452024	(4530212)
		mem[8] 0x10800004	(276824068)
		mem[9] 0x610820	(6359072)
		mem[10] 0x681804	(6821892)
		mem[11] 0xa82804	(11020292)
		mem[12] 0xe63020	(15085600)
		mem[13] 0x10c00004	(281018372)
		mem[14] 0x1000ffe0	(268500960)
		mem[15] 0xac01004c	(-1409220532)
		mem[16] 0xfc000000	(-67108864)
		mem[17] 0x75bcd15	(123456789)
		mem[18] 0x75bcd15	(123456789)
		mem[19] 0x0	(0)
	registers:
		reg[0] 0x0	(0)
		reg[1] 0x0	(0)
		reg[2] 0x75bcd15	(123456789)
		reg[3] 0x75bcd15	(123456789)
		reg[4] 0x0	(0)
		reg[5] 0x1	(1)
		reg[6] 0x8	(8)
		reg[7] 0x0	(0)
		reg[8] 0x0	(0)
		reg[9] 0x0	(0)
		reg[10] 0x0	(0)
		reg[11] 0x0	(0)
		reg[12] 0x0	(0)
		reg[13] 0x0	(0)
		reg[14] 0x0	(0)
		reg[15] 0x0	(0)
		reg[16] 0x0	(0)
		reg[17] 0x0	(0)
		reg[18] 0x0	(0)
		reg[19] 0x0	(0)
		reg[20] 0x0	(0)
		reg[21] 0x0	(0)
		reg[22] 0x0	(0)
		reg[23] 0x0	(0)
		reg[24] 0x0	(0)
		reg[25] 0x0	(0)
		reg[26] 0x0	(0)
		reg[27] 0x0	(0)
		reg[28] 0x0	(0)
		reg[29] 0x0	(0)
		reg[30] 0x0	(0)
		reg[31] 0x0	(0)

state after cycle 5:
	pc=24
	memory:
		mem[0] 0x820	(2080)
		mem[1] 0x8c020048	(-1946025912)
		mem[2] 0x8c030044	(-1945960380)
		mem[3] 0x20050001	(537198593)
		mem[4] 0x20060008	(537264136)
		mem[5] 0x2007ffff	(537395199)
		mem[6] 0x20080001	(537395201)
		mem[7] 0x452024	(4530212)
		mem[8] 0x10800004	(276824068)
		mem[9] 0x610820	(6359072)
		mem[10] 0x681804	(6821892)
		mem[11] 0xa82804	(11020292)
		mem[12] 0xe63020	(15085600)
		mem[13] 0x10c00004	(281018372)
		mem[14] 0x1000ffe0	(268500960)
		mem[15] 0xac01004c	(-1409220532)
		mem[16] 0xfc000000	(-67108864)
		mem[17] 0x75bcd15	(123456789)
		mem[18] 0x75bcd15	(123456789)
		mem[19] 0x0	(0)
	registers:
		reg[0] 0x0	(0)
		reg[1] 0x0	(0)
		reg[2] 0x75bcd15	(123456789)
		reg[3] 0x75bcd15	(123456789)
		reg[4] 0x0	(0)
		reg[5] 0x1	(1)
		reg[6] 0x8	(8)
		reg[7] 0xffffffff	(-1)
		reg[8] 0x0	(0)
		reg[9] 0x0	(0)
		reg[10] 0x0	(0)
		reg[11] 0x0	(0)
		reg[12] 0x0	(0)
		reg[13] 0x0	(0)
		reg[14] 0x0	(0)
		reg[15] 0x0	(0)
		reg[16] 0x0	(0)
		reg[17] 0x0	(0)
		reg[18] 0x0	(0)
		reg[19] 0x0	(0)
		reg[20] 0x0	(0)
		reg[21] 0x0	(0)
		reg[22] 0x0	(0)
		reg[23] 0x0	(0)
		reg[24] 0x0	(0)
		reg[25] 0x0	(0)
		reg[26] 0x0	(0)
		reg[27] 0x0	(0)
		reg[28] 0x0	(0)
		reg[29] 0x0	(0)
		reg[30] 0x0	(0)
		reg[31] 0x0	(0)

state after cycle 6:
	pc=28
	memory:
		mem[0] 0x820	(2080)
		mem[1] 0x8c020048	(-1946025912)
		mem[2] 0x8c030044	(-1945960380)
		mem[3] 0x20050001	(537198593)
		mem[4] 0x20060008	(537264136)
		mem[5] 0x2007ffff	(537395199)
		mem[6] 0x20080001	(537395201)
		mem[7] 0x452024	(4530212)
		mem[8] 0x10800004	(276824068)
		mem[9] 0x610820	(6359072)
		mem[10] 0x681804	(6821892)
		mem[11] 0xa82804	(11020292)
		mem[12] 0xe63020	(15085600)
		mem[13] 0x10c00004	(281018372)
		mem[14] 0x1000ffe0	(268500960)
		mem[15] 0xac01004c	(-1409220532)
		mem[16] 0xfc000000	(-67108864)
		mem[17] 0x75bcd15	(123456789)
		mem[18] 0x75bcd15	(123456789)
		mem[19] 0x0	(0)
	registers:
		reg[0] 0x0	(0)
		reg[1] 0x0	(0)
		reg[2] 0x75bcd15	(123456789)
		reg[3] 0x75bcd15	(123456789)
		reg[4] 0x0	(0)
		reg[5] 0x1	(1)
		reg[6] 0x8	(8)
		reg[7] 0xffffffff	(-1)
		reg[8] 0x1	(1)
		reg[9] 0x0	(0)
		reg[10] 0x0	(0)
		reg[11] 0x0	(0)
		reg[12] 0x0	(0)
		reg[13] 0x0	(0)
		reg[14] 0x0	(0)
		reg[15] 0x0	(0)
		reg[16] 0x0	(0)
		reg[17] 0x0	(0)
		reg[18] 0x0	(0)
		reg[19] 0x0	(0)
		reg[20] 0x0	(0)
		reg[21] 0x0	(0)
		reg[22] 0x0	(0)
		reg[23] 0x0	(0)
		reg[24] 0x0	(0)
		reg[25] 0x0	(0)
		reg[26] 0x0	(0)
		reg[27] 0x0	(0)
		reg[28] 0x0	(0)
		reg[29] 0x0	(0)
		reg[30] 0x0	(0)
		reg[31] 0x0	(0)

state after cycle 7:
	pc=32
	memory:
		mem[0] 0x820	(2080)
		mem[1] 0x8c020048	(-1946025912)
		mem[2] 0x8c030044	(-1945960380)
		mem[3] 0x20050001	(537198593)
		mem[4] 0x20060008	(537264136)
		mem[5] 0x2007ffff	(537395199)
		mem[6] 0x20080001	(537395201)
		mem[7] 0x452024	(4530212)
		mem[8] 0x10800004	(276824068)
		mem[9] 0x610820	(6359072)
		mem[10] 0x681804	(6821892)
		mem[11] 0xa82804	(11020292)
		mem[12] 0xe63020	(15085600)
		mem[13] 0x10c00004	(281018372)
		mem[14] 0x1000ffe0	(268500960)
		mem[15] 0xac01004c	(-1409220532)
		mem[16] 0xfc000000	(-67108864)
		mem[17] 0x75bcd15	(123456789)
		mem[18] 0x75bcd15	(123456789)
		mem[19] 0x0	(0)
	registers:
		reg[0] 0x0	(0)
		reg[1] 0x0	(0)
		reg[2] 0x75bcd15	(123456789)
		reg[3] 0x75bcd15	(123456789)
		reg[4] 0x1	(1)
		reg[5] 0x1	(1)
		reg[6] 0x8	(8)
		reg[7] 0xffffffff	(-1)
		reg[8] 0x1	(1)
		reg[9] 0x0	(0)
		reg[10] 0x0	(0)
		reg[11] 0x0	(0)
		reg[12] 0x0	(0)
		reg[13] 0x0	(0)
		reg[14] 0x0	(0)
		reg[15] 0x0	(0)
		reg[16] 0x0	(0)
		reg[17] 0x0	(0)
		reg[18] 0x0	(0)
		reg[19] 0x0	(0)
		reg[20] 0x0	(0)
		reg[21] 0x0	(0)
		reg[22] 0x0	(0)
		reg[23] 0x0	(0)
		reg[24] 0x0	(0)
		reg[25] 0x0	(0)
		reg[26] 0x0	(0)
		reg[27] 0x0	(0)
		reg[28] 0x0	(0)
		reg[29] 0x0	(0)
		reg[30] 0x0	(0)
		reg[31] 0x0	(0)

state after cycle 8:
	pc=36
	memory:
		mem[0] 0x820	(2080)
		mem[1] 0x8c020048	(-1946025912)
		mem[2] 0x8c030044	(-1945960380)
		mem[3] 0x20050001	(537198593)
		mem[4] 0x20060008	(537264136)
		mem[5] 0x2007ffff	(537395199)
		mem[6] 0x20080001	(537395201)
		mem[7] 0x452024	(4530212)
		mem[8] 0x10800004	(276824068)
		mem[9] 0x610820	(6359072)
		mem[10] 0x681804	(6821892)
		mem[11] 0xa82804	(11020292)
		mem[12] 0xe63020	(15085600)
		mem[13] 0x10c00004	(281018372)
		mem[14] 0x1000ffe0	(268500960)
		mem[15] 0xac01004c	(-1409220532)
		mem[16] 0xfc000000	(-67108864)
		mem[17] 0x75bcd15	(123456789)
		mem[18] 0x75bcd15	(123456789)
		mem[19] 0x0	(0)
	registers:
		reg[0] 0x0	(0)
		reg[1] 0x0	(0)
		reg[2] 0x75bcd15	(123456789)
		reg[3] 0x75bcd15	(123456789)
		reg[4] 0x1	(1)
		reg[5] 0x1	(1)
		reg[6] 0x8	(8)
		reg[7] 0xffffffff	(-1)
		reg[8] 0x1	(1)
		reg[9] 0x0	(0)
		reg[10] 0x0	(0)
		reg[11] 0x0	(0)
		reg[12] 0x0	(0)
		reg[13] 0x0	(0)
		reg[14] 0x0	(0)
		reg[15] 0x0	(0)
		reg[16] 0x0	(0)
		reg[17] 0x0	(0)
		reg[18] 0x0	(0)
		reg[19] 0x0	(0)
		reg[20] 0x0	(0)
		reg[21] 0x0	(0)
		reg[22] 0x0	(0)
		reg[23] 0x0	(0)
		reg[24] 0x0	(0)
		reg[25] 0x0	(0)
		reg[26] 0x0	(0)
		reg[27] 0x0	(0)
		reg[28] 0x0	(0)
		reg[29] 0x0	(0)
		reg[30] 0x0	(0)
		reg[31] 0x0	(0)

state after cycle 9:
	pc=40
	memory:
		mem[0] 0x820	(2080)
		mem[1] 0x8c020048	(-1946025912)
		mem[2] 0x8c030044	(-1945960380)
		mem[3] 0x20050001	(537198593)
		mem[4] 0x20060008	(537264136)
		mem[5] 0x2007ffff	(537395199)
		mem[6] 0x20080001	(537395201)
		mem[7] 0x452024	(4530212)
		mem[8] 0x10800004	(276824068)
		mem[9] 0x610820	(6359072)
		mem[10] 0x681804	(6821892)
		mem[11] 0xa82804	(11020292)
		mem[12] 0xe63020	(15085600)
		mem[13] 0x10c00004	(281018372)
		mem[14] 0x1000ffe0	(268500960)
		mem[15] 0xac01004c	(-1409220532)
		mem[16] 0xfc000000	(-67108864)
		mem[17] 0x75bcd15	(123456789)
		mem[18] 0x75bcd15	(123456789)
		mem[19] 0x0	(0)
	registers:
		reg[0] 0x0	(0)
		reg[1] 0x75bcd15	(123456789)
		reg[2] 0x75bcd15	(123456789)
		reg[3] 0x75bcd15	(123456789)
		reg[4] 0x1	(1)
		reg[5] 0x1	(1)
		reg[6] 0x8	(8)
		reg[7] 0xffffffff	(-1)
		reg[8] 0x1	(1)
		reg[9] 0x0	(0)
		reg[10] 0x0	(0)
		reg[11] 0x0	(0)
		reg[12] 0x0	(0)
		reg[13] 0x0	(0)
		reg[14] 0x0	(0)
		reg[15] 0x0	(0)
		reg[16] 0x0	(0)
		reg[17] 0x0	(0)
		reg[18] 0x0	(0)
		reg[19] 0x0	(0)
		reg[20] 0x0	(0)
		reg[21] 0x0	(0)
		reg[22] 0x0	(0)
		reg[23] 0x0	(0)
		reg[24] 0x0	(0)
		reg[25] 0x0	(0)
		reg[26] 0x0	(0)
		reg[27] 0x0	(0)
		reg[28] 0x0	(0)
		reg[29] 0x0	(0)
		reg[30] 0x0	(0)
		reg[31] 0x0	(0)

state after cycle 10:
	pc=44
	memory:
		mem[0] 0x820	(2080)
		mem[1] 0x8c020048	(-1946025912)
		mem[2] 0x8c030044	(-1945960380)
		mem[3] 0x20050001	(537198593)
		mem[4] 0x20060008	(537264136)
		mem[5] 0x2007ffff	(537395199)
		mem[6] 0x20080001	(537395201)
		mem[7] 0x452024	(4530212)
		mem[8] 0x10800004	(276824068)
		mem[9] 0x610820	(6359072)
		mem[10] 0x681804	(6821892)
		mem[11] 0xa82804	(11020292)
		mem[12] 0xe63020	(15085600)
		mem[13] 0x10c00004	(281018372)
		mem[14] 0x1000ffe0	(268500960)
		mem[15] 0xac01004c	(-1409220532)
		mem[16] 0xfc000000	(-67108864)
		mem[17] 0x75bcd15	(123456789)
		mem[18] 0x75bcd15	(123456789)
		mem[19] 0x0	(0)
	registers:
		reg[0] 0x0	(0)
		reg[1] 0x75bcd15	(123456789)
		reg[2] 0x75bcd15	(123456789)
		reg[3] 0xeb79a2a	(246913578)
		reg[4] 0x1	(1)
		reg[5] 0x1	(1)
		reg[6] 0x8	(8)
		reg[7] 0xffffffff	(-1)
		reg[8] 0x1	(1)
		reg[9] 0x0	(0)
		reg[10] 0x0	(0)
		reg[11] 0x0	(0)
		reg[12] 0x0	(0)
		reg[13] 0x0	(0)
		reg[14] 0x0	(0)
		reg[15] 0x0	(0)
		reg[16] 0x0	(0)
		reg[17] 0x0	(0)
		reg[18] 0x0	(0)
		reg[19] 0x0	(0)
		reg[20] 0x0	(0)
		reg[21] 0x0	(0)
		reg[22] 0x0	(0)
		reg[23] 0x0	(0)
		reg[24] 0x0	(0)
		reg[25] 0x0	(0)
		reg[26] 0x0	(0)
		reg[27] 0x0	(0)
		reg[28] 0x0	(0)
		reg[29] 0x0	(0)
		reg[30] 0x0	(0)
		reg[31] 0x0	(0)

state after cycle 11:
	pc=48
	memory:
		mem[0] 0x820	(2080)
		mem[1] 0x8c020048	(-1946025912)
		mem[2] 0x8c030044	(-1945960380)
		mem[3] 0x20050001	(537198593)
		mem[4] 0x20060008	(537264136)
		mem[5] 0x2007ffff	(537395199)
		mem[6] 0x20080001	(537395201)
		mem[7] 0x452024	(4530212)
		mem[8] 0x10800004	(276824068)
		mem[9] 0x610820	(6359072)
		mem[10] 0x681804	(6821892)
		mem[11] 0xa82804	(11020292)
		mem[12] 0xe63020	(15085600)
		mem[13] 0x10c00004	(281018372)
		mem[14] 0x1000ffe0	(268500960)
		mem[15] 0xac01004c	(-1409220532)
		mem[16] 0xfc000000	(-67108864)
		mem[17] 0x75bcd15	(123456789)
		mem[18] 0x75bcd15	(123456789)
		mem[19] 0x0	(0)
	registers:
		reg[0] 0x0	(0)
		reg[1] 0x75bcd15	(123456789)
		reg[2] 0x75bcd15	(123456789)
		reg[3] 0xeb79a2a	(246913578)
		reg[4] 0x1	(1)
		reg[5] 0x2	(2)
		reg[6] 0x8	(8)
		reg[7] 0xffffffff	(-1)
		reg[8] 0x1	(1)
		reg[9] 0x0	(0)
		reg[10] 0x0	(0)
		reg[11] 0x0	(0)
		reg[12] 0x0	(0)
		reg[13] 0x0	(0)
		reg[14] 0x0	(0)
		reg[15] 0x0	(0)
		reg[16] 0x0	(0)
		reg[17] 0x0	(0)
		reg[18] 0x0	(0)
		reg[19] 0x0	(0)
		reg[20] 0x0	(0)
		reg[21] 0x0	(0)
		reg[22] 0x0	(0)
		reg[23] 0x0	(0)
		reg[24] 0x0	(0)
		reg[25] 0x0	(0)
		reg[26] 0x0	(0)
		reg[27] 0x0	(0)
		reg[28] 0x0	(0)
		reg[29] 0x0	(0)
		reg[30] 0x0	(0)
		reg[31] 0x0	(0)

state after cycle 12:
	pc=52
	memory:
		mem[0] 0x820	(2080)
		mem[1] 0x8c020048	(-1946025912)
		mem[2] 0x8c030044	(-1945960380)
		mem[3] 0x20050001	(537198593)
		mem[4] 0x20060008	(537264136)
		mem[5] 0x2007ffff	(537395199)
		mem[6] 0x20080001	(537395201)
		mem[7] 0x452024	(4530212)
		mem[8] 0x10800004	(276824068)
		mem[9] 0x610820	(6359072)
		mem[10] 0x681804	(6821892)
		mem[11] 0xa82804	(11020292)
		mem[12] 0xe63020	(15085600)
		mem[13] 0x10c00004	(281018372)
		mem[14] 0x1000ffe0	(268500960)
		mem[15] 0xac01004c	(-1409220532)
		mem[16] 0xfc000000	(-67108864)
		mem[17] 0x75bcd15	(123456789)
		mem[18] 0x75bcd15	(123456789)
		mem[19] 0x0	(0)
	registers:
		reg[0] 0x0	(0)
		reg[1] 0x75bcd15	(123456789)
		reg[2] 0x75bcd15	(123456789)
		reg[3] 0xeb79a2a	(246913578)
		reg[4] 0x1	(1)
		reg[5] 0x2	(2)
		reg[6] 0x7	(7)
		reg[7] 0xffffffff	(-1)
		reg[8] 0x1	(1)
		reg[9] 0x0	(0)
		reg[10] 0x0	(0)
		reg[11] 0x0	(0)
		reg[12] 0x0	(0)
		reg[13] 0x0	(0)
		reg[14] 0x0	(0)
		reg[15] 0x0	(0)
		reg[16] 0x0	(0)
		reg[17] 0x0	(0)
		reg[18] 0x0	(0)
		reg[19] 0x0	(0)
		reg[20] 0x0	(0)
		reg[21] 0x0	(0)
		reg[22] 0x0	(0)
		reg[23] 0x0	(0)
		reg[24] 0x0	(0)
		reg[25] 0x0	(0)
		reg[26] 0x0	(0)
		reg[27] 0x0	(0)
		reg[28] 0x0	(0)
		reg[29] 0x0	(0)
		reg[30] 0x0	(0)
		reg[31] 0x0	(0)

state after cycle 13:
	pc=56
	memory:
		mem[0] 0x820	(2080)
		mem[1] 0x8c020048	(-1946025912)
		mem[2] 0x8c030044	(-1945960380)
		mem[3] 0x20050001	(537198593)
		mem[4] 0x20060008	(537264136)
		mem[5] 0x2007ffff	(537395199)
		mem[6] 0x20080001	(537395201)
		mem[7] 0x452024	(4530212)
		mem[8] 0x10800004	(276824068)
		mem[9] 0x610820	(6359072)
		mem[10] 0x681804	(6821892)
		mem[11] 0xa82804	(11020292)
		mem[12] 0xe63020	(15085600)
		mem[13] 0x10c00004	(281018372)
		mem[14] 0x1000ffe0	(268500960)
		mem[15] 0xac01004c	(-1409220532)
		mem[16] 0xfc000000	(-67108864)
		mem[17] 0x75bcd15	(123456789)
		mem[18] 0x75bcd15	(123456789)
		mem[19] 0x0	(0)
	registers:
		reg[0] 0x0	(0)
		reg[1] 0x75bcd15	(123456789)
		reg[2] 0x75bcd15	(123456789)
		reg[3] 0xeb79a2a	(246913578)
		reg[4] 0x1	(1)
		reg[5] 0x2	(2)
		reg[6] 0x7	(7)
		reg[7] 0xffffffff	(-1)
		reg[8] 0x1	(1)
		reg[9] 0x0	(0)
		reg[10] 0x0	(0)
		reg[11] 0x0	(0)
		reg[12] 0x0	(0)
		reg[13] 0x0	(0)
		reg[14] 0x0	(0)
		reg[15] 0x0	(0)
		reg[16] 0x0	(0)
		reg[17] 0x0	(0)
		reg[18] 0x0	(0)
		reg[19] 0x0	(0)
		reg[20] 0x0	(0)
		reg[21] 0x0	(0)
		reg[22] 0x0	(0)
		reg[23] 0x0	(0)
		reg[24] 0x0	(0)
		reg[25] 0x0	(0)
		reg[26] 0x0	(0)
		reg[27] 0x0	(0)
		reg[28] 0x0	(0)
		reg[29] 0x0	(0)
		reg[30] 0x0	(0)
		reg[31] 0x0	(0)

state after cycle 14:
	pc=28
	memory:
		mem[0] 0x820	(2080)
		mem[1] 0x8c020048	(-1946025912)
		mem[2] 0x8c030044	(-1945960380)
		mem[3] 0x20050001	(537198593)
		mem[4] 0x20060008	(537264136)
		mem[5] 0x2007ffff	(537395199)
		mem[6] 0x20080001	(537395201)
		mem[7] 0x452024	(4530212)
		mem[8] 0x10800004	(276824068)
		mem[9] 0x610820	(6359072)
		mem[10] 0x681804	(6821892)
		mem[11] 0xa82804	(11020292)
		mem[12] 0xe63020	(15085600)
		mem[13] 0x10c00004	(281018372)
		mem[14] 0x1000ffe0	(268500960)
		mem[15] 0xac01004c	(-1409220532)
		mem[16] 0xfc000000	(-67108864)
		mem[17] 0x75bcd15	(123456789)
		mem[18] 0x75bcd15	(123456789)
		mem[19] 0x0	(0)
	registers:
		reg[0] 0x0	(0)
		reg[1] 0x75bcd15	(123456789)
		reg[2] 0x75bcd15	(123456789)
		reg[3] 0xeb79a2a	(246913578)
		reg[4] 0x1	(1)
		reg[5] 0x2	(2)
		reg[6] 0x7	(7)
		reg[7] 0xffffffff	(-1)
		reg[8] 0x1	(1)
		reg[9] 0x0	(0)
		reg[10] 0x0	(0)
		reg[11] 0x0	(0)
		reg[12] 0x0	(0)
		reg[13] 0x0	(0)
		reg[14] 0x0	(0)
		reg[15] 0x0	(0)
		reg[16] 0x0	(0)
		reg[17] 0x0	(0)
		reg[18] 0x0	(0)
		reg[19] 0x0	(0)
		reg[20] 0x0	(0)
		reg[21] 0x0	(0)
		reg[22] 0x0	(0)
		reg[23] 0x0	(0)
		reg[24] 0x0	(0)
		reg[25] 0x0	(0)
		reg[26] 0x0	(0)
		reg[27] 0x0	(0)
		reg[28] 0x0	(0)
		reg[29] 0x0	(0)
		reg[30] 0x0	(0)
		reg[31] 0x0	(0)

state after cycle 15:
	pc=32
	memory:
		mem[0] 0x820	(2080)
		mem[1] 0x8c020048	(-1946025912)
		mem[2] 0x8c030044	(-1945960380)
		mem[3] 0x20050001	(537198593)
		mem[4] 0x20060008	(537264136)
		mem[5] 0x2007ffff	(537395199)
		mem[6] 0x20080001	(537395201)
		mem[7] 0x452024	(4530212)
		mem[8] 0x10800004	(276824068)
		mem[9] 0x610820	(6359072)
		mem[10] 0x681804	(6821892)
		mem[11] 0xa82804	(11020292)
		mem[12] 0xe63020	(15085600)
		mem[13] 0x10c00004	(281018372)
		mem[14] 0x1000ffe0	(268500960)
		mem[15] 0xac01004c	(-1409220532)
		mem[16] 0xfc000000	(-67108864)
		mem[17] 0x75bcd15	(123456789)
		mem[18] 0x75bcd15	(123456789)
		mem[19] 0x0	(0)
	registers:
		reg[0] 0x0	(0)
		reg[1] 0x75bcd15	(123456789)
		reg[2] 0x75bcd15	(123456789)
		reg[3] 0xeb79a2a	(246913578)
		reg[4] 0x0	(0)
		reg[5] 0x2	(2)
		reg[6] 0x7	(7)
		reg[7] 0xffffffff	(-1)
		reg[8] 0x1	(1)
		reg[9] 0x0	(0)
		reg[10] 0x0	(0)
		reg[11] 0x0	(0)
		reg[12] 0x0	(0)
		reg[13] 0x0	(0)
		reg[14] 0x0	(0)
		reg[15] 0x0	(0)
		reg[16] 0x0	(0)
		reg[17] 0x0	(0)
		reg[18] 0x0	(0)
		reg[19] 0x0	(0)
		reg[20] 0x0	(0)
		reg[21] 0x0	(0)
		reg[22] 0x0	(0)
		reg[23] 0x0	(0)
		reg[24] 0x0	(0)
		reg[25] 0x0	(0)
		reg[26] 0x0	(0)
		reg[27] 0x0	(0)
		reg[28] 0x0	(0)
		reg[29] 0x0	(0)
		reg[30] 0x0	(0)
		reg[31] 0x0	(0)

state after cycle 16:
	pc=40
	memory:
		mem[0] 0x820	(2080)
		mem[1] 0x8c020048	(-1946025912)
		mem[2] 0x8c030044	(-1945960380)
		mem[3] 0x20050001	(537198593)
		mem[4] 0x20060008	(537264136)
		mem[5] 0x2007ffff	(537395199)
		mem[6] 0x20080001	(537395201)
		mem[7] 0x452024	(4530212)
		mem[8] 0x10800004	(276824068)
		mem[9] 0x610820	(6359072)
		mem[10] 0x681804	(6821892)
		mem[11] 0xa82804	(11020292)
		mem[12] 0xe63020	(15085600)
		mem[13] 0x10c00004	(281018372)
		mem[14] 0x1000ffe0	(268500960)
		mem[15] 0xac01004c	(-1409220532)
		mem[16] 0xfc000000	(-67108864)
		mem[17] 0x75bcd15	(123456789)
		mem[18] 0x75bcd15	(123456789)
		mem[19] 0x0	(0)
	registers:
		reg[0] 0x0	(0)
		reg[1] 0x75bcd15	(123456789)
		reg[2] 0x75bcd15	(123456789)
		reg[3] 0xeb79a2a	(246913578)
		reg[4] 0x0	(0)
		reg[5] 0x2	(2)
		reg[6] 0x7	(7)
		reg[7] 0xffffffff	(-1)
		reg[8] 0x1	(1)
		reg[9] 0x0	(0)
		reg[10] 0x0	(0)
		reg[11] 0x0	(0)
		reg[12] 0x0	(0)
		reg[13] 0x0	(0)
		reg[14] 0x0	(0)
		reg[15] 0x0	(0)
		reg[16] 0x0	(0)
		reg[17] 0x0	(0)
		reg[18] 0x0	(0)
		reg[19] 0x0	(0)
		reg[20] 0x0	(0)
		reg[21] 0x0	(0)
		reg[22] 0x0	(0)
		reg[23] 0x0	(0)
		reg[24] 0x0	(0)
		reg[25] 0x0	(0)
		reg[26] 0x0	(0)
		reg[27] 0x0	(0)
		reg[28] 0x0	(0)
		reg[29] 0x0	(0)
		reg[30] 0x0	(0)
		reg[31] 0x0	(0)

state after cycle 17:
	pc=44
	memory:
		mem[0] 0x820	(2080)
		mem[1] 0x8c020048	(-1946025912)
		mem[2] 0x8c030044	(-1945960380)
		mem[3] 0x20050001	(537198593)
		mem[4] 0x20060008	(537264136)
		mem[5] 0x2007ffff	(537395199)
		mem[6] 0x20080001	(537395201)
		mem[7] 0x452024	(4530212)
		mem[8] 0x10800004	(276824068)
		mem[9] 0x610820	(6359072)
		mem[10] 0x681804	(6821892)
		mem[11] 0xa82804	(11020292)
		mem[12] 0xe63020	(15085600)
		mem[13] 0x10c00004	(281018372)
		mem[14] 0x1000ffe0	(268500960)
		mem[15] 0xac01004c	(-1409220532)
		mem[16] 0xfc000000	(-67108864)
		mem[17] 0x75bcd15	(123456789)
		mem[18] 0x75bcd15	(123456789)
		mem[19] 0x0	(0)
	registers:
		reg[0] 0x0	(0)
		reg[1] 0x75bcd15	(123456789)
		reg[2] 0x75bcd15	(123456789)
		reg[3] 0x1d6f3454	(493827156)
		reg[4] 0x0	(0)
		reg[5] 0x2	(2)
		reg[6] 0x7	(7)
		reg[7] 0xffffffff	(-1)
		reg[8] 0x1	(1)
		reg[9] 0x0	(0)
		reg[10] 0x0	(0)
		reg[11] 0x0	(0)
		reg[12] 0x0	(0)
		reg[13] 0x0	(0)
		reg[14] 0x0	(0)
		reg[15] 0x0	(0)
		reg[16] 0x0	(0)
		reg[17] 0x0	(0)
		reg[18] 0x0	(0)
		reg[19] 0x0	(0)
		reg[20] 0x0	(0)
		reg[21] 0x0	(0)
		reg[22] 0x0	(0)
		reg[23] 0x0	(0)
		reg[24] 0x0	(0)
		reg[25] 0x0	(0)
		reg[26] 0x0	(0)
		reg[27] 0x0	(0)
		reg[28] 0x0	(0)
		reg[29] 0x0	(0)
		reg[30] 0x0	(0)
		reg[31] 0x0	(0)

state after cycle 18:
	pc=48
	memory:
		mem[0] 0x820	(2080)
		mem[1] 0x8c020048	(-1946025912)
		mem[2] 0x8c030044	(-1945960380)
		mem[3] 0x20050001	(537198593)
		mem[4] 0x20060008	(537264136)
		mem[5] 0x2007ffff	(537395199)
		mem[6] 0x20080001	(537395201)
		mem[7] 0x452024	(4530212)
		mem[8] 0x10800004	(276824068)
		mem[9] 0x610820	(6359072)
		mem[10] 0x681804	(6821892)
		mem[11] 0xa82804	(11020292)
		mem[12] 0xe63020	(15085600)
		mem[13] 0x10c00004	(281018372)
		mem[14] 0x1000ffe0	(268500960)
		mem[15] 0xac01004c	(-1409220532)
		mem[16] 0xfc000000	(-67108864)
		mem[17] 0x75bcd15	(123456789)
		mem[18] 0x75bcd15	(123456789)
		mem[19] 0x0	(0)
	registers:
		reg[0] 0x0	(0)
		reg[1] 0x75bcd15	(123456789)
		reg[2] 0x75bcd15	(123456789)
		reg[3] 0x1d6f3454	(493827156)
		reg[4] 0x0	(0)
		reg[5] 0x4	(4)
		reg[6] 0x7	(7)
		reg[7] 0xffffffff	(-1)
		reg[8] 0x1	(1)
		reg[9] 0x0	(0)
		reg[10] 0x0	(0)
		reg[11] 0x0	(0)
		reg[12] 0x0	(0)
		reg[13] 0x0	(0)
		reg[14] 0x0	(0)
		reg[15] 0x0	(0)
		reg[16] 0x0	(0)
		reg[17] 0x0	(0)
		reg[18] 0x0	(0)
		reg[19] 0x0	(0)
		reg[20] 0x0	(0)
		reg[21] 0x0	(0)
		reg[22] 0x0	(0)
		reg[23] 0x0	(0)
		reg[24] 0x0	(0)
		reg[25] 0x0	(0)
		reg[26] 0x0	(0)
		reg[27] 0x0	(0)
		reg[28] 0x0	(0)
		reg[29] 0x0	(0)
		reg[30] 0x0	(0)
		reg[31] 0x0	(0)

state after cycle 19:
	pc=52
	memory:
		mem[0] 0x820	(2080)
		mem[1] 0x8c020048	(-1946025912)
		mem[2] 0x8c030044	(-1945960380)
		mem[3] 0x20050001	(537198593)
		mem[4] 0x20060008	(537264136)
		mem[5] 0x2007ffff	(537395199)
		mem[6] 0x20080001	(537395201)
		mem[7] 0x452024	(4530212)
		mem[8] 0x10800004	(276824068)
		mem[9] 0x610820	(6359072)
		mem[10] 0x681804	(6821892)
		mem[11] 0xa82804	(11020292)
		mem[12] 0xe63020	(15085600)
		mem[13] 0x10c00004	(281018372)
		mem[14] 0x1000ffe0	(268500960)
		mem[15] 0xac01004c	(-1409220532)
		mem[16] 0xfc000000	(-67108864)
		mem[17] 0x75bcd15	(123456789)
		mem[18] 0x75bcd15	(123456789)
		mem[19] 0x0	(0)
	registers:
		reg[0] 0x0	(0)
		reg[1] 0x75bcd15	(123456789)
		reg[2] 0x75bcd15	(123456789)
		reg[3] 0x1d6f3454	(493827156)
		reg[4] 0x0	(0)
		reg[5] 0x4	(4)
		reg[6] 0x6	(6)
		reg[7] 0xffffffff	(-1)
		reg[8] 0x1	(1)
		reg[9] 0x0	(0)
		reg[10] 0x0	(0)
		reg[11] 0x0	(0)
		reg[12] 0x0	(0)
		reg[13] 0x0	(0)
		reg[14] 0x0	(0)
		reg[15] 0x0	(0)
		reg[16] 0x0	(0)
		reg[17] 0x0	(0)
		reg[18] 0x0	(0)
		reg[19] 0x0	(0)
		reg[20] 0x0	(0)
		reg[21] 0x0	(0)
		reg[22] 0x0	(0)
		reg[23] 0x0	(0)
		reg[24] 0x0	(0)
		reg[25] 0x0	(0)
		reg[26] 0x0	(0)
		reg[27] 0x0	(0)
		reg[28] 0x0	(0)
		reg[29] 0x0	(0)
		reg[30] 0x0	(0)
		reg[31] 0x0	(0)

state after cycle 20:
	pc=56
	memory:
		mem[0] 0x820	(2080)
		mem[1] 0x8c020048	(-1946025912)
		mem[2] 0x8c030044	(-1945960380)
		mem[3] 0x20050001	(537198593)
		mem[4] 0x20060008	(537264136)
		mem[5] 0x2007ffff	(537395199)
		mem[6] 0x20080001	(537395201)
		mem[7] 0x452024	(4530212)
		mem[8] 0x10800004	(276824068)
		mem[9] 0x610820	(6359072)
		mem[10] 0x681804	(6821892)
		mem[11] 0xa82804	(11020292)
		mem[12] 0xe63020	(15085600)
		mem[13] 0x10c00004	(281018372)
		mem[14] 0x1000ffe0	(268500960)
		mem[15] 0xac01004c	(-1409220532)
		mem[16] 0xfc000000	(-67108864)
		mem[17] 0x75bcd15	(123456789)
		mem[18] 0x75bcd15	(123456789)
		mem[19] 0x0	(0)
	registers:
		reg[0] 0x0	(0)
		reg[1] 0x75bcd15	(123456789)
		reg[2] 0x75bcd15	(123456789)
		reg[3] 0x1d6f3454	(493827156)
		reg[4] 0x0	(0)
		reg[5] 0x4	(4)
		reg[6] 0x6	(6)
		reg[7] 0xffffffff	(-1)
		reg[8] 0x1	(1)
		reg[9] 0x0	(0)
		reg[10] 0x0	(0)
		reg[11] 0x0	(0)
		reg[12] 0x0	(0)
		reg[13] 0x0	(0)
		reg[14] 0x0	(0)
		reg[15] 0x0	(0)
		reg[16] 0x0	(0)
		reg[17] 0x0	(0)
		reg[18] 0x0	(0)
		reg[19] 0x0	(0)
		reg[20] 0x0	(0)
		reg[21] 0x0	(0)
		reg[22] 0x0	(0)
		reg[23] 0x0	(0)
		reg[24] 0x0	(0)
		reg[25] 0x0	(0)
		reg[26] 0x0	(0)
		reg[27] 0x0	(0)
		reg[28] 0x0	(0)
		reg[29] 0x0	(0)
		reg[30] 0x0	(0)
		reg[31] 0x0	(0)

state after cycle 21:
	pc=28
	memory:
		mem[0] 0x820	(2080)
		mem[1] 0x8c020048	(-1946025912)
		mem[2] 0x8c030044	(-1945960380)
		mem[3] 0x20050001	(537198593)
		mem[4] 0x20060008	(537264136)
		mem[5] 0x2007ffff	(537395199)
		mem[6] 0x20080001	(537395201)
		mem[7] 0x452024	(4530212)
		mem[8] 0x10800004	(276824068)
		mem[9] 0x610820	(6359072)
		mem[10] 0x681804	(6821892)
		mem[11] 0xa82804	(11020292)
		mem[12] 0xe63020	(15085600)
		mem[13] 0x10c00004	(281018372)
		mem[14] 0x1000ffe0	(268500960)
		mem[15] 0xac01004c	(-1409220532)
		mem[16] 0xfc000000	(-67108864)
		mem[17] 0x75bcd15	(123456789)
		mem[18] 0x75bcd15	(123456789)
		mem[19] 0x0	(0)
	registers:
		reg[0] 0x0	(0)
		reg[1] 0x75bcd15	(123456789)
		reg[2] 0x75bcd15	(123456789)
		reg[3] 0x1d6f3454	(493827156)
		reg[4] 0x0	(0)
		reg[5] 0x4	(4)
		reg[6] 0x6	(6)
		reg[7] 0xffffffff	(-1)
		reg[8] 0x1	(1)
		reg[9] 0x0	(0)
		reg[10] 0x0	(0)
		reg[11] 0x0	(0)
		reg[12] 0x0	(0)
		reg[13] 0x0	(0)
		reg[14] 0x0	(0)
		reg[15] 0x0	(0)
		reg[16] 0x0	(0)
		reg[17] 0x0	(0)
		reg[18] 0x0	(0)
		reg[19] 0x0	(0)
		reg[20] 0x0	(0)
		reg[21] 0x0	(0)
		reg[22] 0x0	(0)
		reg[23] 0x0	(0)
		reg[24] 0x0	(0)
		reg[25] 0x0	(0)
		reg[26] 0x0	(0)
		reg[27] 0x0	(0)
		reg[28] 0x0	(0)
		reg[29] 0x0	(0)
		reg[30] 0x0	(0)
		reg[31] 0x0	(0)

state after cycle 22:
	pc=32
	memory:
		mem[0] 0x820	(2080)
		mem[1] 0x8c020048	(-1946025912)
		mem[2] 0x8c030044	(-1945960380)
		mem[3] 0x20050001	(537198593)
		mem[4] 0x20060008	(537264136)
		mem[5] 0x2007ffff	(537395199)
		mem[6] 0x20080001	(537395201)
		mem[7] 0x452024	(4530212)
		mem[8] 0x10800004	(276824068)
		mem[9] 0x610820	(6359072)
		mem[10] 0x681804	(6821892)
		mem[11] 0xa82804	(11020292)
		mem[12] 0xe63020	(15085600)
		mem[13] 0x10c00004	(281018372)
		mem[14] 0x1000ffe0	(268500960)
		mem[15] 0xac01004c	(-1409220532)
		mem[16] 0xfc000000	(-67108864)
		mem[17] 0x75bcd15	(123456789)
		mem[18] 0x75bcd15	(123456789)
		mem[19] 0x0	(0)
	registers:
		reg[0] 0x0	(0)
		reg[1] 0x75bcd15	(123456789)
		reg[2] 0x75bcd15	(123456789)
		reg[3] 0x1d6f3454	(493827156)
		reg[4] 0x4	(4)
		reg[5] 0x4	(4)
		reg[6] 0x6	(6)
		reg[7] 0xffffffff	(-1)
		reg[8] 0x1	(1)
		reg[9] 0x0	(0)
		reg[10] 0x0	(0)
		reg[11] 0x0	(0)
		reg[12] 0x0	(0)
		reg[13] 0x0	(0)
		reg[14] 0x0	(0)
		reg[15] 0x0	(0)
		reg[16] 0x0	(0)
		reg[17] 0x0	(0)
		reg[18] 0x0	(0)
		reg[19] 0x0	(0)
		reg[20] 0x0	(0)
		reg[21] 0x0	(0)
		reg[22] 0x0	(0)
		reg[23] 0x0	(0)
		reg[24] 0x0	(0)
		reg[25] 0x0	(0)
		reg[26] 0x0	(0)
		reg[27] 0x0	(0)
		reg[28] 0x0	(0)
		reg[29] 0x0	(0)
		reg[30] 0x0	(0)
		reg[31] 0x0	(0)

state after cycle 23:
	pc=36
	memory:
		mem[0] 0x820	(2080)
		mem[1] 0x8c020048	(-1946025912)
		mem[2] 0x8c030044	(-1945960380)
		mem[3] 0x20050001	(537198593)
		mem[4] 0x20060008	(537264136)
		mem[5] 0x2007ffff	(537395199)
		mem[6] 0x20080001	(537395201)
		mem[7] 0x452024	(4530212)
		mem[8] 0x10800004	(276824068)
		mem[9] 0x610820	(6359072)
		mem[10] 0x681804	(6821892)
		mem[11] 0xa82804	(11020292)
		mem[12] 0xe63020	(15085600)
		mem[13] 0x10c00004	(281018372)
		mem[14] 0x1000ffe0	(268500960)
		mem[15] 0xac01004c	(-1409220532)
		mem[16] 0xfc000000	(-67108864)
		mem[17] 0x75bcd15	(123456789)
		mem[18] 0x75bcd15	(123456789)
		mem[19] 0x0	(0)
	registers:
		reg[0] 0x0	(0)
		reg[1] 0x75bcd15	(123456789)
		reg[2] 0x75bcd15	(123456789)
		reg[3] 0x1d6f3454	(493827156)
		reg[4] 0x4	(4)
		reg[5] 0x4	(4)
		reg[6] 0x6	(6)
		reg[7] 0xffffffff	(-1)
		reg[8] 0x1	(1)
		reg[9] 0x0	(0)
		reg[10] 0x0	(0)
		reg[11] 0x0	(0)
		reg[12] 0x0	(0)
		reg[13] 0x0	(0)
		reg[14] 0x0	(0)
		reg[15] 0x0	(0)
		reg[16] 0x0	(0)
		reg[17] 0x0	(0)
		reg[18] 0x0	(0)
		reg[19] 0x0	(0)
		reg[20] 0x0	(0)
		reg[21] 0x0	(0)
		reg[22] 0x0	(0)
		reg[23] 0x0	(0)
		reg[24] 0x0	(0)
		reg[25] 0x0	(0)
		reg[26] 0x0	(0)
		reg[27] 0x0	(0)
		reg[28] 0x0	(0)
		reg[29] 0x0	(0)
		reg[30] 0x0	(0)
		reg[31] 0x0	(0)

state after cycle 24:
	pc=40
	memory:
		mem[0] 0x820	(2080)
		mem[1] 0x8c020048	(-1946025912)
		mem[2] 0x8c030044	(-1945960380)
		mem[3] 0x20050001	(537198593)
		mem[4] 0x20060008	(537264136)
		mem[5] 0x2007ffff	(537395199)
		mem[6] 0x20080001	(537395201)
		mem[7] 0x452024	(4530212)
		mem[8] 0x10800004	(276824068)
		mem[9] 0x610820	(6359072)
		mem[10] 0x681804	(6821892)
		mem[11] 0xa82804	(11020292)
		mem[12] 0xe63020	(15085600)
		mem[13] 0x10c00004	(281018372)
		mem[14] 0x1000ffe0	(268500960)
		mem[15] 0xac01004c	(-1409220532)
		mem[16] 0xfc000000	(-67108864)
		mem[17] 0x75bcd15	(123456789)
		mem[18] 0x75bcd15	(123456789)
		mem[19] 0x0	(0)
	registers:
		reg[0] 0x0	(0)
		reg[1] 0x24cb0169	(617283945)
		reg[2] 0x75bcd15	(123456789)
		reg[3] 0x1d6f3454	(493827156)
		reg[4] 0x4	(4)
		reg[5] 0x4	(4)
		reg[6] 0x6	(6)
		reg[7] 0xffffffff	(-1)
		reg[8] 0x1	(1)
		reg[9] 0x0	(0)
		reg[10] 0x0	(0)
		reg[11] 0x0	(0)
		reg[12] 0x0	(0)
		reg[13] 0x0	(0)
		reg[14] 0x0	(0)
		reg[15] 0x0	(0)
		reg[16] 0x0	(0)
		reg[17] 0x0	(0)
		reg[18] 0x0	(0)
		reg[19] 0x0	(0)
		reg[20] 0x0	(0)
		reg[21] 0x0	(0)
		reg[22] 0x0	(0)
		reg[23] 0x0	(0)
		reg[24] 0x0	(0)
		reg[25] 0x0	(0)
		reg[26] 0x0	(0)
		reg[27] 0x0	(0)
		reg[28] 0x0	(0)
		reg[29] 0x0	(0)
		reg[30] 0x0	(0)
		reg[31] 0x0	(0)

state after cycle 25:
	pc=44
	memory:
		mem[0] 0x820	(2080)
		mem[1] 0x8c020048	(-1946025912)
		mem[2] 0x8c030044	(-1945960380)
		mem[3] 0x20050001	(537198593)
		mem[4] 0x20060008	(537264136)
		mem[5] 0x2007ffff	(537395199)
		mem[6] 0x20080001	(537395201)
		mem[7] 0x452024	(4530212)
		mem[8] 0x10800004	(276824068)
		mem[9] 0x610820	(6359072)
		mem[10] 0x681804	(6821892)
		mem[11] 0xa82804	(11020292)
		mem[12] 0xe63020	(15085600)
		mem[13] 0x10c00004	(281018372)
		mem[14] 0x1000ffe0	(268500960)
		mem[15] 0xac01004c	(-1409220532)
		mem[16] 0xfc000000	(-67108864)
		mem[17] 0x75bcd15	(123456789)
		mem[18] 0x75bcd15	(123456789)
		mem[19] 0x0	(0)
	registers:
		reg[0] 0x0	(0)
		reg[1] 0x24cb0169	(617283945)
		reg[2] 0x75bcd15	(123456789)
		reg[3] 0x3ade68a8	(987654312)
		reg[4] 0x4	(4)
		reg[5] 0x4	(4)
		reg[6] 0x6	(6)
		reg[7] 0xffffffff	(-1)
		reg[8] 0x1	(1)
		reg[9] 0x0	(0)
		reg[10] 0x0	(0)
		reg[11] 0x0	(0)
		reg[12] 0x0	(0)
		reg[13] 0x0	(0)
		reg[14] 0x0	(0)
		reg[15] 0x0	(0)
		reg[16] 0x0	(0)
		reg[17] 0x0	(0)
		reg[18] 0x0	(0)
		reg[19] 0x0	(0)
		reg[20] 0x0	(0)
		reg[21] 0x0	(0)
		reg[22] 0x0	(0)
		reg[23] 0x0	(0)
		reg[24] 0x0	(0)
		reg[25] 0x0	(0)
		reg[26] 0x0	(0)
		reg[27] 0x0	(0)
		reg[28] 0x0	(0)
		reg[29] 0x0	(0)
		reg[30] 0x0	(0)
		reg[31] 0x0	(0)

state after cycle 26:
	pc=48
	memory:
		mem[0] 0x820	(2080)
		mem[1] 0x8c020048	(-1946025912)
		mem[2] 0x8c030044	(-1945960380)
		mem[3] 0x20050001	(537198593)
		mem[4] 0x20060008	(537264136)
		mem[5] 0x2007ffff	(537395199)
		mem[6] 0x20080001	(537395201)
		mem[7] 0x452024	(4530212)
		mem[8] 0x10800004	(276824068)
		mem[9] 0x610820	(6359072)
		mem[10] 0x681804	(6821892)
		mem[11] 0xa82804	(11020292)
		mem[12] 0xe63020	(15085600)
		mem[13] 0x10c00004	(281018372)
		mem[14] 0x1000ffe0	(268500960)
		mem[15] 0xac01004c	(-1409220532)
		mem[16] 0xfc000000	(-67108864)
		mem[17] 0x75bcd15	(123456789)
		mem[18] 0x75bcd15	(123456789)
		mem[19] 0x0	(0)
	registers:
		reg[0] 0x0	(0)
		reg[1] 0x24cb0169	(617283945)
		reg[2] 0x75bcd15	(123456789)
		reg[3] 0x3ade68a8	(987654312)
		reg[4] 0x4	(4)
		reg[5] 0x8	(8)
		reg[6] 0x6	(6)
		reg[7] 0xffffffff	(-1)
		reg[8] 0x1	(1)
		reg[9] 0x0	(0)
		reg[10] 0x0	(0)
		reg[11] 0x0	(0)
		reg[12] 0x0	(0)
		reg[13] 0x0	(0)
		reg[14] 0x0	(0)
		reg[15] 0x0	(0)
		reg[16] 0x0	(0)
		reg[17] 0x0	(0)
		reg[18] 0x0	(0)
		reg[19] 0x0	(0)
		reg[20] 0x0	(0)
		reg[21] 0x0	(0)
		reg[22] 0x0	(0)
		reg[23] 0x0	(0)
		reg[24] 0x0	(0)
		reg[25] 0x0	(0)
		reg[26] 0x0	(0)
		reg[27] 0x0	(0)
		reg[28] 0x0	(0)
		reg[29] 0x0	(0)
		reg[30] 0x0	(0)
		reg[31] 0x0	(0)

state after cycle 27:
	pc=52
	memory:
		mem[0] 0x820	(2080)
		mem[1] 0x8c020048	(-1946025912)
		mem[2] 0x8c030044	(-1945960380)
		mem[3] 0x20050001	(537198593)
		mem[4] 0x20060008	(537264136)
		mem[5] 0x2007ffff	(537395199)
		mem[6] 0x20080001	(537395201)
		mem[7] 0x452024	(4530212)
		mem[8] 0x10800004	(276824068)
		mem[9] 0x610820	(6359072)
		mem[10] 0x681804	(6821892)
		mem[11] 0xa82804	(11020292)
		mem[12] 0xe63020	(15085600)
		mem[13] 0x10c00004	(281018372)
		mem[14] 0x1000ffe0	(268500960)
		mem[15] 0xac01004c	(-1409220532)
		mem[16] 0xfc000000	(-67108864)
		mem[17] 0x75bcd15	(123456789)
		mem[18] 0x75bcd15	(123456789)
		mem[19] 0x0	(0)
	registers:
		reg[0] 0x0	(0)
		reg[1] 0x24cb0169	(617283945)
		reg[2] 0x75bcd15	(123456789)
		reg[3] 0x3ade68a8	(987654312)
		reg[4] 0x4	(4)
		reg[5] 0x8	(8)
		reg[6] 0x5	(5)
		reg[7] 0xffffffff	(-1)
		reg[8] 0x1	(1)
		reg[9] 0x0	(0)
		reg[10] 0x0	(0)
		reg[11] 0x0	(0)
		reg[12] 0x0	(0)
		reg[13] 0x0	(0)
		reg[14] 0x0	(0)
		reg[15] 0x0	(0)
		reg[16] 0x0	(0)
		reg[17] 0x0	(0)
		reg[18] 0x0	(0)
		reg[19] 0x0	(0)
		reg[20] 0x0	(0)
		reg[21] 0x0	(0)
		reg[22] 0x0	(0)
		reg[23] 0x0	(0)
		reg[24] 0x0	(0)
		reg[25] 0x0	(0)
		reg[26] 0x0	(0)
		reg[27] 0x0	(0)
		reg[28] 0x0	(0)
		reg[29] 0x0	(0)
		reg[30] 0x0	(0)
		reg[31] 0x0	(0)

state after cycle 28:
	pc=56
	memory:
		mem[0] 0x820	(2080)
		mem[1] 0x8c020048	(-1946025912)
		mem[2] 0x8c030044	(-1945960380)
		mem[3] 0x20050001	(537198593)
		mem[4] 0x20060008	(537264136)
		mem[5] 0x2007ffff	(537395199)
		mem[6] 0x20080001	(537395201)
		mem[7] 0x452024	(4530212)
		mem[8] 0x10800004	(276824068)
		mem[9] 0x610820	(6359072)
		mem[10] 0x681804	(6821892)
		mem[11] 0xa82804	(11020292)
		mem[12] 0xe63020	(15085600)
		mem[13] 0x10c00004	(281018372)
		mem[14] 0x1000ffe0	(268500960)
		mem[15] 0xac01004c	(-1409220532)
		mem[16] 0xfc000000	(-67108864)
		mem[17] 0x75bcd15	(123456789)
		mem[18] 0x75bcd15	(123456789)
		mem[19] 0x0	(0)
	registers:
		reg[0] 0x0	(0)
		reg[1] 0x24cb0169	(617283945)
		reg[2] 0x75bcd15	(123456789)
		reg[3] 0x3ade68a8	(987654312)
		reg[4] 0x4	(4)
		reg[5] 0x8	(8)
		reg[6] 0x5	(5)
		reg[7] 0xffffffff	(-1)
		reg[8] 0x1	(1)
		reg[9] 0x0	(0)
		reg[10] 0x0	(0)
		reg[11] 0x0	(0)
		reg[12] 0x0	(0)
		reg[13] 0x0	(0)
		reg[14] 0x0	(0)
		reg[15] 0x0	(0)
		reg[16] 0x0	(0)
		reg[17] 0x0	(0)
		reg[18] 0x0	(0)
		reg[19] 0x0	(0)
		reg[20] 0x0	(0)
		reg[21] 0x0	(0)
		reg[22] 0x0	(0)
		reg[23] 0x0	(0)
		reg[24] 0x0	(0)
		reg[25] 0x0	(0)
		reg[26] 0x0	(0)
		reg[27] 0x0	(0)
		reg[28] 0x0	(0)
		reg[29] 0x0	(0)
		reg[30] 0x0	(0)
		reg[31] 0x0	(0)

state after cycle 29:
	pc=28
	memory:
		mem[0] 0x820	(2080)
		mem[1] 0x8c020048	(-1946025912)
		mem[2] 0x8c030044	(-1945960380)
		mem[3] 0x20050001	(537198593)
		mem[4] 0x20060008	(537264136)
		mem[5] 0x2007ffff	(537395199)
		mem[6] 0x20080001	(537395201)
		mem[7] 0x452024	(4530212)
		mem[8] 0x10800004	(276824068)
		mem[9] 0x610820	(6359072)
		mem[10] 0x681804	(6821892)
		mem[11] 0xa82804	(11020292)
		mem[12] 0xe63020	(15085600)
		mem[13] 0x10c00004	(281018372)
		mem[14] 0x1000ffe0	(268500960)
		mem[15] 0xac01004c	(-1409220532)
		mem[16] 0xfc000000	(-67108864)
		mem[17] 0x75bcd15	(123456789)
		mem[18] 0x75bcd15	(123456789)
		mem[19] 0x0	(0)
	registers:
		reg[0] 0x0	(0)
		reg[1] 0x24cb0169	(617283945)
		reg[2] 0x75bcd15	(123456789)
		reg[3] 0x3ade68a8	(987654312)
		reg[4] 0x4	(4)
		reg[5] 0x8	(8)
		reg[6] 0x5	(5)
		reg[7] 0xffffffff	(-1)
		reg[8] 0x1	(1)
		reg[9] 0x0	(0)
		reg[10] 0x0	(0)
		reg[11] 0x0	(0)
		reg[12] 0x0	(0)
		reg[13] 0x0	(0)
		reg[14] 0x0	(0)
		reg[15] 0x0	(0)
		reg[16] 0x0	(0)
		reg[17] 0x0	(0)
		reg[18] 0x0	(0)
		reg[19] 0x0	(0)
		reg[20] 0x0	(0)
		reg[21] 0x0	(0)
		reg[22] 0x0	(0)
		reg[23] 0x0	(0)
		reg[24] 0x0	(0)
		reg[25] 0x0	(0)
		reg[26] 0x0	(0)
		reg[27] 0x0	(0)
		reg[28] 0x0	(0)
		reg[29] 0x0	(0)
		reg[30] 0x0	(0)
		reg[31] 0x0	(0)

state after cycle 30:
	pc=32
	memory:
		mem[0] 0x820	(2080)
		mem[1] 0x8c020048	(-1946025912)
		mem[2] 0x8c030044	(-1945960380)
		mem[3] 0x20050001	(537198593)
		mem[4] 0x20060008	(537264136)
		mem[5] 0x2007ffff	(537395199)
		mem[6] 0x20080001	(537395201)
		mem[7] 0x452024	(4530212)
		mem[8] 0x10800004	(276824068)
		mem[9] 0x610820	(6359072)
		mem[10] 0x681804	(6821892)
		mem[11] 0xa82804	(11020292)
		mem[12] 0xe63020	(15085600)
		mem[13] 0x10c00004	(281018372)
		mem[14] 0x1000ffe0	(268500960)
		mem[15] 0xac01004c	(-1409220532)
		mem[16] 0xfc000000	(-67108864)
		mem[17] 0x75bcd15	(123456789)
		mem[18] 0x75bcd15	(123456789)
		mem[19] 0x0	(0)
	registers:
		reg[0] 0x0	(0)
		reg[1] 0x24cb0169	(617283945)
		reg[2] 0x75bcd15	(123456789)
		reg[3] 0x3ade68a8	(987654312)
		reg[4] 0x0	(0)
		reg[5] 0x8	(8)
		reg[6] 0x5	(5)
		reg[7] 0xffffffff	(-1)
		reg[8] 0x1	(1)
		reg[9] 0x0	(0)
		reg[10] 0x0	(0)
		reg[11] 0x0	(0)
		reg[12] 0x0	(0)
		reg[13] 0x0	(0)
		reg[14] 0x0	(0)
		reg[15] 0x0	(0)
		reg[16] 0x0	(0)
		reg[17] 0x0	(0)
		reg[18] 0x0	(0)
		reg[19] 0x0	(0)
		reg[20] 0x0	(0)
		reg[21] 0x0	(0)
		reg[22] 0x0	(0)
		reg[23] 0x0	(0)
		reg[24] 0x0	(0)
		reg[25] 0x0	(0)
		reg[26] 0x0	(0)
		reg[27] 0x0	(0)
		reg[28] 0x0	(0)
		reg[29] 0x0	(0)
		reg[30] 0x0	(0)
		reg[31] 0x0	(0)

state after cycle 31:
	pc=40
	memory:
		mem[0] 0x820	(2080)
		mem[1] 0x8c020048	(-1946025912)
		mem[2] 0x8c030044	(-1945960380)
		mem[3] 0x20050001	(537198593)
		mem[4] 0x20060008	(537264136)
		mem[5] 0x2007ffff	(537395199)
		mem[6] 0x20080001	(537395201)
		mem[7] 0x452024	(4530212)
		mem[8] 0x10800004	(276824068)
		mem[9] 0x610820	(6359072)
		mem[10] 0x681804	(6821892)
		mem[11] 0xa82804	(11020292)
		mem[12] 0xe63020	(15085600)
		mem[13] 0x10c00004	(281018372)
		mem[14] 0x1000ffe0	(268500960)
		mem[15] 0xac01004c	(-1409220532)
		mem[16] 0xfc000000	(-67108864)
		mem[17] 0x75bcd15	(123456789)
		mem[18] 0x75bcd15	(123456789)
		mem[19] 0x0	(0)
	registers:
		reg[0] 0x0	(0)
		reg[1] 0x24cb0169	(617283945)
		reg[2] 0x75bcd15	(123456789)
		reg[3] 0x3ade68a8	(987654312)
		reg[4] 0x0	(0)
		reg[5] 0x8	(8)
		reg[6] 0x5	(5)
		reg[7] 0xffffffff	(-1)
		reg[8] 0x1	(1)
		reg[9] 0x0	(0)
		reg[10] 0x0	(0)
		reg[11] 0x0	(0)
		reg[12] 0x0	(0)
		reg[13] 0x0	(0)
		reg[14] 0x0	(0)
		reg[15] 0x0	(0)
		reg[16] 0x0	(0)
		reg[17] 0x0	(0)
		reg[18] 0x0	(0)
		reg[19] 0x0	(0)
		reg[20] 0x0	(0)
		reg[21] 0x0	(0)
		reg[22] 0x0	(0)
		reg[23] 0x0	(0)
		reg[24] 0x0	(0)
		reg[25] 0x0	(0)
		reg[26] 0x0	(0)
		reg[27] 0x0	(0)
		reg[28] 0x0	(0)
		reg[29] 0x0	(0)
		reg[30] 0x0	(0)
		reg[31] 0x0	(0)

state after cycle 32:
	pc=44
	memory:
		mem[0] 0x820	(2080)
		mem[1] 0x8c020048	(-1946025912)
		mem[2] 0x8c030044	(-1945960380)
		mem[3] 0x20050001	(537198593)
		mem[4] 0x20060008	(537264136)
		mem[5] 0x2007ffff	(537395199)
		mem[6] 0x20080001	(537395201)
		mem[7] 0x452024	(4530212)
		mem[8] 0x10800004	(276824068)
		mem[9] 0x610820	(6359072)
		mem[10] 0x681804	(6821892)
		mem[11] 0xa82804	(11020292)
		mem[12] 0xe63020	(15085600)
		mem[13] 0x10c00004	(281018372)
		mem[14] 0x1000ffe0	(268500960)
		mem[15] 0xac01004c	(-1409220532)
		mem[16] 0xfc000000	(-67108864)
		mem[17] 0x75bcd15	(123456789)
		mem[18] 0x75bcd15	(123456789)
		mem[19] 0x0	(0)
	registers:
		reg[0] 0x0	(0)
		reg[1] 0x24cb0169	(617283945)
		reg[2] 0x75bcd15	(123456789)
		reg[3] 0x75bcd150	(1975308624)
		reg[4] 0x0	(0)
		reg[5] 0x8	(8)
		reg[6] 0x5	(5)
		reg[7] 0xffffffff	(-1)
		reg[8] 0x1	(1)
		reg[9] 0x0	(0)
		reg[10] 0x0	(0)
		reg[11] 0x0	(0)
		reg[12] 0x0	(0)
		reg[13] 0x0	(0)
		reg[14] 0x0	(0)
		reg[15] 0x0	(0)
		reg[16] 0x0	(0)
		reg[17] 0x0	(0)
		reg[18] 0x0	(0)
		reg[19] 0x0	(0)
		reg[20] 0x0	(0)
		reg[21] 0x0	(0)
		reg[22] 0x0	(0)
		reg[23] 0x0	(0)
		reg[24] 0x0	(0)
		reg[25] 0x0	(0)
		reg[26] 0x0	(0)
		reg[27] 0x0	(0)
		reg[28] 0x0	(0)
		reg[29] 0x0	(0)
		reg[30] 0x0	(0)
		reg[31] 0x0	(0)

state after cycle 33:
	pc=48
	memory:
		mem[0] 0x820	(2080)
		mem[1] 0x8c020048	(-1946025912)
		mem[2] 0x8c030044	(-1945960380)
		mem[3] 0x20050001	(537198593)
		mem[4] 0x20060008	(537264136)
		mem[5] 0x2007ffff	(537395199)
		mem[6] 0x20080001	(537395201)
		mem[7] 0x452024	(4530212)
		mem[8] 0x10800004	(276824068)
		mem[9] 0x610820	(6359072)
		mem[10] 0x681804	(6821892)
		mem[11] 0xa82804	(11020292)
		mem[12] 0xe63020	(15085600)
		mem[13] 0x10c00004	(281018372)
		mem[14] 0x1000ffe0	(268500960)
		mem[15] 0xac01004c	(-1409220532)
		mem[16] 0xfc000000	(-67108864)
		mem[17] 0x75bcd15	(123456789)
		mem[18] 0x75bcd15	(123456789)
		mem[19] 0x0	(0)
	registers:
		reg[0] 0x0	(0)
		reg[1] 0x24cb0169	(617283945)
		reg[2] 0x75bcd15	(123456789)
		reg[3] 0x75bcd150	(1975308624)
		reg[4] 0x0	(0)
		reg[5] 0x10	(16)
		reg[6] 0x5	(5)
		reg[7] 0xffffffff	(-1)
		reg[8] 0x1	(1)
		reg[9] 0x0	(0)
		reg[10] 0x0	(0)
		reg[11] 0x0	(0)
		reg[12] 0x0	(0)
		reg[13] 0x0	(0)
		reg[14] 0x0	(0)
		reg[15] 0x0	(0)
		reg[16] 0x0	(0)
		reg[17] 0x0	(0)
		reg[18] 0x0	(0)
		reg[19] 0x0	(0)
		reg[20] 0x0	(0)
		reg[21] 0x0	(0)
		reg[22] 0x0	(0)
		reg[23] 0x0	(0)
		reg[24] 0x0	(0)
		reg[25] 0x0	(0)
		reg[26] 0x0	(0)
		reg[27] 0x0	(0)
		reg[28] 0x0	(0)
		reg[29] 0x0	(0)
		reg[30] 0x0	(0)
		reg[31] 0x0	(0)

state after cycle 34:
	pc=52
	memory:
		mem[0] 0x820	(2080)
		mem[1] 0x8c020048	(-1946025912)
		mem[2] 0x8c030044	(-1945960380)
		mem[3] 0x20050001	(537198593)
		mem[4] 0x20060008	(537264136)
		mem[5] 0x2007ffff	(537395199)
		mem[6] 0x20080001	(537395201)
		mem[7] 0x452024	(4530212)
		mem[8] 0x10800004	(276824068)
		mem[9] 0x610820	(6359072)
		mem[10] 0x681804	(6821892)
		mem[11] 0xa82804	(11020292)
		mem[12] 0xe63020	(15085600)
		mem[13] 0x10c00004	(281018372)
		mem[14] 0x1000ffe0	(268500960)
		mem[15] 0xac01004c	(-1409220532)
		mem[16] 0xfc000000	(-67108864)
		mem[17] 0x75bcd15	(123456789)
		mem[18] 0x75bcd15	(123456789)
		mem[19] 0x0	(0)
	registers:
		reg[0] 0x0	(0)
		reg[1] 0x24cb0169	(617283945)
		reg[2] 0x75bcd15	(123456789)
		reg[3] 0x75bcd150	(1975308624)
		reg[4] 0x0	(0)
		reg[5] 0x10	(16)
		reg[6] 0x4	(4)
		reg[7] 0xffffffff	(-1)
		reg[8] 0x1	(1)
		reg[9] 0x0	(0)
		reg[10] 0x0	(0)
		reg[11] 0x0	(0)
		reg[12] 0x0	(0)
		reg[13] 0x0	(0)
		reg[14] 0x0	(0)
		reg[15] 0x0	(0)
		reg[16] 0x0	(0)
		reg[17] 0x0	(0)
		reg[18] 0x0	(0)
		reg[19] 0x0	(0)
		reg[20] 0x0	(0)
		reg[21] 0x0	(0)
		reg[22] 0x0	(0)
		reg[23] 0x0	(0)
		reg[24] 0x0	(0)
		reg[25] 0x0	(0)
		reg[26] 0x0	(0)
		reg[27] 0x0	(0)
		reg[28] 0x0	(0)
		reg[29] 0x0	(0)
		reg[30] 0x0	(0)
		reg[31] 0x0	(0)

state after cycle 35:
	pc=56
	memory:
		mem[0] 0x820	(2080)
		mem[1] 0x8c020048	(-1946025912)
		mem[2] 0x8c030044	(-1945960380)
		mem[3] 0x20050001	(537198593)
		mem[4] 0x20060008	(537264136)
		mem[5] 0x2007ffff	(537395199)
		mem[6] 0x20080001	(537395201)
		mem[7] 0x452024	(4530212)
		mem[8] 0x10800004	(276824068)
		mem[9] 0x610820	(6359072)
		mem[10] 0x681804	(6821892)
		mem[11] 0xa82804	(11020292)
		mem[12] 0xe63020	(15085600)
		mem[13] 0x10c00004	(281018372)
		mem[14] 0x1000ffe0	(268500960)
		mem[15] 0xac01004c	(-1409220532)
		mem[16] 0xfc000000	(-67108864)
		mem[17] 0x75bcd15	(123456789)
		mem[18] 0x75bcd15	(123456789)
		mem[19] 0x0	(0)
	registers:
		reg[0] 0x0	(0)
		reg[1] 0x24cb0169	(617283945)
		reg[2] 0x75bcd15	(123456789)
		reg[3] 0x75bcd150	(1975308624)
		reg[4] 0x0	(0)
		reg[5] 0x10	(16)
		reg[6] 0x4	(4)
		reg[7] 0xffffffff	(-1)
		reg[8] 0x1	(1)
		reg[9] 0x0	(0)
		reg[10] 0x0	(0)
		reg[11] 0x0	(0)
		reg[12] 0x0	(0)
		reg[13] 0x0	(0)
		reg[14] 0x0	(0)
		reg[15] 0x0	(0)
		reg[16] 0x0	(0)
		reg[17] 0x0	(0)
		reg[18] 0x0	(0)
		reg[19] 0x0	(0)
		reg[20] 0x0	(0)
		reg[21] 0x0	(0)
		reg[22] 0x0	(0)
		reg[23] 0x0	(0)
		reg[24] 0x0	(0)
		reg[25] 0x0	(0)
		reg[26] 0x0	(0)
		reg[27] 0x0	(0)
		reg[28] 0x0	(0)
		reg[29] 0x0	(0)
		reg[30] 0x0	(0)
		reg[31] 0x0	(0)

state after cycle 36:
	pc=28
	memory:
		mem[0] 0x820	(2080)
		mem[1] 0x8c020048	(-1946025912)
		mem[2] 0x8c030044	(-1945960380)
		mem[3] 0x20050001	(537198593)
		mem[4] 0x20060008	(537264136)
		mem[5] 0x2007ffff	(537395199)
		mem[6] 0x20080001	(537395201)
		mem[7] 0x452024	(4530212)
		mem[8] 0x10800004	(276824068)
		mem[9] 0x610820	(6359072)
		mem[10] 0x681804	(6821892)
		mem[11] 0xa82804	(11020292)
		mem[12] 0xe63020	(15085600)
		mem[13] 0x10c00004	(281018372)
		mem[14] 0x1000ffe0	(268500960)
		mem[15] 0xac01004c	(-1409220532)
		mem[16] 0xfc000000	(-67108864)
		mem[17] 0x75bcd15	(123456789)
		mem[18] 0x75bcd15	(123456789)
		mem[19] 0x0	(0)
	registers:
		reg[0] 0x0	(0)
		reg[1] 0x24cb0169	(617283945)
		reg[2] 0x75bcd15	(123456789)
		reg[3] 0x75bcd150	(1975308624)
		reg[4] 0x0	(0)
		reg[5] 0x10	(16)
		reg[6] 0x4	(4)
		reg[7] 0xffffffff	(-1)
		reg[8] 0x1	(1)
		reg[9] 0x0	(0)
		reg[10] 0x0	(0)
		reg[11] 0x0	(0)
		reg[12] 0x0	(0)
		reg[13] 0x0	(0)
		reg[14] 0x0	(0)
		reg[15] 0x0	(0)
		reg[16] 0x0	(0)
		reg[17] 0x0	(0)
		reg[18] 0x0	(0)
		reg[19] 0x0	(0)
		reg[20] 0x0	(0)
		reg[21] 0x0	(0)
		reg[22] 0x0	(0)
		reg[23] 0x0	(0)
		reg[24] 0x0	(0)
		reg[25] 0x0	(0)
		reg[26] 0x0	(0)
		reg[27] 0x0	(0)
		reg[28] 0x0	(0)
		reg[29] 0x0	(0)
		reg[30] 0x0	(0)
		reg[31] 0x0	(0)

state after cycle 37:
	pc=32
	memory:
		mem[0] 0x820	(2080)
		mem[1] 0x8c020048	(-1946025912)
		mem[2] 0x8c030044	(-1945960380)
		mem[3] 0x20050001	(537198593)
		mem[4] 0x20060008	(537264136)
		mem[5] 0x2007ffff	(537395199)
		mem[6] 0x20080001	(537395201)
		mem[7] 0x452024	(4530212)
		mem[8] 0x10800004	(276824068)
		mem[9] 0x610820	(6359072)
		mem[10] 0x681804	(6821892)
		mem[11] 0xa82804	(11020292)
		mem[12] 0xe63020	(15085600)
		mem[13] 0x10c00004	(281018372)
		mem[14] 0x1000ffe0	(268500960)
		mem[15] 0xac01004c	(-1409220532)
		mem[16] 0xfc000000	(-67108864)
		mem[17] 0x75bcd15	(123456789)
		mem[18] 0x75bcd15	(123456789)
		mem[19] 0x0	(0)
	registers:
		reg[0] 0x0	(0)
		reg[1] 0x24cb0169	(617283945)
		reg[2] 0x75bcd15	(123456789)
		reg[3] 0x75bcd150	(1975308624)
		reg[4] 0x10	(16)
		reg[5] 0x10	(16)
		reg[6] 0x4	(4)
		reg[7] 0xffffffff	(-1)
		reg[8] 0x1	(1)
		reg[9] 0x0	(0)
		reg[10] 0x0	(0)
		reg[11] 0x0	(0)
		reg[12] 0x0	(0)
		reg[13] 0x0	(0)
		reg[14] 0x0	(0)
		reg[15] 0x0	(0)
		reg[16] 0x0	(0)
		reg[17] 0x0	(0)
		reg[18] 0x0	(0)
		reg[19] 0x0	(0)
		reg[20] 0x0	(0)
		reg[21] 0x0	(0)
		reg[22] 0x0	(0)
		reg[23] 0x0	(0)
		reg[24] 0x0	(0)
		reg[25] 0x0	(0)
		reg[26] 0x0	(0)
		reg[27] 0x0	(0)
		reg[28] 0x0	(0)
		reg[29] 0x0	(0)
		reg[30] 0x0	(0)
		reg[31] 0x0	(0)

state after cycle 38:
	pc=36
	memory:
		mem[0] 0x820	(2080)
		mem[1] 0x8c020048	(-1946025912)
		mem[2] 0x8c030044	(-1945960380)
		mem[3] 0x20050001	(537198593)
		mem[4] 0x20060008	(537264136)
		mem[5] 0x2007ffff	(537395199)
		mem[6] 0x20080001	(537395201)
		mem[7] 0x452024	(4530212)
		mem[8] 0x10800004	(276824068)
		mem[9] 0x610820	(6359072)
		mem[10] 0x681804	(6821892)
		mem[11] 0xa82804	(11020292)
		mem[12] 0xe63020	(15085600)
		mem[13] 0x10c00004	(281018372)
		mem[14] 0x1000ffe0	(268500960)
		mem[15] 0xac01004c	(-1409220532)
		mem[16] 0xfc000000	(-67108864)
		mem[17] 0x75bcd15	(123456789)
		mem[18] 0x75bcd15	(123456789)
		mem[19] 0x0	(0)
	registers:
		reg[0] 0x0	(0)
		reg[1] 0x24cb0169	(617283945)
		reg[2] 0x75bcd15	(123456789)
		reg[3] 0x75bcd150	(1975308624)
		reg[4] 0x10	(16)
		reg[5] 0x10	(16)
		reg[6] 0x4	(4)
		reg[7] 0xffffffff	(-1)
		reg[8] 0x1	(1)
		reg[9] 0x0	(0)
		reg[10] 0x0	(0)
		reg[11] 0x0	(0)
		reg[12] 0x0	(0)
		reg[13] 0x0	(0)
		reg[14] 0x0	(0)
		reg[15] 0x0	(0)
		reg[16] 0x0	(0)
		reg[17] 0x0	(0)
		reg[18] 0x0	(0)
		reg[19] 0x0	(0)
		reg[20] 0x0	(0)
		reg[21] 0x0	(0)
		reg[22] 0x0	(0)
		reg[23] 0x0	(0)
		reg[24] 0x0	(0)
		reg[25] 0x0	(0)
		reg[26] 0x0	(0)
		reg[27] 0x0	(0)
		reg[28] 0x0	(0)
		reg[29] 0x0	(0)
		reg[30] 0x0	(0)
		reg[31] 0x0	(0)

state after cycle 39:
	pc=40
	memory:
		mem[0] 0x820	(2080)
		mem[1] 0x8c020048	(-1946025912)
		mem[2] 0x8c030044	(-1945960380)
		mem[3] 0x20050001	(537198593)
		mem[4] 0x20060008	(537264136)
		mem[5] 0x2007ffff	(537395199)
		mem[6] 0x20080001	(537395201)
		mem[7] 0x452024	(4530212)
		mem[8] 0x10800004	(276824068)
		mem[9] 0x610820	(6359072)
		mem[10] 0x681804	(6821892)
		mem[11] 0xa82804	(11020292)
		mem[12] 0xe63020	(15085600)
		mem[13] 0x10c00004	(281018372)
		mem[14] 0x1000ffe0	(268500960)
		mem[15] 0xac01004c	(-1409220532)
		mem[16] 0xfc000000	(-67108864)
		mem[17] 0x75bcd15	(123456789)
		mem[18] 0x75bcd15	(123456789)
		mem[19] 0x0	(0)
	registers:
		reg[0] 0x0	(0)
		reg[1] 0x9a87d2b9	(-1702374727)
		reg[2] 0x75bcd15	(123456789)
		reg[3] 0x75bcd150	(1975308624)
		reg[4] 0x10	(16)
		reg[5] 0x10	(16)
		reg[6] 0x4	(4)
		reg[7] 0xffffffff	(-1)
		reg[8] 0x1	(1)
		reg[9] 0x0	(0)
		reg[10] 0x0	(0)
		reg[11] 0x0	(0)
		reg[12] 0x0	(0)
		reg[13] 0x0	(0)
		reg[14] 0x0	(0)
		reg[15] 0x0	(0)
		reg[16] 0x0	(0)
		reg[17] 0x0	(0)
		reg[18] 0x0	(0)
		reg[19] 0x0	(0)
		reg[20] 0x0	(0)
		reg[21] 0x0	(0)
		reg[22] 0x0	(0)
		reg[23] 0x0	(0)
		reg[24] 0x0	(0)
		reg[25] 0x0	(0)
		reg[26] 0x0	(0)
		reg[27] 0x0	(0)
		reg[28] 0x0	(0)
		reg[29] 0x0	(0)
		reg[30] 0x0	(0)
		reg[31] 0x0	(0)

state after cycle 40:
	pc=44
	memory:
		mem[0] 0x820	(2080)
		mem[1] 0x8c020048	(-1946025912)
		mem[2] 0x8c030044	(-1945960380)
		mem[3] 0x20050001	(537198593)
		mem[4] 0x20060008	(537264136)
		mem[5] 0x2007ffff	(537395199)
		mem[6] 0x20080001	(537395201)
		mem[7] 0x452024	(4530212)
		mem[8] 0x10800004	(276824068)
		mem[9] 0x610820	(6359072)
		mem[10] 0x681804	(6821892)
		mem[11] 0xa82804	(11020292)
		mem[12] 0xe63020	(15085600)
		mem[13] 0x10c00004	(281018372)
		mem[14] 0x1000ffe0	(268500960)
		mem[15] 0xac01004c	(-1409220532)
		mem[16] 0xfc000000	(-67108864)
		mem[17] 0x75bcd15	(123456789)
		mem[18] 0x75bcd15	(123456789)
		mem[19] 0x0	(0)
	registers:
		reg[0] 0x0	(0)
		reg[1] 0x9a87d2b9	(-1702374727)
		reg[2] 0x75bcd15	(123456789)
		reg[3] 0xeb79a2a0	(-344350048)
		reg[4] 0x10	(16)
		reg[5] 0x10	(16)
		reg[6] 0x4	(4)
		reg[7] 0xffffffff	(-1)
		reg[8] 0x1	(1)
		reg[9] 0x0	(0)
		reg[10] 0x0	(0)
		reg[11] 0x0	(0)
		reg[12] 0x0	(0)
		reg[13] 0x0	(0)
		reg[14] 0x0	(0)
		reg[15] 0x0	(0)
		reg[16] 0x0	(0)
		reg[17] 0x0	(0)
		reg[18] 0x0	(0)
		reg[19] 0x0	(0)
		reg[20] 0x0	(0)
		reg[21] 0x0	(0)
		reg[22] 0x0	(0)
		reg[23] 0x0	(0)
		reg[24] 0x0	(0)
		reg[25] 0x0	(0)
		reg[26] 0x0	(0)
		reg[27] 0x0	(0)
		reg[28] 0x0	(0)
		reg[29] 0x0	(0)
		reg[30] 0x0	(0)
		reg[31] 0x0	(0)

state after cycle 41:
	pc=48
	memory:
		mem[0] 0x820	(2080)
		mem[1] 0x8c020048	(-1946025912)
		mem[2] 0x8c030044	(-1945960380)
		mem[3] 0x20050001	(537198593)
		mem[4] 0x20060008	(537264136)
		mem[5] 0x2007ffff	(537395199)
		mem[6] 0x20080001	(537395201)
		mem[7] 0x452024	(4530212)
		mem[8] 0x10800004	(276824068)
		mem[9] 0x610820	(6359072)
		mem[10] 0x681804	(6821892)
		mem[11] 0xa82804	(11020292)
		mem[12] 0xe63020	(15085600)
		mem[13] 0x10c00004	(281018372)
		mem[14] 0x1000ffe0	(268500960)
		mem[15] 0xac01004c	(-1409220532)
		mem[16] 0xfc000000	(-67108864)
		mem[17] 0x75bcd15	(123456789)
		mem[18] 0x75bcd15	(123456789)
		mem[19] 0x0	(0)
	registers:
		reg[0] 0x0	(0)
		reg[1] 0x9a87d2b9	(-1702374727)
		reg[2] 0x75bcd15	(123456789)
		reg[3] 0xeb79a2a0	(-344350048)
		reg[4] 0x10	(16)
		reg[5] 0x20	(32)
		reg[6] 0x4	(4)
		reg[7] 0xffffffff	(-1)
		reg[8] 0x1	(1)
		reg[9] 0x0	(0)
		reg[10] 0x0	(0)
		reg[11] 0x0	(0)
		reg[12] 0x0	(0)
		reg[13] 0x0	(0)
		reg[14] 0x0	(0)
		reg[15] 0x0	(0)
		reg[16] 0x0	(0)
		reg[17] 0x0	(0)
		reg[18] 0x0	(0)
		reg[19] 0x0	(0)
		reg[20] 0x0	(0)
		reg[21] 0x0	(0)
		reg[22] 0x0	(0)
		reg[23] 0x0	(0)
		reg[24] 0x0	(0)
		reg[25] 0x0	(0)
		reg[26] 0x0	(0)
		reg[27] 0x0	(0)
		reg[28] 0x0	(0)
		reg[29] 0x0	(0)
		reg[30] 0x0	(0)
		reg[31] 0x0	(0)

state after cycle 42:
	pc=52
	memory:
		mem[0] 0x820	(2080)
		mem[1] 0x8c020048	(-1946025912)
		mem[2] 0x8c030044	(-1945960380)
		mem[3] 0x20050001	(537198593)
		mem[4] 0x20060008	(537264136)
		mem[5] 0x2007ffff	(537395199)
		mem[6] 0x20080001	(537395201)
		mem[7] 0x452024	(4530212)
		mem[8] 0x10800004	(276824068)
		mem[9] 0x610820	(6359072)
		mem[10] 0x681804	(6821892)
		mem[11] 0xa82804	(11020292)
		mem[12] 0xe63020	(15085600)
		mem[13] 0x10c00004	(281018372)
		mem[14] 0x1000ffe0	(268500960)
		mem[15] 0xac01004c	(-1409220532)
		mem[16] 0xfc000000	(-67108864)
		mem[17] 0x75bcd15	(123456789)
		mem[18] 0x75bcd15	(123456789)
		mem[19] 0x0	(0)
	registers:
		reg[0] 0x0	(0)
		reg[1] 0x9a87d2b9	(-1702374727)
		reg[2] 0x75bcd15	(123456789)
		reg[3] 0xeb79a2a0	(-344350048)
		reg[4] 0x10	(16)
		reg[5] 0x20	(32)
		reg[6] 0x3	(3)
		reg[7] 0xffffffff	(-1)
		reg[8] 0x1	(1)
		reg[9] 0x0	(0)
		reg[10] 0x0	(0)
		reg[11] 0x0	(0)
		reg[12] 0x0	(0)
		reg[13] 0x0	(0)
		reg[14] 0x0	(0)
		reg[15] 0x0	(0)
		reg[16] 0x0	(0)
		reg[17] 0x0	(0)
		reg[18] 0x0	(0)
		reg[19] 0x0	(0)
		reg[20] 0x0	(0)
		reg[21] 0x0	(0)
		reg[22] 0x0	(0)
		reg[23] 0x0	(0)
		reg[24] 0x0	(0)
		reg[25] 0x0	(0)
		reg[26] 0x0	(0)
		reg[27] 0x0	(0)
		reg[28] 0x0	(0)
		reg[29] 0x0	(0)
		reg[30] 0x0	(0)
		reg[31] 0x0	(0)

state after cycle 43:
	pc=56
	memory:
		mem[0] 0x820	(2080)
		mem[1] 0x8c020048	(-1946025912)
		mem[2] 0x8c030044	(-1945960380)
		mem[3] 0x20050001	(537198593)
		mem[4] 0x20060008	(537264136)
		mem[5] 0x2007ffff	(537395199)
		mem[6] 0x20080001	(537395201)
		mem[7] 0x452024	(4530212)
		mem[8] 0x10800004	(276824068)
		mem[9] 0x610820	(6359072)
		mem[10] 0x681804	(6821892)
		mem[11] 0xa82804	(11020292)
		mem[12] 0xe63020	(15085600)
		mem[13] 0x10c00004	(281018372)
		mem[14] 0x1000ffe0	(268500960)
		mem[15] 0xac01004c	(-1409220532)
		mem[16] 0xfc000000	(-67108864)
		mem[17] 0x75bcd15	(123456789)
		mem[18] 0x75bcd15	(123456789)
		mem[19] 0x0	(0)
	registers:
		reg[0] 0x0	(0)
		reg[1] 0x9a87d2b9	(-1702374727)
		reg[2] 0x75bcd15	(123456789)
		reg[3] 0xeb79a2a0	(-344350048)
		reg[4] 0x10	(16)
		reg[5] 0x20	(32)
		reg[6] 0x3	(3)
		reg[7] 0xffffffff	(-1)
		reg[8] 0x1	(1)
		reg[9] 0x0	(0)
		reg[10] 0x0	(0)
		reg[11] 0x0	(0)
		reg[12] 0x0	(0)
		reg[13] 0x0	(0)
		reg[14] 0x0	(0)
		reg[15] 0x0	(0)
		reg[16] 0x0	(0)
		reg[17] 0x0	(0)
		reg[18] 0x0	(0)
		reg[19] 0x0	(0)
		reg[20] 0x0	(0)
		reg[21] 0x0	(0)
		reg[22] 0x0	(0)
		reg[23] 0x0	(0)
		reg[24] 0x0	(0)
		reg[25] 0x0	(0)
		reg[26] 0x0	(0)
		reg[27] 0x0	(0)
		reg[28] 0x0	(0)
		reg[29] 0x0	(0)
		reg[30] 0x0	(0)
		reg[31] 0x0	(0)

state after cycle 44:
	pc=28
	memory:
		mem[0] 0x820	(2080)
		mem[1] 0x8c020048	(-1946025912)
		mem[2] 0x8c030044	(-1945960380)
		mem[3] 0x20050001	(537198593)
		mem[4] 0x20060008	(537264136)
		mem[5] 0x2007ffff	(537395199)
		mem[6] 0x20080001	(537395201)
		mem[7] 0x452024	(4530212)
		mem[8] 0x10800004	(276824068)
		mem[9] 0x610820	(6359072)
		mem[10] 0x681804	(6821892)
		mem[11] 0xa82804	(11020292)
		mem[12] 0xe63020	(15085600)
		mem[13] 0x10c00004	(281018372)
		mem[14] 0x1000ffe0	(268500960)
		mem[15] 0xac01004c	(-1409220532)
		mem[16] 0xfc000000	(-67108864)
		mem[17] 0x75bcd15	(123456789)
		mem[18] 0x75bcd15	(123456789)
		mem[19] 0x0	(0)
	registers:
		reg[0] 0x0	(0)
		reg[1] 0x9a87d2b9	(-1702374727)
		reg[2] 0x75bcd15	(123456789)
		reg[3] 0xeb79a2a0	(-344350048)
		reg[4] 0x10	(16)
		reg[5] 0x20	(32)
		reg[6] 0x3	(3)
		reg[7] 0xffffffff	(-1)
		reg[8] 0x1	(1)
		reg[9] 0x0	(0)
		reg[10] 0x0	(0)
		reg[11] 0x0	(0)
		reg[12] 0x0	(0)
		reg[13] 0x0	(0)
		reg[14] 0x0	(0)
		reg[15] 0x0	(0)
		reg[16] 0x0	(0)
		reg[17] 0x0	(0)
		reg[18] 0x0	(0)
		reg[19] 0x0	(0)
		reg[20] 0x0	(0)
		reg[21] 0x0	(0)
		reg[22] 0x0	(0)
		reg[23] 0x0	(0)
		reg[24] 0x0	(0)
		reg[25] 0x0	(0)
		reg[26] 0x0	(0)
		reg[27] 0x0	(0)
		reg[28] 0x0	(0)
		reg[29] 0x0	(0)
		reg[30] 0x0	(0)
		reg[31] 0x0	(0)

state after cycle 45:
	pc=32
	memory:
		mem[0] 0x820	(2080)
		mem[1] 0x8c020048	(-1946025912)
		mem[2] 0x8c030044	(-1945960380)
		mem[3] 0x20050001	(537198593)
		mem[4] 0x20060008	(537264136)
		mem[5] 0x2007ffff	(537395199)
		mem[6] 0x20080001	(537395201)
		mem[7] 0x452024	(4530212)
		mem[8] 0x10800004	(276824068)
		mem[9] 0x610820	(6359072)
		mem[10] 0x681804	(6821892)
		mem[11] 0xa82804	(11020292)
		mem[12] 0xe63020	(15085600)
		mem[13] 0x10c00004	(281018372)
		mem[14] 0x1000ffe0	(268500960)
		mem[15] 0xac01004c	(-1409220532)
		mem[16] 0xfc000000	(-67108864)
		mem[17] 0x75bcd15	(123456789)
		mem[18] 0x75bcd15	(123456789)
		mem[19] 0x0	(0)
	registers:
		reg[0] 0x0	(0)
		reg[1] 0x9a87d2b9	(-1702374727)
		reg[2] 0x75bcd15	(123456789)
		reg[3] 0xeb79a2a0	(-344350048)
		reg[4] 0x0	(0)
		reg[5] 0x20	(32)
		reg[6] 0x3	(3)
		reg[7] 0xffffffff	(-1)
		reg[8] 0x1	(1)
		reg[9] 0x0	(0)
		reg[10] 0x0	(0)
		reg[11] 0x0	(0)
		reg[12] 0x0	(0)
		reg[13] 0x0	(0)
		reg[14] 0x0	(0)
		reg[15] 0x0	(0)
		reg[16] 0x0	(0)
		reg[17] 0x0	(0)
		reg[18] 0x0	(0)
		reg[19] 0x0	(0)
		reg[20] 0x0	(0)
		reg[21] 0x0	(0)
		reg[22] 0x0	(0)
		reg[23] 0x0	(0)
		reg[24] 0x0	(0)
		reg[25] 0x0	(0)
		reg[26] 0x0	(0)
		reg[27] 0x0	(0)
		reg[28] 0x0	(0)
		reg[29] 0x0	(0)
		reg[30] 0x0	(0)
		reg[31] 0x0	(0)

state after cycle 46:
	pc=40
	memory:
		mem[0] 0x820	(2080)
		mem[1] 0x8c020048	(-1946025912)
		mem[2] 0x8c030044	(-1945960380)
		mem[3] 0x20050001	(537198593)
		mem[4] 0x20060008	(537264136)
		mem[5] 0x2007ffff	(537395199)
		mem[6] 0x20080001	(537395201)
		mem[7] 0x452024	(4530212)
		mem[8] 0x10800004	(276824068)
		mem[9] 0x610820	(6359072)
		mem[10] 0x681804	(6821892)
		mem[11] 0xa82804	(11020292)
		mem[12] 0xe63020	(15085600)
		mem[13] 0x10c00004	(281018372)
		mem[14] 0x1000ffe0	(268500960)
		mem[15] 0xac01004c	(-1409220532)
		mem[16] 0xfc000000	(-67108864)
		mem[17] 0x75bcd15	(123456789)
		mem[18] 0x75bcd15	(123456789)
		mem[19] 0x0	(0)
	registers:
		reg[0] 0x0	(0)
		reg[1] 0x9a87d2b9	(-1702374727)
		reg[2] 0x75bcd15	(123456789)
		reg[3] 0xeb79a2a0	(-344350048)
		reg[4] 0x0	(0)
		reg[5] 0x20	(32)
		reg[6] 0x3	(3)
		reg[7] 0xffffffff	(-1)
		reg[8] 0x1	(1)
		reg[9] 0x0	(0)
		reg[10] 0x0	(0)
		reg[11] 0x0	(0)
		reg[12] 0x0	(0)
		reg[13] 0x0	(0)
		reg[14] 0x0	(0)
		reg[15] 0x0	(0)
		reg[16] 0x0	(0)
		reg[17] 0x0	(0)
		reg[18] 0x0	(0)
		reg[19] 0x0	(0)
		reg[20] 0x0	(0)
		reg[21] 0x0	(0)
		reg[22] 0x0	(0)
		reg[23] 0x0	(0)
		reg[24] 0x0	(0)
		reg[25] 0x0	(0)
		reg[26] 0x0	(0)
		reg[27] 0x0	(0)
		reg[28] 0x0	(0)
		reg[29] 0x0	(0)
		reg[30] 0x0	(0)
		reg[31] 0x0	(0)

state after cycle 47:
	pc=44
	memory:
		mem[0] 0x820	(2080)
		mem[1] 0x8c020048	(-1946025912)
		mem[2] 0x8c030044	(-1945960380)
		mem[3] 0x20050001	(537198593)
		mem[4] 0x20060008	(537264136)
		mem[5] 0x2007ffff	(537395199)
		mem[6] 0x20080001	(537395201)
		mem[7] 0x452024	(4530212)
		mem[8] 0x10800004	(276824068)
		mem[9] 0x610820	(6359072)
		mem[10] 0x681804	(6821892)
		mem[11] 0xa82804	(11020292)
		mem[12] 0xe63020	(15085600)
		mem[13] 0x10c00004	(281018372)
		mem[14] 0x1000ffe0	(268500960)
		mem[15] 0xac01004c	(-1409220532)
		mem[16] 0xfc000000	(-67108864)
		mem[17] 0x75bcd15	(123456789)
		mem[18] 0x75bcd15	(123456789)
		mem[19] 0x0	(0)
	registers:
		reg[0] 0x0	(0)
		reg[1] 0x9a87d2b9	(-1702374727)
		reg[2] 0x75bcd15	(123456789)
		reg[3] 0xd6f34540	(-688700096)
		reg[4] 0x0	(0)
		reg[5] 0x20	(32)
		reg[6] 0x3	(3)
		reg[7] 0xffffffff	(-1)
		reg[8] 0x1	(1)
		reg[9] 0x0	(0)
		reg[10] 0x0	(0)
		reg[11] 0x0	(0)
		reg[12] 0x0	(0)
		reg[13] 0x0	(0)
		reg[14] 0x0	(0)
		reg[15] 0x0	(0)
		reg[16] 0x0	(0)
		reg[17] 0x0	(0)
		reg[18] 0x0	(0)
		reg[19] 0x0	(0)
		reg[20] 0x0	(0)
		reg[21] 0x0	(0)
		reg[22] 0x0	(0)
		reg[23] 0x0	(0)
		reg[24] 0x0	(0)
		reg[25] 0x0	(0)
		reg[26] 0x0	(0)
		reg[27] 0x0	(0)
		reg[28] 0x0	(0)
		reg[29] 0x0	(0)
		reg[30] 0x0	(0)
		reg[31] 0x0	(0)

state after cycle 48:
	pc=48
	memory:
		mem[0] 0x820	(2080)
		mem[1] 0x8c020048	(-1946025912)
		mem[2] 0x8c030044	(-1945960380)
		mem[3] 0x20050001	(537198593)
		mem[4] 0x20060008	(537264136)
		mem[5] 0x2007ffff	(537395199)
		mem[6] 0x20080001	(537395201)
		mem[7] 0x452024	(4530212)
		mem[8] 0x10800004	(276824068)
		mem[9] 0x610820	(6359072)
		mem[10] 0x681804	(6821892)
		mem[11] 0xa82804	(11020292)
		mem[12] 0xe63020	(15085600)
		mem[13] 0x10c00004	(281018372)
		mem[14] 0x1000ffe0	(268500960)
		mem[15] 0xac01004c	(-1409220532)
		mem[16] 0xfc000000	(-67108864)
		mem[17] 0x75bcd15	(123456789)
		mem[18] 0x75bcd15	(123456789)
		mem[19] 0x0	(0)
	registers:
		reg[0] 0x0	(0)
		reg[1] 0x9a87d2b9	(-1702374727)
		reg[2] 0x75bcd15	(123456789)
		reg[3] 0xd6f34540	(-688700096)
		reg[4] 0x0	(0)
		reg[5] 0x40	(64)
		reg[6] 0x3	(3)
		reg[7] 0xffffffff	(-1)
		reg[8] 0x1	(1)
		reg[9] 0x0	(0)
		reg[10] 0x0	(0)
		reg[11] 0x0	(0)
		reg[12] 0x0	(0)
		reg[13] 0x0	(0)
		reg[14] 0x0	(0)
		reg[15] 0x0	(0)
		reg[16] 0x0	(0)
		reg[17] 0x0	(0)
		reg[18] 0x0	(0)
		reg[19] 0x0	(0)
		reg[20] 0x0	(0)
		reg[21] 0x0	(0)
		reg[22] 0x0	(0)
		reg[23] 0x0	(0)
		reg[24] 0x0	(0)
		reg[25] 0x0	(0)
		reg[26] 0x0	(0)
		reg[27] 0x0	(0)
		reg[28] 0x0	(0)
		reg[29] 0x0	(0)
		reg[30] 0x0	(0)
		reg[31] 0x0	(0)

state after cycle 49:
	pc=52
	memory:
		mem[0] 0x820	(2080)
		mem[1] 0x8c020048	(-1946025912)
		mem[2] 0x8c030044	(-1945960380)
		mem[3] 0x20050001	(537198593)
		mem[4] 0x20060008	(537264136)
		mem[5] 0x2007ffff	(537395199)
		mem[6] 0x20080001	(537395201)
		mem[7] 0x452024	(4530212)
		mem[8] 0x10800004	(276824068)
		mem[9] 0x610820	(6359072)
		mem[10] 0x681804	(6821892)
		mem[11] 0xa82804	(11020292)
		mem[12] 0xe63020	(15085600)
		mem[13] 0x10c00004	(281018372)
		mem[14] 0x1000ffe0	(268500960)
		mem[15] 0xac01004c	(-1409220532)
		mem[16] 0xfc000000	(-67108864)
		mem[17] 0x75bcd15	(123456789)
		mem[18] 0x75bcd15	(123456789)
		mem[19] 0x0	(0)
	registers:
		reg[0] 0x0	(0)
		reg[1] 0x9a87d2b9	(-1702374727)
		reg[2] 0x75bcd15	(123456789)
		reg[3] 0xd6f34540	(-688700096)
		reg[4] 0x0	(0)
		reg[5] 0x40	(64)
		reg[6] 0x2	(2)
		reg[7] 0xffffffff	(-1)
		reg[8] 0x1	(1)
		reg[9] 0x0	(0)
		reg[10] 0x0	(0)
		reg[11] 0x0	(0)
		reg[12] 0x0	(0)
		reg[13] 0x0	(0)
		reg[14] 0x0	(0)
		reg[15] 0x0	(0)
		reg[16] 0x0	(0)
		reg[17] 0x0	(0)
		reg[18] 0x0	(0)
		reg[19] 0x0	(0)
		reg[20] 0x0	(0)
		reg[21] 0x0	(0)
		reg[22] 0x0	(0)
		reg[23] 0x0	(0)
		reg[24] 0x0	(0)
		reg[25] 0x0	(0)
		reg[26] 0x0	(0)
		reg[27] 0x0	(0)
		reg[28] 0x0	(0)
		reg[29] 0x0	(0)
		reg[30] 0x0	(0)
		reg[31] 0x0	(0)

state after cycle 50:
	pc=56
	memory:
		mem[0] 0x820	(2080)
		mem[1] 0x8c020048	(-1946025912)
		mem[2] 0x8c030044	(-1945960380)
		mem[3] 0x20050001	(537198593)
		mem[4] 0x20060008	(537264136)
		mem[5] 0x2007ffff	(537395199)
		mem[6] 0x20080001	(537395201)
		mem[7] 0x452024	(4530212)
		mem[8] 0x10800004	(276824068)
		mem[9] 0x610820	(6359072)
		mem[10] 0x681804	(6821892)
		mem[11] 0xa82804	(11020292)
		mem[12] 0xe63020	(15085600)
		mem[13] 0x10c00004	(281018372)
		mem[14] 0x1000ffe0	(268500960)
		mem[15] 0xac01004c	(-1409220532)
		mem[16] 0xfc000000	(-67108864)
		mem[17] 0x75bcd15	(123456789)
		mem[18] 0x75bcd15	(123456789)
		mem[19] 0x0	(0)
	registers:
		reg[0] 0x0	(0)
		reg[1] 0x9a87d2b9	(-1702374727)
		reg[2] 0x75bcd15	(123456789)
		reg[3] 0xd6f34540	(-688700096)
		reg[4] 0x0	(0)
		reg[5] 0x40	(64)
		reg[6] 0x2	(2)
		reg[7] 0xffffffff	(-1)
		reg[8] 0x1	(1)
		reg[9] 0x0	(0)
		reg[10] 0x0	(0)
		reg[11] 0x0	(0)
		reg[12] 0x0	(0)
		reg[13] 0x0	(0)
		reg[14] 0x0	(0)
		reg[15] 0x0	(0)
		reg[16] 0x0	(0)
		reg[17] 0x0	(0)
		reg[18] 0x0	(0)
		reg[19] 0x0	(0)
		reg[20] 0x0	(0)
		reg[21] 0x0	(0)
		reg[22] 0x0	(0)
		reg[23] 0x0	(0)
		reg[24] 0x0	(0)
		reg[25] 0x0	(0)
		reg[26] 0x0	(0)
		reg[27] 0x0	(0)
		reg[28] 0x0	(0)
		reg[29] 0x0	(0)
		reg[30] 0x0	(0)
		reg[31] 0x0	(0)

state after cycle 51:
	pc=28
	memory:
		mem[0] 0x820	(2080)
		mem[1] 0x8c020048	(-1946025912)
		mem[2] 0x8c030044	(-1945960380)
		mem[3] 0x20050001	(537198593)
		mem[4] 0x20060008	(537264136)
		mem[5] 0x2007ffff	(537395199)
		mem[6] 0x20080001	(537395201)
		mem[7] 0x452024	(4530212)
		mem[8] 0x10800004	(276824068)
		mem[9] 0x610820	(6359072)
		mem[10] 0x681804	(6821892)
		mem[11] 0xa82804	(11020292)
		mem[12] 0xe63020	(15085600)
		mem[13] 0x10c00004	(281018372)
		mem[14] 0x1000ffe0	(268500960)
		mem[15] 0xac01004c	(-1409220532)
		mem[16] 0xfc000000	(-67108864)
		mem[17] 0x75bcd15	(123456789)
		mem[18] 0x75bcd15	(123456789)
		mem[19] 0x0	(0)
	registers:
		reg[0] 0x0	(0)
		reg[1] 0x9a87d2b9	(-1702374727)
		reg[2] 0x75bcd15	(123456789)
		reg[3] 0xd6f34540	(-688700096)
		reg[4] 0x0	(0)
		reg[5] 0x40	(64)
		reg[6] 0x2	(2)
		reg[7] 0xffffffff	(-1)
		reg[8] 0x1	(1)
		reg[9] 0x0	(0)
		reg[10] 0x0	(0)
		reg[11] 0x0	(0)
		reg[12] 0x0	(0)
		reg[13] 0x0	(0)
		reg[14] 0x0	(0)
		reg[15] 0x0	(0)
		reg[16] 0x0	(0)
		reg[17] 0x0	(0)
		reg[18] 0x0	(0)
		reg[19] 0x0	(0)
		reg[20] 0x0	(0)
		reg[21] 0x0	(0)
		reg[22] 0x0	(0)
		reg[23] 0x0	(0)
		reg[24] 0x0	(0)
		reg[25] 0x0	(0)
		reg[26] 0x0	(0)
		reg[27] 0x0	(0)
		reg[28] 0x0	(0)
		reg[29] 0x0	(0)
		reg[30] 0x0	(0)
		reg[31] 0x0	(0)

state after cycle 52:
	pc=32
	memory:
		mem[0] 0x820	(2080)
		mem[1] 0x8c020048	(-1946025912)
		mem[2] 0x8c030044	(-1945960380)
		mem[3] 0x20050001	(537198593)
		mem[4] 0x20060008	(537264136)
		mem[5] 0x2007ffff	(537395199)
		mem[6] 0x20080001	(537395201)
		mem[7] 0x452024	(4530212)
		mem[8] 0x10800004	(276824068)
		mem[9] 0x610820	(6359072)
		mem[10] 0x681804	(6821892)
		mem[11] 0xa82804	(11020292)
		mem[12] 0xe63020	(15085600)
		mem[13] 0x10c00004	(281018372)
		mem[14] 0x1000ffe0	(268500960)
		mem[15] 0xac01004c	(-1409220532)
		mem[16] 0xfc000000	(-67108864)
		mem[17] 0x75bcd15	(123456789)
		mem[18] 0x75bcd15	(123456789)
		mem[19] 0x0	(0)
	registers:
		reg[0] 0x0	(0)
		reg[1] 0x9a87d2b9	(-1702374727)
		reg[2] 0x75bcd15	(123456789)
		reg[3] 0xd6f34540	(-688700096)
		reg[4] 0x0	(0)
		reg[5] 0x40	(64)
		reg[6] 0x2	(2)
		reg[7] 0xffffffff	(-1)
		reg[8] 0x1	(1)
		reg[9] 0x0	(0)
		reg[10] 0x0	(0)
		reg[11] 0x0	(0)
		reg[12] 0x0	(0)
		reg[13] 0x0	(0)
		reg[14] 0x0	(0)
		reg[15] 0x0	(0)
		reg[16] 0x0	(0)
		reg[17] 0x0	(0)
		reg[18] 0x0	(0)
		reg[19] 0x0	(0)
		reg[20] 0x0	(0)
		reg[21] 0x0	(0)
		reg[22] 0x0	(0)
		reg[23] 0x0	(0)
		reg[24] 0x0	(0)
		reg[25] 0x0	(0)
		reg[26] 0x0	(0)
		reg[27] 0x0	(0)
		reg[28] 0x0	(0)
		reg[29] 0x0	(0)
		reg[30] 0x0	(0)
		reg[31] 0x0	(0)

state after cycle 53:
	pc=40
	memory:
		mem[0] 0x820	(2080)
		mem[1] 0x8c020048	(-1946025912)
		mem[2] 0x8c030044	(-1945960380)
		mem[3] 0x20050001	(537198593)
		mem[4] 0x20060008	(537264136)
		mem[5] 0x2007ffff	(537395199)
		mem[6] 0x20080001	(537395201)
		mem[7] 0x452024	(4530212)
		mem[8] 0x10800004	(276824068)
		mem[9] 0x610820	(6359072)
		mem[10] 0x681804	(6821892)
		mem[11] 0xa82804	(11020292)
		mem[12] 0xe63020	(15085600)
		mem[13] 0x10c00004	(281018372)
		mem[14] 0x1000ffe0	(268500960)
		mem[15] 0xac01004c	(-1409220532)
		mem[16] 0xfc000000	(-67108864)
		mem[17] 0x75bcd15	(123456789)
		mem[18] 0x75bcd15	(123456789)
		mem[19] 0x0	(0)
	registers:
		reg[0] 0x0	(0)
		reg[1] 0x9a87d2b9	(-1702374727)
		reg[2] 0x75bcd15	(123456789)
		reg[3] 0xd6f34540	(-688700096)
		reg[4] 0x0	(0)
		reg[5] 0x40	(64)
		reg[6] 0x2	(2)
		reg[7] 0xffffffff	(-1)
		reg[8] 0x1	(1)
		reg[9] 0x0	(0)
		reg[10] 0x0	(0)
		reg[11] 0x0	(0)
		reg[12] 0x0	(0)
		reg[13] 0x0	(0)
		reg[14] 0x0	(0)
		reg[15] 0x0	(0)
		reg[16] 0x0	(0)
		reg[17] 0x0	(0)
		reg[18] 0x0	(0)
		reg[19] 0x0	(0)
		reg[20] 0x0	(0)
		reg[21] 0x0	(0)
		reg[22] 0x0	(0)
		reg[23] 0x0	(0)
		reg[24] 0x0	(0)
		reg[25] 0x0	(0)
		reg[26] 0x0	(0)
		reg[27] 0x0	(0)
		reg[28] 0x0	(0)
		reg[29] 0x0	(0)
		reg[30] 0x0	(0)
		reg[31] 0x0	(0)

state after cycle 54:
	pc=44
	memory:
		mem[0] 0x820	(2080)
		mem[1] 0x8c020048	(-1946025912)
		mem[2] 0x8c030044	(-1945960380)
		mem[3] 0x20050001	(537198593)
		mem[4] 0x20060008	(537264136)
		mem[5] 0x2007ffff	(537395199)
		mem[6] 0x20080001	(537395201)
		mem[7] 0x452024	(4530212)
		mem[8] 0x10800004	(276824068)
		mem[9] 0x610820	(6359072)
		mem[10] 0x681804	(6821892)
		mem[11] 0xa82804	(11020292)
		mem[12] 0xe63020	(15085600)
		mem[13] 0x10c00004	(281018372)
		mem[14] 0x1000ffe0	(268500960)
		mem[15] 0xac01004c	(-1409220532)
		mem[16] 0xfc000000	(-67108864)
		mem[17] 0x75bcd15	(123456789)
		mem[18] 0x75bcd15	(123456789)
		mem[19] 0x0	(0)
	registers:
		reg[0] 0x0	(0)
		reg[1] 0x9a87d2b9	(-1702374727)
		reg[2] 0x75bcd15	(123456789)
		reg[3] 0xade68a80	(-1377400192)
		reg[4] 0x0	(0)
		reg[5] 0x40	(64)
		reg[6] 0x2	(2)
		reg[7] 0xffffffff	(-1)
		reg[8] 0x1	(1)
		reg[9] 0x0	(0)
		reg[10] 0x0	(0)
		reg[11] 0x0	(0)
		reg[12] 0x0	(0)
		reg[13] 0x0	(0)
		reg[14] 0x0	(0)
		reg[15] 0x0	(0)
		reg[16] 0x0	(0)
		reg[17] 0x0	(0)
		reg[18] 0x0	(0)
		reg[19] 0x0	(0)
		reg[20] 0x0	(0)
		reg[21] 0x0	(0)
		reg[22] 0x0	(0)
		reg[23] 0x0	(0)
		reg[24] 0x0	(0)
		reg[25] 0x0	(0)
		reg[26] 0x0	(0)
		reg[27] 0x0	(0)
		reg[28] 0x0	(0)
		reg[29] 0x0	(0)
		reg[30] 0x0	(0)
		reg[31] 0x0	(0)

state after cycle 55:
	pc=48
	memory:
		mem[0] 0x820	(2080)
		mem[1] 0x8c020048	(-1946025912)
		mem[2] 0x8c030044	(-1945960380)
		mem[3] 0x20050001	(537198593)
		mem[4] 0x20060008	(537264136)
		mem[5] 0x2007ffff	(537395199)
		mem[6] 0x20080001	(537395201)
		mem[7] 0x452024	(4530212)
		mem[8] 0x10800004	(276824068)
		mem[9] 0x610820	(6359072)
		mem[10] 0x681804	(6821892)
		mem[11] 0xa82804	(11020292)
		mem[12] 0xe63020	(15085600)
		mem[13] 0x10c00004	(281018372)
		mem[14] 0x1000ffe0	(268500960)
		mem[15] 0xac01004c	(-1409220532)
		mem[16] 0xfc000000	(-67108864)
		mem[17] 0x75bcd15	(123456789)
		mem[18] 0x75bcd15	(123456789)
		mem[19] 0x0	(0)
	registers:
		reg[0] 0x0	(0)
		reg[1] 0x9a87d2b9	(-1702374727)
		reg[2] 0x75bcd15	(123456789)
		reg[3] 0xade68a80	(-1377400192)
		reg[4] 0x0	(0)
		reg[5] 0x80	(128)
		reg[6] 0x2	(2)
		reg[7] 0xffffffff	(-1)
		reg[8] 0x1	(1)
		reg[9] 0x0	(0)
		reg[10] 0x0	(0)
		reg[11] 0x0	(0)
		reg[12] 0x0	(0)
		reg[13] 0x0	(0)
		reg[14] 0x0	(0)
		reg[15] 0x0	(0)
		reg[16] 0x0	(0)
		reg[17] 0x0	(0)
		reg[18] 0x0	(0)
		reg[19] 0x0	(0)
		reg[20] 0x0	(0)
		reg[21] 0x0	(0)
		reg[22] 0x0	(0)
		reg[23] 0x0	(0)
		reg[24] 0x0	(0)
		reg[25] 0x0	(0)
		reg[26] 0x0	(0)
		reg[27] 0x0	(0)
		reg[28] 0x0	(0)
		reg[29] 0x0	(0)
		reg[30] 0x0	(0)
		reg[31] 0x0	(0)

state after cycle 56:
	pc=52
	memory:
		mem[0] 0x820	(2080)
		mem[1] 0x8c020048	(-1946025912)
		mem[2] 0x8c030044	(-1945960380)
		mem[3] 0x20050001	(537198593)
		mem[4] 0x20060008	(537264136)
		mem[5] 0x2007ffff	(537395199)
		mem[6] 0x20080001	(537395201)
		mem[7] 0x452024	(4530212)
		mem[8] 0x10800004	(276824068)
		mem[9] 0x610820	(6359072)
		mem[10] 0x681804	(6821892)
		mem[11] 0xa82804	(11020292)
		mem[12] 0xe63020	(15085600)
		mem[13] 0x10c00004	(281018372)
		mem[14] 0x1000ffe0	(268500960)
		mem[15] 0xac01004c	(-1409220532)
		mem[16] 0xfc000000	(-67108864)
		mem[17] 0x75bcd15	(123456789)
		mem[18] 0x75bcd15	(123456789)
		mem[19] 0x0	(0)
	registers:
		reg[0] 0x0	(0)
		reg[1] 0x9a87d2b9	(-1702374727)
		reg[2] 0x75bcd15	(123456789)
		reg[3] 0xade68a80	(-1377400192)
		reg[4] 0x0	(0)
		reg[5] 0x80	(128)
		reg[6] 0x1	(1)
		reg[7] 0xffffffff	(-1)
		reg[8] 0x1	(1)
		reg[9] 0x0	(0)
		reg[10] 0x0	(0)
		reg[11] 0x0	(0)
		reg[12] 0x0	(0)
		reg[13] 0x0	(0)
		reg[14] 0x0	(0)
		reg[15] 0x0	(0)
		reg[16] 0x0	(0)
		reg[17] 0x0	(0)
		reg[18] 0x0	(0)
		reg[19] 0x0	(0)
		reg[20] 0x0	(0)
		reg[21] 0x0	(0)
		reg[22] 0x0	(0)
		reg[23] 0x0	(0)
		reg[24] 0x0	(0)
		reg[25] 0x0	(0)
		reg[26] 0x0	(0)
		reg[27] 0x0	(0)
		reg[28] 0x0	(0)
		reg[29] 0x0	(0)
		reg[30] 0x0	(0)
		reg[31] 0x0	(0)

state after cycle 57:
	pc=56
	memory:
		mem[0] 0x820	(2080)
		mem[1] 0x8c020048	(-1946025912)
		mem[2] 0x8c030044	(-1945960380)
		mem[3] 0x20050001	(537198593)
		mem[4] 0x20060008	(537264136)
		mem[5] 0x2007ffff	(537395199)
		mem[6] 0x20080001	(537395201)
		mem[7] 0x452024	(4530212)
		mem[8] 0x10800004	(276824068)
		mem[9] 0x610820	(6359072)
		mem[10] 0x681804	(6821892)
		mem[11] 0xa82804	(11020292)
		mem[12] 0xe63020	(15085600)
		mem[13] 0x10c00004	(281018372)
		mem[14] 0x1000ffe0	(268500960)
		mem[15] 0xac01004c	(-1409220532)
		mem[16] 0xfc000000	(-67108864)
		mem[17] 0x75bcd15	(123456789)
		mem[18] 0x75bcd15	(123456789)
		mem[19] 0x0	(0)
	registers:
		reg[0] 0x0	(0)
		reg[1] 0x9a87d2b9	(-1702374727)
		reg[2] 0x75bcd15	(123456789)
		reg[3] 0xade68a80	(-1377400192)
		reg[4] 0x0	(0)
		reg[5] 0x80	(128)
		reg[6] 0x1	(1)
		reg[7] 0xffffffff	(-1)
		reg[8] 0x1	(1)
		reg[9] 0x0	(0)
		reg[10] 0x0	(0)
		reg[11] 0x0	(0)
		reg[12] 0x0	(0)
		reg[13] 0x0	(0)
		reg[14] 0x0	(0)
		reg[15] 0x0	(0)
		reg[16] 0x0	(0)
		reg[17] 0x0	(0)
		reg[18] 0x0	(0)
		reg[19] 0x0	(0)
		reg[20] 0x0	(0)
		reg[21] 0x0	(0)
		reg[22] 0x0	(0)
		reg[23] 0x0	(0)
		reg[24] 0x0	(0)
		reg[25] 0x0	(0)
		reg[26] 0x0	(0)
		reg[27] 0x0	(0)
		reg[28] 0x0	(0)
		reg[29] 0x0	(0)
		reg[30] 0x0	(0)
		reg[31] 0x0	(0)

state after cycle 58:
	pc=28
	memory:
		mem[0] 0x820	(2080)
		mem[1] 0x8c020048	(-1946025912)
		mem[2] 0x8c030044	(-1945960380)
		mem[3] 0x20050001	(537198593)
		mem[4] 0x20060008	(537264136)
		mem[5] 0x2007ffff	(537395199)
		mem[6] 0x20080001	(537395201)
		mem[7] 0x452024	(4530212)
		mem[8] 0x10800004	(276824068)
		mem[9] 0x610820	(6359072)
		mem[10] 0x681804	(6821892)
		mem[11] 0xa82804	(11020292)
		mem[12] 0xe63020	(15085600)
		mem[13] 0x10c00004	(281018372)
		mem[14] 0x1000ffe0	(268500960)
		mem[15] 0xac01004c	(-1409220532)
		mem[16] 0xfc000000	(-67108864)
		mem[17] 0x75bcd15	(123456789)
		mem[18] 0x75bcd15	(123456789)
		mem[19] 0x0	(0)
	registers:
		reg[0] 0x0	(0)
		reg[1] 0x9a87d2b9	(-1702374727)
		reg[2] 0x75bcd15	(123456789)
		reg[3] 0xade68a80	(-1377400192)
		reg[4] 0x0	(0)
		reg[5] 0x80	(128)
		reg[6] 0x1	(1)
		reg[7] 0xffffffff	(-1)
		reg[8] 0x1	(1)
		reg[9] 0x0	(0)
		reg[10] 0x0	(0)
		reg[11] 0x0	(0)
		reg[12] 0x0	(0)
		reg[13] 0x0	(0)
		reg[14] 0x0	(0)
		reg[15] 0x0	(0)
		reg[16] 0x0	(0)
		reg[17] 0x0	(0)
		reg[18] 0x0	(0)
		reg[19] 0x0	(0)
		reg[20] 0x0	(0)
		reg[21] 0x0	(0)
		reg[22] 0x0	(0)
		reg[23] 0x0	(0)
		reg[24] 0x0	(0)
		reg[25] 0x0	(0)
		reg[26] 0x0	(0)
		reg[27] 0x0	(0)
		reg[28] 0x0	(0)
		reg[29] 0x0	(0)
		reg[30] 0x0	(0)
		reg[31] 0x0	(0)

state after cycle 59:
	pc=32
	memory:
		mem[0] 0x820	(2080)
		mem[1] 0x8c020048	(-1946025912)
		mem[2] 0x8c030044	(-1945960380)
		mem[3] 0x20050001	(537198593)
		mem[4] 0x20060008	(537264136)
		mem[5] 0x2007ffff	(537395199)
		mem[6] 0x20080001	(537395201)
		mem[7] 0x452024	(4530212)
		mem[8] 0x10800004	(276824068)
		mem[9] 0x610820	(6359072)
		mem[10] 0x681804	(6821892)
		mem[11] 0xa82804	(11020292)
		mem[12] 0xe63020	(15085600)
		mem[13] 0x10c00004	(281018372)
		mem[14] 0x1000ffe0	(268500960)
		mem[15] 0xac01004c	(-1409220532)
		mem[16] 0xfc000000	(-67108864)
		mem[17] 0x75bcd15	(123456789)
		mem[18] 0x75bcd15	(123456789)
		mem[19] 0x0	(0)
	registers:
		reg[0] 0x0	(0)
		reg[1] 0x9a87d2b9	(-1702374727)
		reg[2] 0x75bcd15	(123456789)
		reg[3] 0xade68a80	(-1377400192)
		reg[4] 0x0	(0)
		reg[5] 0x80	(128)
		reg[6] 0x1	(1)
		reg[7] 0xffffffff	(-1)
		reg[8] 0x1	(1)
		reg[9] 0x0	(0)
		reg[10] 0x0	(0)
		reg[11] 0x0	(0)
		reg[12] 0x0	(0)
		reg[13] 0x0	(0)
		reg[14] 0x0	(0)
		reg[15] 0x0	(0)
		reg[16] 0x0	(0)
		reg[17] 0x0	(0)
		reg[18] 0x0	(0)
		reg[19] 0x0	(0)
		reg[20] 0x0	(0)
		reg[21] 0x0	(0)
		reg[22] 0x0	(0)
		reg[23] 0x0	(0)
		reg[24] 0x0	(0)
		reg[25] 0x0	(0)
		reg[26] 0x0	(0)
		reg[27] 0x0	(0)
		reg[28] 0x0	(0)
		reg[29] 0x0	(0)
		reg[30] 0x0	(0)
		reg[31] 0x0	(0)

state after cycle 60:
	pc=40
	memory:
		mem[0] 0x820	(2080)
		mem[1] 0x8c020048	(-1946025912)
		mem[2] 0x8c030044	(-1945960380)
		mem[3] 0x20050001	(537198593)
		mem[4] 0x20060008	(537264136)
		mem[5] 0x2007ffff	(537395199)
		mem[6] 0x20080001	(537395201)
		mem[7] 0x452024	(4530212)
		mem[8] 0x10800004	(276824068)
		mem[9] 0x610820	(6359072)
		mem[10] 0x681804	(6821892)
		mem[11] 0xa82804	(11020292)
		mem[12] 0xe63020	(15085600)
		mem[13] 0x10c00004	(281018372)
		mem[14] 0x1000ffe0	(268500960)
		mem[15] 0xac01004c	(-1409220532)
		mem[16] 0xfc000000	(-67108864)
		mem[17] 0x75bcd15	(123456789)
		mem[18] 0x75bcd15	(123456789)
		mem[19] 0x0	(0)
	registers:
		reg[0] 0x0	(0)
		reg[1] 0x9a87d2b9	(-1702374727)
		reg[2] 0x75bcd15	(123456789)
		reg[3] 0xade68a80	(-1377400192)
		reg[4] 0x0	(0)
		reg[5] 0x80	(128)
		reg[6] 0x1	(1)
		reg[7] 0xffffffff	(-1)
		reg[8] 0x1	(1)
		reg[9] 0x0	(0)
		reg[10] 0x0	(0)
		reg[11] 0x0	(0)
		reg[12] 0x0	(0)
		reg[13] 0x0	(0)
		reg[14] 0x0	(0)
		reg[15] 0x0	(0)
		reg[16] 0x0	(0)
		reg[17] 0x0	(0)
		reg[18] 0x0	(0)
		reg[19] 0x0	(0)
		reg[20] 0x0	(0)
		reg[21] 0x0	(0)
		reg[22] 0x0	(0)
		reg[23] 0x0	(0)
		reg[24] 0x0	(0)
		reg[25] 0x0	(0)
		reg[26] 0x0	(0)
		reg[27] 0x0	(0)
		reg[28] 0x0	(0)
		reg[29] 0x0	(0)
		reg[30] 0x0	(0)
		reg[31] 0x0	(0)

state after cycle 61:
	pc=44
	memory:
		mem[0] 0x820	(2080)
		mem[1] 0x8c020048	(-1946025912)
		mem[2] 0x8c030044	(-1945960380)
		mem[3] 0x20050001	(537198593)
		mem[4] 0x20060008	(537264136)
		mem[5] 0x2007ffff	(537395199)
		mem[6] 0x20080001	(537395201)
		mem[7] 0x452024	(4530212)
		mem[8] 0x10800004	(276824068)
		mem[9] 0x610820	(6359072)
		mem[10] 0x681804	(6821892)
		mem[11] 0xa82804	(11020292)
		mem[12] 0xe63020	(15085600)
		mem[13] 0x10c00004	(281018372)
		mem[14] 0x1000ffe0	(268500960)
		mem[15] 0xac01004c	(-1409220532)
		mem[16] 0xfc000000	(-67108864)
		mem[17] 0x75bcd15	(123456789)
		mem[18] 0x75bcd15	(123456789)
		mem[19] 0x0	(0)
	registers:
		reg[0] 0x0	(0)
		reg[1] 0x9a87d2b9	(-1702374727)
		reg[2] 0x75bcd15	(123456789)
		reg[3] 0x5bcd1500	(1540166912)
		reg[4] 0x0	(0)
		reg[5] 0x80	(128)
		reg[6] 0x1	(1)
		reg[7] 0xffffffff	(-1)
		reg[8] 0x1	(1)
		reg[9] 0x0	(0)
		reg[10] 0x0	(0)
		reg[11] 0x0	(0)
		reg[12] 0x0	(0)
		reg[13] 0x0	(0)
		reg[14] 0x0	(0)
		reg[15] 0x0	(0)
		reg[16] 0x0	(0)
		reg[17] 0x0	(0)
		reg[18] 0x0	(0)
		reg[19] 0x0	(0)
		reg[20] 0x0	(0)
		reg[21] 0x0	(0)
		reg[22] 0x0	(0)
		reg[23] 0x0	(0)
		reg[24] 0x0	(0)
		reg[25] 0x0	(0)
		reg[26] 0x0	(0)
		reg[27] 0x0	(0)
		reg[28] 0x0	(0)
		reg[29] 0x0	(0)
		reg[30] 0x0	(0)
		reg[31] 0x0	(0)

state after cycle 62:
	pc=48
	memory:
		mem[0] 0x820	(2080)
		mem[1] 0x8c020048	(-1946025912)
		mem[2] 0x8c030044	(-1945960380)
		mem[3] 0x20050001	(537198593)
		mem[4] 0x20060008	(537264136)
		mem[5] 0x2007ffff	(537395199)
		mem[6] 0x20080001	(537395201)
		mem[7] 0x452024	(4530212)
		mem[8] 0x10800004	(276824068)
		mem[9] 0x610820	(6359072)
		mem[10] 0x681804	(6821892)
		mem[11] 0xa82804	(11020292)
		mem[12] 0xe63020	(15085600)
		mem[13] 0x10c00004	(281018372)
		mem[14] 0x1000ffe0	(268500960)
		mem[15] 0xac01004c	(-1409220532)
		mem[16] 0xfc000000	(-67108864)
		mem[17] 0x75bcd15	(123456789)
		mem[18] 0x75bcd15	(123456789)
		mem[19] 0x0	(0)
	registers:
		reg[0] 0x0	(0)
		reg[1] 0x9a87d2b9	(-1702374727)
		reg[2] 0x75bcd15	(123456789)
		reg[3] 0x5bcd1500	(1540166912)
		reg[4] 0x0	(0)
		reg[5] 0x100	(256)
		reg[6] 0x1	(1)
		reg[7] 0xffffffff	(-1)
		reg[8] 0x1	(1)
		reg[9] 0x0	(0)
		reg[10] 0x0	(0)
		reg[11] 0x0	(0)
		reg[12] 0x0	(0)
		reg[13] 0x0	(0)
		reg[14] 0x0	(0)
		reg[15] 0x0	(0)
		reg[16] 0x0	(0)
		reg[17] 0x0	(0)
		reg[18] 0x0	(0)
		reg[19] 0x0	(0)
		reg[20] 0x0	(0)
		reg[21] 0x0	(0)
		reg[22] 0x0	(0)
		reg[23] 0x0	(0)
		reg[24] 0x0	(0)
		reg[25] 0x0	(0)
		reg[26] 0x0	(0)
		reg[27] 0x0	(0)
		reg[28] 0x0	(0)
		reg[29] 0x0	(0)
		reg[30] 0x0	(0)
		reg[31] 0x0	(0)

state after cycle 63:
	pc=52
	memory:
		mem[0] 0x820	(2080)
		mem[1] 0x8c020048	(-1946025912)
		mem[2] 0x8c030044	(-1945960380)
		mem[3] 0x20050001	(537198593)
		mem[4] 0x20060008	(537264136)
		mem[5] 0x2007ffff	(537395199)
		mem[6] 0x20080001	(537395201)
		mem[7] 0x452024	(4530212)
		mem[8] 0x10800004	(276824068)
		mem[9] 0x610820	(6359072)
		mem[10] 0x681804	(6821892)
		mem[11] 0xa82804	(11020292)
		mem[12] 0xe63020	(15085600)
		mem[13] 0x10c00004	(281018372)
		mem[14] 0x1000ffe0	(268500960)
		mem[15] 0xac01004c	(-1409220532)
		mem[16] 0xfc000000	(-67108864)
		mem[17] 0x75bcd15	(123456789)
		mem[18] 0x75bcd15	(123456789)
		mem[19] 0x0	(0)
	registers:
		reg[0] 0x0	(0)
		reg[1] 0x9a87d2b9	(-1702374727)
		reg[2] 0x75bcd15	(123456789)
		reg[3] 0x5bcd1500	(1540166912)
		reg[4] 0x0	(0)
		reg[5] 0x100	(256)
		reg[6] 0x0	(0)
		reg[7] 0xffffffff	(-1)
		reg[8] 0x1	(1)
		reg[9] 0x0	(0)
		reg[10] 0x0	(0)
		reg[11] 0x0	(0)
		reg[12] 0x0	(0)
		reg[13] 0x0	(0)
		reg[14] 0x0	(0)
		reg[15] 0x0	(0)
		reg[16] 0x0	(0)
		reg[17] 0x0	(0)
		reg[18] 0x0	(0)
		reg[19] 0x0	(0)
		reg[20] 0x0	(0)
		reg[21] 0x0	(0)
		reg[22] 0x0	(0)
		reg[23] 0x0	(0)
		reg[24] 0x0	(0)
		reg[25] 0x0	(0)
		reg[26] 0x0	(0)
		reg[27] 0x0	(0)
		reg[28] 0x0	(0)
		reg[29] 0x0	(0)
		reg[30] 0x0	(0)
		reg[31] 0x0	(0)

state after cycle 64:
	pc=60
	memory:
		mem[0] 0x820	(2080)
		mem[1] 0x8c020048	(-1946025912)
		mem[2] 0x8c030044	(-1945960380)
		mem[3] 0x20050001	(537198593)
		mem[4] 0x20060008	(537264136)
		mem[5] 0x2007ffff	(537395199)
		mem[6] 0x20080001	(537395201)
		mem[7] 0x452024	(4530212)
		mem[8] 0x10800004	(276824068)
		mem[9] 0x610820	(6359072)
		mem[10] 0x681804	(6821892)
		mem[11] 0xa82804	(11020292)
		mem[12] 0xe63020	(15085600)
		mem[13] 0x10c00004	(281018372)
		mem[14] 0x1000ffe0	(268500960)
		mem[15] 0xac01004c	(-1409220532)
		mem[16] 0xfc000000	(-67108864)
		mem[17] 0x75bcd15	(123456789)
		mem[18] 0x75bcd15	(123456789)
		mem[19] 0x0	(0)
	registers:
		reg[0] 0x0	(0)
		reg[1] 0x9a87d2b9	(-1702374727)
		reg[2] 0x75bcd15	(123456789)
		reg[3] 0x5bcd1500	(1540166912)
		reg[4] 0x0	(0)
		reg[5] 0x100	(256)
		reg[6] 0x0	(0)
		reg[7] 0xffffffff	(-1)
		reg[8] 0x1	(1)
		reg[9] 0x0	(0)
		reg[10] 0x0	(0)
		reg[11] 0x0	(0)
		reg[12] 0x0	(0)
		reg[13] 0x0	(0)
		reg[14] 0x0	(0)
		reg[15] 0x0	(0)
		reg[16] 0x0	(0)
		reg[17] 0x0	(0)
		reg[18] 0x0	(0)
		reg[19] 0x0	(0)
		reg[20] 0x0	(0)
		reg[21] 0x0	(0)
		reg[22] 0x0	(0)
		reg[23] 0x0	(0)
		reg[24] 0x0	(0)
		reg[25] 0x0	(0)
		reg[26] 0x0	(0)
		reg[27] 0x0	(0)
		reg[28] 0x0	(0)
		reg[29] 0x0	(0)
		reg[30] 0x0	(0)
		reg[31] 0x0	(0)

state after cycle 65:
	pc=64
	memory:
		mem[0] 0x820	(2080)
		mem[1] 0x8c020048	(-1946025912)
		mem[2] 0x8c030044	(-1945960380)
		mem[3] 0x20050001	(537198593)
		mem[4] 0x20060008	(537264136)
		mem[5] 0x2007ffff	(537395199)
		mem[6] 0x20080001	(537395201)
		mem[7] 0x452024	(4530212)
		mem[8] 0x10800004	(276824068)
		mem[9] 0x610820	(6359072)
		mem[10] 0x681804	(6821892)
		mem[11] 0xa82804	(11020292)
		mem[12] 0xe63020	(15085600)
		mem[13] 0x10c00004	(281018372)
		mem[14] 0x1000ffe0	(268500960)
		mem[15] 0xac01004c	(-1409220532)
		mem[16] 0xfc000000	(-67108864)
		mem[17] 0x75bcd15	(123456789)
		mem[18] 0x75bcd15	(123456789)
		mem[19] 0x9a87d2b9	(-1702374727)
	registers:
		reg[0] 0x0	(0)
		reg[1] 0x9a87d2b9	(-1702374727)
		reg[2] 0x75bcd15	(123456789)
		reg[3] 0x5bcd1500	(1540166912)
		reg[4] 0x0	(0)
		reg[5] 0x100	(256)
		reg[6] 0x0	(0)
		reg[7] 0xffffffff	(-1)
		reg[8] 0x1	(1)
		reg[9] 0x0	(0)
		reg[10] 0x0	(0)
		reg[11] 0x0	(0)
		reg[12] 0x0	(0)
		reg[13] 0x0	(0)
		reg[14] 0x0	(0)
		reg[15] 0x0	(0)
		reg[16] 0x0	(0)
		reg[17] 0x0	(0)
		reg[18] 0x0	(0)
		reg[19] 0x0	(0)
		reg[20] 0x0	(0)
		reg[21] 0x0	(0)
		reg[22] 0x0	(0)
		reg[23] 0x0	(0)
		reg[24] 0x0	(0)
		reg[25] 0x0	(0)
		reg[26] 0x0	(0)
		reg[27] 0x0	(0)
		reg[28] 0x0	(0)
		reg[29] 0x0	(0)
		reg[30] 0x0	(0)
		reg[31] 0x0	(0)

machine halted
total of 67 instructions executed
state after cycle 66:
	pc=68
	memory:
		mem[0] 0x820	(2080)
		mem[1] 0x8c020048	(-1946025912)
		mem[2] 0x8c030044	(-1945960380)
		mem[3] 0x20050001	(537198593)
		mem[4] 0x20060008	(537264136)
		mem[5] 0x2007ffff	(537395199)
		mem[6] 0x20080001	(537395201)
		mem[7] 0x452024	(4530212)
		mem[8] 0x10800004	(276824068)
		mem[9] 0x610820	(6359072)
		mem[10] 0x681804	(6821892)
		mem[11] 0xa82804	(11020292)
		mem[12] 0xe63020	(15085600)
		mem[13] 0x10c00004	(281018372)
		mem[14] 0x1000ffe0	(268500960)
		mem[15] 0xac01004c	(-1409220532)
		mem[16] 0xfc000000	(-67108864)
		mem[17] 0x75bcd15	(123456789)
		mem[18] 0x75bcd15	(123456789)
		mem[19] 0x9a87d2b9	(-1702374727)
	registers:
		reg[0] 0x0	(0)
		reg[1] 0x9a87d2b9	(-1702374727)
		reg[2] 0x75bcd15	(123456789)
		reg[3] 0x5bcd1500	(1540166912)
		reg[4] 0x0	(0)
		reg[5] 0x100	(256)
		reg[6] 0x0	(0)
		reg[7] 0xffffffff	(-1)
		reg[8] 0x1	(1)
		reg[9] 0x0	(0)
		reg[10] 0x0	(0)
		reg[11] 0x0	(0)
		reg[12] 0x0	(0)
		reg[13] 0x0	(0)
		reg[14] 0x0	(0)
		reg[15] 0x0	(0)
		reg[16] 0x0	(0)
		reg[17] 0x0	(0)
		reg[18] 0x0	(0)
		reg[19] 0x0	(0)
		reg[20] 0x0	(0)
		reg[21] 0x0	(0)
		reg[22] 0x0	(0)
		reg[23] 0x0	(0)
		reg[24] 0x0	(0)
		reg[25] 0x0	(0)
		reg[26] 0x0	(0)
		reg[27] 0x0	(0)
		reg[28] 0x0	(0)
		reg[29] 0x0	(0)
		reg[30] 0x0	(0)
		reg[31] 0x0	(0)

