memory[0]=8c01001c
memory[1]=8c020020
memory[2]=8c030024
memory[3]=00222020
memory[4]=00832822
memory[5]=ac050028
memory[6]=fc000000
memory[7]=00000032
memory[8]=0000001e
memory[9]=00000014
memory[10]=00000000

state after cycle 0:
	pc=4
	memory:
		mem[0] 0x8c01001c	(-1946091492)
		mem[1] 0x8c020020	(-1946025952)
		mem[2] 0x8c030024	(-1945960412)
		mem[3] 0x222020	(2236448)
		mem[4] 0x832822	(8595490)
		mem[5] 0xac050028	(-1408958424)
		mem[6] 0xfc000000	(-67108864)
		mem[7] 0x32	(50)
		mem[8] 0x1e	(30)
		mem[9] 0x14	(20)
		mem[10] 0x0	(0)
	registers:
		reg[0] 0x0	(0)
		reg[1] 0x32	(50)
		reg[2] 0x0	(0)
		reg[3] 0x0	(0)
		reg[4] 0x0	(0)
		reg[5] 0x0	(0)
		reg[6] 0x0	(0)
		reg[7] 0x0	(0)
		reg[8] 0x0	(0)
		reg[9] 0x0	(0)
		reg[10] 0x0	(0)
		reg[11] 0x0	(0)
		reg[12] 0x0	(0)
		reg[13] 0x0	(0)
		reg[14] 0x0	(0)
		reg[15] 0x0	(0)
		reg[16] 0x0	(0)
		reg[17] 0x0	(0)
		reg[18] 0x0	(0)
		reg[19] 0x0	(0)
		reg[20] 0x0	(0)
		reg[21] 0x0	(0)
		reg[22] 0x0	(0)
		reg[23] 0x0	(0)
		reg[24] 0x0	(0)
		reg[25] 0x0	(0)
		reg[26] 0x0	(0)
		reg[27] 0x0	(0)
		reg[28] 0x0	(0)
		reg[29] 0x0	(0)
		reg[30] 0x0	(0)
		reg[31] 0x0	(0)

state after cycle 1:
	pc=8
	memory:
		mem[0] 0x8c01001c	(-1946091492)
		mem[1] 0x8c020020	(-1946025952)
		mem[2] 0x8c030024	(-1945960412)
		mem[3] 0x222020	(2236448)
		mem[4] 0x832822	(8595490)
		mem[5] 0xac050028	(-1408958424)
		mem[6] 0xfc000000	(-67108864)
		mem[7] 0x32	(50)
		mem[8] 0x1e	(30)
		mem[9] 0x14	(20)
		mem[10] 0x0	(0)
	registers:
		reg[0] 0x0	(0)
		reg[1] 0x32	(50)
		reg[2] 0x1e	(30)
		reg[3] 0x0	(0)
		reg[4] 0x0	(0)
		reg[5] 0x0	(0)
		reg[6] 0x0	(0)
		reg[7] 0x0	(0)
		reg[8] 0x0	(0)
		reg[9] 0x0	(0)
		reg[10] 0x0	(0)
		reg[11] 0x0	(0)
		reg[12] 0x0	(0)
		reg[13] 0x0	(0)
		reg[14] 0x0	(0)
		reg[15] 0x0	(0)
		reg[16] 0x0	(0)
		reg[17] 0x0	(0)
		reg[18] 0x0	(0)
		reg[19] 0x0	(0)
		reg[20] 0x0	(0)
		reg[21] 0x0	(0)
		reg[22] 0x0	(0)
		reg[23] 0x0	(0)
		reg[24] 0x0	(0)
		reg[25] 0x0	(0)
		reg[26] 0x0	(0)
		reg[27] 0x0	(0)
		reg[28] 0x0	(0)
		reg[29] 0x0	(0)
		reg[30] 0x0	(0)
		reg[31] 0x0	(0)

state after cycle 2:
	pc=12
	memory:
		mem[0] 0x8c01001c	(-1946091492)
		mem[1] 0x8c020020	(-1946025952)
		mem[2] 0x8c030024	(-1945960412)
		mem[3] 0x222020	(2236448)
		mem[4] 0x832822	(8595490)
		mem[5] 0xac050028	(-1408958424)
		mem[6] 0xfc000000	(-67108864)
		mem[7] 0x32	(50)
		mem[8] 0x1e	(30)
		mem[9] 0x14	(20)
		mem[10] 0x0	(0)
	registers:
		reg[0] 0x0	(0)
		reg[1] 0x32	(50)
		reg[2] 0x1e	(30)
		reg[3] 0x14	(20)
		reg[4] 0x0	(0)
		reg[5] 0x0	(0)
		reg[6] 0x0	(0)
		reg[7] 0x0	(0)
		reg[8] 0x0	(0)
		reg[9] 0x0	(0)
		reg[10] 0x0	(0)
		reg[11] 0x0	(0)
		reg[12] 0x0	(0)
		reg[13] 0x0	(0)
		reg[14] 0x0	(0)
		reg[15] 0x0	(0)
		reg[16] 0x0	(0)
		reg[17] 0x0	(0)
		reg[18] 0x0	(0)
		reg[19] 0x0	(0)
		reg[20] 0x0	(0)
		reg[21] 0x0	(0)
		reg[22] 0x0	(0)
		reg[23] 0x0	(0)
		reg[24] 0x0	(0)
		reg[25] 0x0	(0)
		reg[26] 0x0	(0)
		reg[27] 0x0	(0)
		reg[28] 0x0	(0)
		reg[29] 0x0	(0)
		reg[30] 0x0	(0)
		reg[31] 0x0	(0)

state after cycle 3:
	pc=16
	memory:
		mem[0] 0x8c01001c	(-1946091492)
		mem[1] 0x8c020020	(-1946025952)
		mem[2] 0x8c030024	(-1945960412)
		mem[3] 0x222020	(2236448)
		mem[4] 0x832822	(8595490)
		mem[5] 0xac050028	(-1408958424)
		mem[6] 0xfc000000	(-67108864)
		mem[7] 0x32	(50)
		mem[8] 0x1e	(30)
		mem[9] 0x14	(20)
		mem[10] 0x0	(0)
	registers:
		reg[0] 0x0	(0)
		reg[1] 0x32	(50)
		reg[2] 0x1e	(30)
		reg[3] 0x14	(20)
		reg[4] 0x50	(80)
		reg[5] 0x0	(0)
		reg[6] 0x0	(0)
		reg[7] 0x0	(0)
		reg[8] 0x0	(0)
		reg[9] 0x0	(0)
		reg[10] 0x0	(0)
		reg[11] 0x0	(0)
		reg[12] 0x0	(0)
		reg[13] 0x0	(0)
		reg[14] 0x0	(0)
		reg[15] 0x0	(0)
		reg[16] 0x0	(0)
		reg[17] 0x0	(0)
		reg[18] 0x0	(0)
		reg[19] 0x0	(0)
		reg[20] 0x0	(0)
		reg[21] 0x0	(0)
		reg[22] 0x0	(0)
		reg[23] 0x0	(0)
		reg[24] 0x0	(0)
		reg[25] 0x0	(0)
		reg[26] 0x0	(0)
		reg[27] 0x0	(0)
		reg[28] 0x0	(0)
		reg[29] 0x0	(0)
		reg[30] 0x0	(0)
		reg[31] 0x0	(0)

state after cycle 4:
	pc=20
	memory:
		mem[0] 0x8c01001c	(-1946091492)
		mem[1] 0x8c020020	(-1946025952)
		mem[2] 0x8c030024	(-1945960412)
		mem[3] 0x222020	(2236448)
		mem[4] 0x832822	(8595490)
		mem[5] 0xac050028	(-1408958424)
		mem[6] 0xfc000000	(-67108864)
		mem[7] 0x32	(50)
		mem[8] 0x1e	(30)
		mem[9] 0x14	(20)
		mem[10] 0x0	(0)
	registers:
		reg[0] 0x0	(0)
		reg[1] 0x32	(50)
		reg[2] 0x1e	(30)
		reg[3] 0x14	(20)
		reg[4] 0x50	(80)
		reg[5] 0x3c	(60)
		reg[6] 0x0	(0)
		reg[7] 0x0	(0)
		reg[8] 0x0	(0)
		reg[9] 0x0	(0)
		reg[10] 0x0	(0)
		reg[11] 0x0	(0)
		reg[12] 0x0	(0)
		reg[13] 0x0	(0)
		reg[14] 0x0	(0)
		reg[15] 0x0	(0)
		reg[16] 0x0	(0)
		reg[17] 0x0	(0)
		reg[18] 0x0	(0)
		reg[19] 0x0	(0)
		reg[20] 0x0	(0)
		reg[21] 0x0	(0)
		reg[22] 0x0	(0)
		reg[23] 0x0	(0)
		reg[24] 0x0	(0)
		reg[25] 0x0	(0)
		reg[26] 0x0	(0)
		reg[27] 0x0	(0)
		reg[28] 0x0	(0)
		reg[29] 0x0	(0)
		reg[30] 0x0	(0)
		reg[31] 0x0	(0)

state after cycle 5:
	pc=24
	memory:
		mem[0] 0x8c01001c	(-1946091492)
		mem[1] 0x8c020020	(-1946025952)
		mem[2] 0x8c030024	(-1945960412)
		mem[3] 0x222020	(2236448)
		mem[4] 0x832822	(8595490)
		mem[5] 0xac050028	(-1408958424)
		mem[6] 0xfc000000	(-67108864)
		mem[7] 0x32	(50)
		mem[8] 0x1e	(30)
		mem[9] 0x14	(20)
		mem[10] 0x3c	(60)
	registers:
		reg[0] 0x0	(0)
		reg[1] 0x32	(50)
		reg[2] 0x1e	(30)
		reg[3] 0x14	(20)
		reg[4] 0x50	(80)
		reg[5] 0x3c	(60)
		reg[6] 0x0	(0)
		reg[7] 0x0	(0)
		reg[8] 0x0	(0)
		reg[9] 0x0	(0)
		reg[10] 0x0	(0)
		reg[11] 0x0	(0)
		reg[12] 0x0	(0)
		reg[13] 0x0	(0)
		reg[14] 0x0	(0)
		reg[15] 0x0	(0)
		reg[16] 0x0	(0)
		reg[17] 0x0	(0)
		reg[18] 0x0	(0)
		reg[19] 0x0	(0)
		reg[20] 0x0	(0)
		reg[21] 0x0	(0)
		reg[22] 0x0	(0)
		reg[23] 0x0	(0)
		reg[24] 0x0	(0)
		reg[25] 0x0	(0)
		reg[26] 0x0	(0)
		reg[27] 0x0	(0)
		reg[28] 0x0	(0)
		reg[29] 0x0	(0)
		reg[30] 0x0	(0)
		reg[31] 0x0	(0)

machine halted
total of 7 instructions executed
state after cycle 6:
	pc=28
	memory:
		mem[0] 0x8c01001c	(-1946091492)
		mem[1] 0x8c020020	(-1946025952)
		mem[2] 0x8c030024	(-1945960412)
		mem[3] 0x222020	(2236448)
		mem[4] 0x832822	(8595490)
		mem[5] 0xac050028	(-1408958424)
		mem[6] 0xfc000000	(-67108864)
		mem[7] 0x32	(50)
		mem[8] 0x1e	(30)
		mem[9] 0x14	(20)
		mem[10] 0x3c	(60)
	registers:
		reg[0] 0x0	(0)
		reg[1] 0x32	(50)
		reg[2] 0x1e	(30)
		reg[3] 0x14	(20)
		reg[4] 0x50	(80)
		reg[5] 0x3c	(60)
		reg[6] 0x0	(0)
		reg[7] 0x0	(0)
		reg[8] 0x0	(0)
		reg[9] 0x0	(0)
		reg[10] 0x0	(0)
		reg[11] 0x0	(0)
		reg[12] 0x0	(0)
		reg[13] 0x0	(0)
		reg[14] 0x0	(0)
		reg[15] 0x0	(0)
		reg[16] 0x0	(0)
		reg[17] 0x0	(0)
		reg[18] 0x0	(0)
		reg[19] 0x0	(0)
		reg[20] 0x0	(0)
		reg[21] 0x0	(0)
		reg[22] 0x0	(0)
		reg[23] 0x0	(0)
		reg[24] 0x0	(0)
		reg[25] 0x0	(0)
		reg[26] 0x0	(0)
		reg[27] 0x0	(0)
		reg[28] 0x0	(0)
		reg[29] 0x0	(0)
		reg[30] 0x0	(0)
		reg[31] 0x0	(0)

