memory[0]=8c010038
memory[1]=8c22003c
memory[2]=8c02003c
memory[3]=8c030040
memory[4]=00222020
memory[5]=8c640000
memory[6]=20240002
memory[7]=10800000
memory[8]=00832822
memory[9]=ac040018
memory[10]=00842024
memory[11]=8c060024
memory[12]=10c00000
memory[13]=fc000000
memory[14]=00000008
memory[15]=00000003
memory[16]=00000008
memory[17]=00000008

state after cycle 0:
	pc=4
	memory:
		mem[0] 0x8c010038	(-1946091464)
		mem[1] 0x8c22003c	(-1943928772)
		mem[2] 0x8c02003c	(-1946025924)
		mem[3] 0x8c030040	(-1945960384)
		mem[4] 0x222020	(2236448)
		mem[5] 0x8c640000	(-1939603456)
		mem[6] 0x20240002	(539230210)
		mem[7] 0x10800000	(276824064)
		mem[8] 0x832822	(8595490)
		mem[9] 0xac040018	(-1409023976)
		mem[10] 0x842024	(8658980)
		mem[11] 0x8c060024	(-1945763804)
		mem[12] 0x10c00000	(281018368)
		mem[13] 0xfc000000	(-67108864)
		mem[14] 0x8	(8)
		mem[15] 0x3	(3)
		mem[16] 0x8	(8)
		mem[17] 0x8	(8)
	registers:
		reg[0] 0x0	(0)
		reg[1] 0x8	(8)
		reg[2] 0x0	(0)
		reg[3] 0x0	(0)
		reg[4] 0x0	(0)
		reg[5] 0x0	(0)
		reg[6] 0x0	(0)
		reg[7] 0x0	(0)
		reg[8] 0x0	(0)
		reg[9] 0x0	(0)
		reg[10] 0x0	(0)
		reg[11] 0x0	(0)
		reg[12] 0x0	(0)
		reg[13] 0x0	(0)
		reg[14] 0x0	(0)
		reg[15] 0x0	(0)
		reg[16] 0x0	(0)
		reg[17] 0x0	(0)
		reg[18] 0x0	(0)
		reg[19] 0x0	(0)
		reg[20] 0x0	(0)
		reg[21] 0x0	(0)
		reg[22] 0x0	(0)
		reg[23] 0x0	(0)
		reg[24] 0x0	(0)
		reg[25] 0x0	(0)
		reg[26] 0x0	(0)
		reg[27] 0x0	(0)
		reg[28] 0x0	(0)
		reg[29] 0x0	(0)
		reg[30] 0x0	(0)
		reg[31] 0x0	(0)

state after cycle 1:
	pc=8
	memory:
		mem[0] 0x8c010038	(-1946091464)
		mem[1] 0x8c22003c	(-1943928772)
		mem[2] 0x8c02003c	(-1946025924)
		mem[3] 0x8c030040	(-1945960384)
		mem[4] 0x222020	(2236448)
		mem[5] 0x8c640000	(-1939603456)
		mem[6] 0x20240002	(539230210)
		mem[7] 0x10800000	(276824064)
		mem[8] 0x832822	(8595490)
		mem[9] 0xac040018	(-1409023976)
		mem[10] 0x842024	(8658980)
		mem[11] 0x8c060024	(-1945763804)
		mem[12] 0x10c00000	(281018368)
		mem[13] 0xfc000000	(-67108864)
		mem[14] 0x8	(8)
		mem[15] 0x3	(3)
		mem[16] 0x8	(8)
		mem[17] 0x8	(8)
	registers:
		reg[0] 0x0	(0)
		reg[1] 0x8	(8)
		reg[2] 0x8	(8)
		reg[3] 0x0	(0)
		reg[4] 0x0	(0)
		reg[5] 0x0	(0)
		reg[6] 0x0	(0)
		reg[7] 0x0	(0)
		reg[8] 0x0	(0)
		reg[9] 0x0	(0)
		reg[10] 0x0	(0)
		reg[11] 0x0	(0)
		reg[12] 0x0	(0)
		reg[13] 0x0	(0)
		reg[14] 0x0	(0)
		reg[15] 0x0	(0)
		reg[16] 0x0	(0)
		reg[17] 0x0	(0)
		reg[18] 0x0	(0)
		reg[19] 0x0	(0)
		reg[20] 0x0	(0)
		reg[21] 0x0	(0)
		reg[22] 0x0	(0)
		reg[23] 0x0	(0)
		reg[24] 0x0	(0)
		reg[25] 0x0	(0)
		reg[26] 0x0	(0)
		reg[27] 0x0	(0)
		reg[28] 0x0	(0)
		reg[29] 0x0	(0)
		reg[30] 0x0	(0)
		reg[31] 0x0	(0)

state after cycle 2:
	pc=12
	memory:
		mem[0] 0x8c010038	(-1946091464)
		mem[1] 0x8c22003c	(-1943928772)
		mem[2] 0x8c02003c	(-1946025924)
		mem[3] 0x8c030040	(-1945960384)
		mem[4] 0x222020	(2236448)
		mem[5] 0x8c640000	(-1939603456)
		mem[6] 0x20240002	(539230210)
		mem[7] 0x10800000	(276824064)
		mem[8] 0x832822	(8595490)
		mem[9] 0xac040018	(-1409023976)
		mem[10] 0x842024	(8658980)
		mem[11] 0x8c060024	(-1945763804)
		mem[12] 0x10c00000	(281018368)
		mem[13] 0xfc000000	(-67108864)
		mem[14] 0x8	(8)
		mem[15] 0x3	(3)
		mem[16] 0x8	(8)
		mem[17] 0x8	(8)
	registers:
		reg[0] 0x0	(0)
		reg[1] 0x8	(8)
		reg[2] 0x3	(3)
		reg[3] 0x0	(0)
		reg[4] 0x0	(0)
		reg[5] 0x0	(0)
		reg[6] 0x0	(0)
		reg[7] 0x0	(0)
		reg[8] 0x0	(0)
		reg[9] 0x0	(0)
		reg[10] 0x0	(0)
		reg[11] 0x0	(0)
		reg[12] 0x0	(0)
		reg[13] 0x0	(0)
		reg[14] 0x0	(0)
		reg[15] 0x0	(0)
		reg[16] 0x0	(0)
		reg[17] 0x0	(0)
		reg[18] 0x0	(0)
		reg[19] 0x0	(0)
		reg[20] 0x0	(0)
		reg[21] 0x0	(0)
		reg[22] 0x0	(0)
		reg[23] 0x0	(0)
		reg[24] 0x0	(0)
		reg[25] 0x0	(0)
		reg[26] 0x0	(0)
		reg[27] 0x0	(0)
		reg[28] 0x0	(0)
		reg[29] 0x0	(0)
		reg[30] 0x0	(0)
		reg[31] 0x0	(0)

state after cycle 3:
	pc=16
	memory:
		mem[0] 0x8c010038	(-1946091464)
		mem[1] 0x8c22003c	(-1943928772)
		mem[2] 0x8c02003c	(-1946025924)
		mem[3] 0x8c030040	(-1945960384)
		mem[4] 0x222020	(2236448)
		mem[5] 0x8c640000	(-1939603456)
		mem[6] 0x20240002	(539230210)
		mem[7] 0x10800000	(276824064)
		mem[8] 0x832822	(8595490)
		mem[9] 0xac040018	(-1409023976)
		mem[10] 0x842024	(8658980)
		mem[11] 0x8c060024	(-1945763804)
		mem[12] 0x10c00000	(281018368)
		mem[13] 0xfc000000	(-67108864)
		mem[14] 0x8	(8)
		mem[15] 0x3	(3)
		mem[16] 0x8	(8)
		mem[17] 0x8	(8)
	registers:
		reg[0] 0x0	(0)
		reg[1] 0x8	(8)
		reg[2] 0x3	(3)
		reg[3] 0x8	(8)
		reg[4] 0x0	(0)
		reg[5] 0x0	(0)
		reg[6] 0x0	(0)
		reg[7] 0x0	(0)
		reg[8] 0x0	(0)
		reg[9] 0x0	(0)
		reg[10] 0x0	(0)
		reg[11] 0x0	(0)
		reg[12] 0x0	(0)
		reg[13] 0x0	(0)
		reg[14] 0x0	(0)
		reg[15] 0x0	(0)
		reg[16] 0x0	(0)
		reg[17] 0x0	(0)
		reg[18] 0x0	(0)
		reg[19] 0x0	(0)
		reg[20] 0x0	(0)
		reg[21] 0x0	(0)
		reg[22] 0x0	(0)
		reg[23] 0x0	(0)
		reg[24] 0x0	(0)
		reg[25] 0x0	(0)
		reg[26] 0x0	(0)
		reg[27] 0x0	(0)
		reg[28] 0x0	(0)
		reg[29] 0x0	(0)
		reg[30] 0x0	(0)
		reg[31] 0x0	(0)

state after cycle 4:
	pc=20
	memory:
		mem[0] 0x8c010038	(-1946091464)
		mem[1] 0x8c22003c	(-1943928772)
		mem[2] 0x8c02003c	(-1946025924)
		mem[3] 0x8c030040	(-1945960384)
		mem[4] 0x222020	(2236448)
		mem[5] 0x8c640000	(-1939603456)
		mem[6] 0x20240002	(539230210)
		mem[7] 0x10800000	(276824064)
		mem[8] 0x832822	(8595490)
		mem[9] 0xac040018	(-1409023976)
		mem[10] 0x842024	(8658980)
		mem[11] 0x8c060024	(-1945763804)
		mem[12] 0x10c00000	(281018368)
		mem[13] 0xfc000000	(-67108864)
		mem[14] 0x8	(8)
		mem[15] 0x3	(3)
		mem[16] 0x8	(8)
		mem[17] 0x8	(8)
	registers:
		reg[0] 0x0	(0)
		reg[1] 0x8	(8)
		reg[2] 0x3	(3)
		reg[3] 0x8	(8)
		reg[4] 0xb	(11)
		reg[5] 0x0	(0)
		reg[6] 0x0	(0)
		reg[7] 0x0	(0)
		reg[8] 0x0	(0)
		reg[9] 0x0	(0)
		reg[10] 0x0	(0)
		reg[11] 0x0	(0)
		reg[12] 0x0	(0)
		reg[13] 0x0	(0)
		reg[14] 0x0	(0)
		reg[15] 0x0	(0)
		reg[16] 0x0	(0)
		reg[17] 0x0	(0)
		reg[18] 0x0	(0)
		reg[19] 0x0	(0)
		reg[20] 0x0	(0)
		reg[21] 0x0	(0)
		reg[22] 0x0	(0)
		reg[23] 0x0	(0)
		reg[24] 0x0	(0)
		reg[25] 0x0	(0)
		reg[26] 0x0	(0)
		reg[27] 0x0	(0)
		reg[28] 0x0	(0)
		reg[29] 0x0	(0)
		reg[30] 0x0	(0)
		reg[31] 0x0	(0)

state after cycle 5:
	pc=24
	memory:
		mem[0] 0x8c010038	(-1946091464)
		mem[1] 0x8c22003c	(-1943928772)
		mem[2] 0x8c02003c	(-1946025924)
		mem[3] 0x8c030040	(-1945960384)
		mem[4] 0x222020	(2236448)
		mem[5] 0x8c640000	(-1939603456)
		mem[6] 0x20240002	(539230210)
		mem[7] 0x10800000	(276824064)
		mem[8] 0x832822	(8595490)
		mem[9] 0xac040018	(-1409023976)
		mem[10] 0x842024	(8658980)
		mem[11] 0x8c060024	(-1945763804)
		mem[12] 0x10c00000	(281018368)
		mem[13] 0xfc000000	(-67108864)
		mem[14] 0x8	(8)
		mem[15] 0x3	(3)
		mem[16] 0x8	(8)
		mem[17] 0x8	(8)
	registers:
		reg[0] 0x0	(0)
		reg[1] 0x8	(8)
		reg[2] 0x3	(3)
		reg[3] 0x8	(8)
		reg[4] 0x8c02003c	(-1946025924)
		reg[5] 0x0	(0)
		reg[6] 0x0	(0)
		reg[7] 0x0	(0)
		reg[8] 0x0	(0)
		reg[9] 0x0	(0)
		reg[10] 0x0	(0)
		reg[11] 0x0	(0)
		reg[12] 0x0	(0)
		reg[13] 0x0	(0)
		reg[14] 0x0	(0)
		reg[15] 0x0	(0)
		reg[16] 0x0	(0)
		reg[17] 0x0	(0)
		reg[18] 0x0	(0)
		reg[19] 0x0	(0)
		reg[20] 0x0	(0)
		reg[21] 0x0	(0)
		reg[22] 0x0	(0)
		reg[23] 0x0	(0)
		reg[24] 0x0	(0)
		reg[25] 0x0	(0)
		reg[26] 0x0	(0)
		reg[27] 0x0	(0)
		reg[28] 0x0	(0)
		reg[29] 0x0	(0)
		reg[30] 0x0	(0)
		reg[31] 0x0	(0)

state after cycle 6:
	pc=28
	memory:
		mem[0] 0x8c010038	(-1946091464)
		mem[1] 0x8c22003c	(-1943928772)
		mem[2] 0x8c02003c	(-1946025924)
		mem[3] 0x8c030040	(-1945960384)
		mem[4] 0x222020	(2236448)
		mem[5] 0x8c640000	(-1939603456)
		mem[6] 0x20240002	(539230210)
		mem[7] 0x10800000	(276824064)
		mem[8] 0x832822	(8595490)
		mem[9] 0xac040018	(-1409023976)
		mem[10] 0x842024	(8658980)
		mem[11] 0x8c060024	(-1945763804)
		mem[12] 0x10c00000	(281018368)
		mem[13] 0xfc000000	(-67108864)
		mem[14] 0x8	(8)
		mem[15] 0x3	(3)
		mem[16] 0x8	(8)
		mem[17] 0x8	(8)
	registers:
		reg[0] 0x0	(0)
		reg[1] 0x8	(8)
		reg[2] 0x3	(3)
		reg[3] 0x8	(8)
		reg[4] 0xa	(10)
		reg[5] 0x0	(0)
		reg[6] 0x0	(0)
		reg[7] 0x0	(0)
		reg[8] 0x0	(0)
		reg[9] 0x0	(0)
		reg[10] 0x0	(0)
		reg[11] 0x0	(0)
		reg[12] 0x0	(0)
		reg[13] 0x0	(0)
		reg[14] 0x0	(0)
		reg[15] 0x0	(0)
		reg[16] 0x0	(0)
		reg[17] 0x0	(0)
		reg[18] 0x0	(0)
		reg[19] 0x0	(0)
		reg[20] 0x0	(0)
		reg[21] 0x0	(0)
		reg[22] 0x0	(0)
		reg[23] 0x0	(0)
		reg[24] 0x0	(0)
		reg[25] 0x0	(0)
		reg[26] 0x0	(0)
		reg[27] 0x0	(0)
		reg[28] 0x0	(0)
		reg[29] 0x0	(0)
		reg[30] 0x0	(0)
		reg[31] 0x0	(0)

state after cycle 7:
	pc=32
	memory:
		mem[0] 0x8c010038	(-1946091464)
		mem[1] 0x8c22003c	(-1943928772)
		mem[2] 0x8c02003c	(-1946025924)
		mem[3] 0x8c030040	(-1945960384)
		mem[4] 0x222020	(2236448)
		mem[5] 0x8c640000	(-1939603456)
		mem[6] 0x20240002	(539230210)
		mem[7] 0x10800000	(276824064)
		mem[8] 0x832822	(8595490)
		mem[9] 0xac040018	(-1409023976)
		mem[10] 0x842024	(8658980)
		mem[11] 0x8c060024	(-1945763804)
		mem[12] 0x10c00000	(281018368)
		mem[13] 0xfc000000	(-67108864)
		mem[14] 0x8	(8)
		mem[15] 0x3	(3)
		mem[16] 0x8	(8)
		mem[17] 0x8	(8)
	registers:
		reg[0] 0x0	(0)
		reg[1] 0x8	(8)
		reg[2] 0x3	(3)
		reg[3] 0x8	(8)
		reg[4] 0xa	(10)
		reg[5] 0x0	(0)
		reg[6] 0x0	(0)
		reg[7] 0x0	(0)
		reg[8] 0x0	(0)
		reg[9] 0x0	(0)
		reg[10] 0x0	(0)
		reg[11] 0x0	(0)
		reg[12] 0x0	(0)
		reg[13] 0x0	(0)
		reg[14] 0x0	(0)
		reg[15] 0x0	(0)
		reg[16] 0x0	(0)
		reg[17] 0x0	(0)
		reg[18] 0x0	(0)
		reg[19] 0x0	(0)
		reg[20] 0x0	(0)
		reg[21] 0x0	(0)
		reg[22] 0x0	(0)
		reg[23] 0x0	(0)
		reg[24] 0x0	(0)
		reg[25] 0x0	(0)
		reg[26] 0x0	(0)
		reg[27] 0x0	(0)
		reg[28] 0x0	(0)
		reg[29] 0x0	(0)
		reg[30] 0x0	(0)
		reg[31] 0x0	(0)

state after cycle 8:
	pc=36
	memory:
		mem[0] 0x8c010038	(-1946091464)
		mem[1] 0x8c22003c	(-1943928772)
		mem[2] 0x8c02003c	(-1946025924)
		mem[3] 0x8c030040	(-1945960384)
		mem[4] 0x222020	(2236448)
		mem[5] 0x8c640000	(-1939603456)
		mem[6] 0x20240002	(539230210)
		mem[7] 0x10800000	(276824064)
		mem[8] 0x832822	(8595490)
		mem[9] 0xac040018	(-1409023976)
		mem[10] 0x842024	(8658980)
		mem[11] 0x8c060024	(-1945763804)
		mem[12] 0x10c00000	(281018368)
		mem[13] 0xfc000000	(-67108864)
		mem[14] 0x8	(8)
		mem[15] 0x3	(3)
		mem[16] 0x8	(8)
		mem[17] 0x8	(8)
	registers:
		reg[0] 0x0	(0)
		reg[1] 0x8	(8)
		reg[2] 0x3	(3)
		reg[3] 0x8	(8)
		reg[4] 0xa	(10)
		reg[5] 0x2	(2)
		reg[6] 0x0	(0)
		reg[7] 0x0	(0)
		reg[8] 0x0	(0)
		reg[9] 0x0	(0)
		reg[10] 0x0	(0)
		reg[11] 0x0	(0)
		reg[12] 0x0	(0)
		reg[13] 0x0	(0)
		reg[14] 0x0	(0)
		reg[15] 0x0	(0)
		reg[16] 0x0	(0)
		reg[17] 0x0	(0)
		reg[18] 0x0	(0)
		reg[19] 0x0	(0)
		reg[20] 0x0	(0)
		reg[21] 0x0	(0)
		reg[22] 0x0	(0)
		reg[23] 0x0	(0)
		reg[24] 0x0	(0)
		reg[25] 0x0	(0)
		reg[26] 0x0	(0)
		reg[27] 0x0	(0)
		reg[28] 0x0	(0)
		reg[29] 0x0	(0)
		reg[30] 0x0	(0)
		reg[31] 0x0	(0)

state after cycle 9:
	pc=40
	memory:
		mem[0] 0x8c010038	(-1946091464)
		mem[1] 0x8c22003c	(-1943928772)
		mem[2] 0x8c02003c	(-1946025924)
		mem[3] 0x8c030040	(-1945960384)
		mem[4] 0x222020	(2236448)
		mem[5] 0x8c640000	(-1939603456)
		mem[6] 0xa	(10)
		mem[7] 0x10800000	(276824064)
		mem[8] 0x832822	(8595490)
		mem[9] 0xac040018	(-1409023976)
		mem[10] 0x842024	(8658980)
		mem[11] 0x8c060024	(-1945763804)
		mem[12] 0x10c00000	(281018368)
		mem[13] 0xfc000000	(-67108864)
		mem[14] 0x8	(8)
		mem[15] 0x3	(3)
		mem[16] 0x8	(8)
		mem[17] 0x8	(8)
	registers:
		reg[0] 0x0	(0)
		reg[1] 0x8	(8)
		reg[2] 0x3	(3)
		reg[3] 0x8	(8)
		reg[4] 0xa	(10)
		reg[5] 0x2	(2)
		reg[6] 0x0	(0)
		reg[7] 0x0	(0)
		reg[8] 0x0	(0)
		reg[9] 0x0	(0)
		reg[10] 0x0	(0)
		reg[11] 0x0	(0)
		reg[12] 0x0	(0)
		reg[13] 0x0	(0)
		reg[14] 0x0	(0)
		reg[15] 0x0	(0)
		reg[16] 0x0	(0)
		reg[17] 0x0	(0)
		reg[18] 0x0	(0)
		reg[19] 0x0	(0)
		reg[20] 0x0	(0)
		reg[21] 0x0	(0)
		reg[22] 0x0	(0)
		reg[23] 0x0	(0)
		reg[24] 0x0	(0)
		reg[25] 0x0	(0)
		reg[26] 0x0	(0)
		reg[27] 0x0	(0)
		reg[28] 0x0	(0)
		reg[29] 0x0	(0)
		reg[30] 0x0	(0)
		reg[31] 0x0	(0)

state after cycle 10:
	pc=44
	memory:
		mem[0] 0x8c010038	(-1946091464)
		mem[1] 0x8c22003c	(-1943928772)
		mem[2] 0x8c02003c	(-1946025924)
		mem[3] 0x8c030040	(-1945960384)
		mem[4] 0x222020	(2236448)
		mem[5] 0x8c640000	(-1939603456)
		mem[6] 0xa	(10)
		mem[7] 0x10800000	(276824064)
		mem[8] 0x832822	(8595490)
		mem[9] 0xac040018	(-1409023976)
		mem[10] 0x842024	(8658980)
		mem[11] 0x8c060024	(-1945763804)
		mem[12] 0x10c00000	(281018368)
		mem[13] 0xfc000000	(-67108864)
		mem[14] 0x8	(8)
		mem[15] 0x3	(3)
		mem[16] 0x8	(8)
		mem[17] 0x8	(8)
	registers:
		reg[0] 0x0	(0)
		reg[1] 0x8	(8)
		reg[2] 0x3	(3)
		reg[3] 0x8	(8)
		reg[4] 0xa	(10)
		reg[5] 0x2	(2)
		reg[6] 0x0	(0)
		reg[7] 0x0	(0)
		reg[8] 0x0	(0)
		reg[9] 0x0	(0)
		reg[10] 0x0	(0)
		reg[11] 0x0	(0)
		reg[12] 0x0	(0)
		reg[13] 0x0	(0)
		reg[14] 0x0	(0)
		reg[15] 0x0	(0)
		reg[16] 0x0	(0)
		reg[17] 0x0	(0)
		reg[18] 0x0	(0)
		reg[19] 0x0	(0)
		reg[20] 0x0	(0)
		reg[21] 0x0	(0)
		reg[22] 0x0	(0)
		reg[23] 0x0	(0)
		reg[24] 0x0	(0)
		reg[25] 0x0	(0)
		reg[26] 0x0	(0)
		reg[27] 0x0	(0)
		reg[28] 0x0	(0)
		reg[29] 0x0	(0)
		reg[30] 0x0	(0)
		reg[31] 0x0	(0)

state after cycle 11:
	pc=48
	memory:
		mem[0] 0x8c010038	(-1946091464)
		mem[1] 0x8c22003c	(-1943928772)
		mem[2] 0x8c02003c	(-1946025924)
		mem[3] 0x8c030040	(-1945960384)
		mem[4] 0x222020	(2236448)
		mem[5] 0x8c640000	(-1939603456)
		mem[6] 0xa	(10)
		mem[7] 0x10800000	(276824064)
		mem[8] 0x832822	(8595490)
		mem[9] 0xac040018	(-1409023976)
		mem[10] 0x842024	(8658980)
		mem[11] 0x8c060024	(-1945763804)
		mem[12] 0x10c00000	(281018368)
		mem[13] 0xfc000000	(-67108864)
		mem[14] 0x8	(8)
		mem[15] 0x3	(3)
		mem[16] 0x8	(8)
		mem[17] 0x8	(8)
	registers:
		reg[0] 0x0	(0)
		reg[1] 0x8	(8)
		reg[2] 0x3	(3)
		reg[3] 0x8	(8)
		reg[4] 0xa	(10)
		reg[5] 0x2	(2)
		reg[6] 0xac040018	(-1409023976)
		reg[7] 0x0	(0)
		reg[8] 0x0	(0)
		reg[9] 0x0	(0)
		reg[10] 0x0	(0)
		reg[11] 0x0	(0)
		reg[12] 0x0	(0)
		reg[13] 0x0	(0)
		reg[14] 0x0	(0)
		reg[15] 0x0	(0)
		reg[16] 0x0	(0)
		reg[17] 0x0	(0)
		reg[18] 0x0	(0)
		reg[19] 0x0	(0)
		reg[20] 0x0	(0)
		reg[21] 0x0	(0)
		reg[22] 0x0	(0)
		reg[23] 0x0	(0)
		reg[24] 0x0	(0)
		reg[25] 0x0	(0)
		reg[26] 0x0	(0)
		reg[27] 0x0	(0)
		reg[28] 0x0	(0)
		reg[29] 0x0	(0)
		reg[30] 0x0	(0)
		reg[31] 0x0	(0)

state after cycle 12:
	pc=52
	memory:
		mem[0] 0x8c010038	(-1946091464)
		mem[1] 0x8c22003c	(-1943928772)
		mem[2] 0x8c02003c	(-1946025924)
		mem[3] 0x8c030040	(-1945960384)
		mem[4] 0x222020	(2236448)
		mem[5] 0x8c640000	(-1939603456)
		mem[6] 0xa	(10)
		mem[7] 0x10800000	(276824064)
		mem[8] 0x832822	(8595490)
		mem[9] 0xac040018	(-1409023976)
		mem[10] 0x842024	(8658980)
		mem[11] 0x8c060024	(-1945763804)
		mem[12] 0x10c00000	(281018368)
		mem[13] 0xfc000000	(-67108864)
		mem[14] 0x8	(8)
		mem[15] 0x3	(3)
		mem[16] 0x8	(8)
		mem[17] 0x8	(8)
	registers:
		reg[0] 0x0	(0)
		reg[1] 0x8	(8)
		reg[2] 0x3	(3)
		reg[3] 0x8	(8)
		reg[4] 0xa	(10)
		reg[5] 0x2	(2)
		reg[6] 0xac040018	(-1409023976)
		reg[7] 0x0	(0)
		reg[8] 0x0	(0)
		reg[9] 0x0	(0)
		reg[10] 0x0	(0)
		reg[11] 0x0	(0)
		reg[12] 0x0	(0)
		reg[13] 0x0	(0)
		reg[14] 0x0	(0)
		reg[15] 0x0	(0)
		reg[16] 0x0	(0)
		reg[17] 0x0	(0)
		reg[18] 0x0	(0)
		reg[19] 0x0	(0)
		reg[20] 0x0	(0)
		reg[21] 0x0	(0)
		reg[22] 0x0	(0)
		reg[23] 0x0	(0)
		reg[24] 0x0	(0)
		reg[25] 0x0	(0)
		reg[26] 0x0	(0)
		reg[27] 0x0	(0)
		reg[28] 0x0	(0)
		reg[29] 0x0	(0)
		reg[30] 0x0	(0)
		reg[31] 0x0	(0)

machine halted
total of 14 instructions executed
state after cycle 13:
	pc=56
	memory:
		mem[0] 0x8c010038	(-1946091464)
		mem[1] 0x8c22003c	(-1943928772)
		mem[2] 0x8c02003c	(-1946025924)
		mem[3] 0x8c030040	(-1945960384)
		mem[4] 0x222020	(2236448)
		mem[5] 0x8c640000	(-1939603456)
		mem[6] 0xa	(10)
		mem[7] 0x10800000	(276824064)
		mem[8] 0x832822	(8595490)
		mem[9] 0xac040018	(-1409023976)
		mem[10] 0x842024	(8658980)
		mem[11] 0x8c060024	(-1945763804)
		mem[12] 0x10c00000	(281018368)
		mem[13] 0xfc000000	(-67108864)
		mem[14] 0x8	(8)
		mem[15] 0x3	(3)
		mem[16] 0x8	(8)
		mem[17] 0x8	(8)
	registers:
		reg[0] 0x0	(0)
		reg[1] 0x8	(8)
		reg[2] 0x3	(3)
		reg[3] 0x8	(8)
		reg[4] 0xa	(10)
		reg[5] 0x2	(2)
		reg[6] 0xac040018	(-1409023976)
		reg[7] 0x0	(0)
		reg[8] 0x0	(0)
		reg[9] 0x0	(0)
		reg[10] 0x0	(0)
		reg[11] 0x0	(0)
		reg[12] 0x0	(0)
		reg[13] 0x0	(0)
		reg[14] 0x0	(0)
		reg[15] 0x0	(0)
		reg[16] 0x0	(0)
		reg[17] 0x0	(0)
		reg[18] 0x0	(0)
		reg[19] 0x0	(0)
		reg[20] 0x0	(0)
		reg[21] 0x0	(0)
		reg[22] 0x0	(0)
		reg[23] 0x0	(0)
		reg[24] 0x0	(0)
		reg[25] 0x0	(0)
		reg[26] 0x0	(0)
		reg[27] 0x0	(0)
		reg[28] 0x0	(0)
		reg[29] 0x0	(0)
		reg[30] 0x0	(0)
		reg[31] 0x0	(0)

